2025-12-28 15:52:32 [info] : server is runnning port 5050 
2025-12-28 15:52:32 [info] : Mongodb Connect Successfully
2025-12-28 17:21:12 [info] : GET /api/admin/allvendors?page=1&limit=10 401 63 - 1.401 ms
2025-12-28 17:21:12 [info] : POST /api/auth/refresh 200 253 - 5.367 ms
2025-12-28 17:21:12 [info] : GET /api/admin/allvendors?page=1&limit=10 304 - - 97.807 ms
2025-12-28 17:21:20 [info] : GET /api/admin/allusers?page=1&limit=10 304 - - 15.361 ms
2025-12-28 17:21:25 [info] : GET /api/admin/category/get-category?page=1&limit=10 304 - - 13.053 ms
2025-12-28 17:22:07 [info] : OPTIONS /api/admin/category/create-category 204 0 - 0.412 ms
2025-12-28 17:22:07 [info] : POST /api/admin/category/create-category 400 46 - 15.561 ms
2025-12-28 17:22:40 [info] : GET /api/admin/category/get-category?page=1&limit=10 304 - - 82.545 ms
2025-12-28 17:22:46 [info] : GET /api/admin/category/get-category?page=2&limit=10 304 - - 7.474 ms
2025-12-28 17:22:50 [info] : GET /api/admin/category/get-category?page=1&limit=10 304 - - 6.685 ms
2025-12-28 17:22:55 [info] : OPTIONS /api/admin/category/create-category 204 0 - 0.166 ms
2025-12-28 17:22:55 [info] : POST /api/admin/category/create-category 400 46 - 11.956 ms
2025-12-28 17:25:55 [info] : GET /api/admin/allvendors?page=1&limit=10 304 - - 13.323 ms
2025-12-28 17:25:58 [info] : GET /api/admin/category/get-category?page=1&limit=10 304 - - 6.235 ms
2025-12-28 17:27:51 [info] : GET /api/admin/category/get-category?page=1&limit=10 304 - - 74.439 ms
2025-12-28 17:28:13 [info] : GET /api/admin/category/get-category?page=1&limit=10 304 - - 7.746 ms
2025-12-28 17:28:14 [info] : GET /api/admin/allusers?page=1&limit=10 304 - - 10.025 ms
2025-12-28 17:28:16 [info] : GET /api/admin/category/get-category?page=1&limit=10 304 - - 6.663 ms
2025-12-28 17:28:24 [info] : GET /api/admin/category/get-category?page=1&limit=10 304 - - 5.935 ms
2025-12-28 17:31:18 [info] : GET /api/admin/category/get-category?page=1&limit=10 304 - - 1216.991 ms
2025-12-28 17:31:53 [info] : GET /api/admin/category/get-category?page=1&limit=10 304 - - 74.882 ms
2025-12-28 17:32:33 [info] : GET /api/admin/category/get-category?page=1&limit=10 304 - - 14.489 ms
2025-12-28 17:41:42 [info] : GET /api/admin/category/get-category?page=1&limit=10 401 63 - 4.838 ms
2025-12-28 17:41:42 [info] : POST /api/auth/refresh 200 253 - 25.099 ms
2025-12-28 17:41:42 [info] : GET /api/admin/category/get-category?page=1&limit=10 304 - - 94.864 ms
2025-12-28 17:43:01 [info] : GET /api/admin/category/get-category?page=1&limit=10 304 - - 10.915 ms
2025-12-28 17:44:23 [info] : GET /api/admin/category/get-category?page=1&limit=10 304 - - 34.780 ms
2025-12-28 17:45:38 [info] : GET /api/admin/category/get-category?page=1&limit=10 304 - - 95.450 ms
2025-12-28 17:49:35 [info] : GET /api/admin/category/get-category?page=1&limit=10 304 - - 66.987 ms
2025-12-28 17:50:04 [info] : GET /api/admin/category/get-category?page=1&limit=10 304 - - 10.396 ms
2025-12-28 17:50:05 [info] : GET /api/admin/category/get-category?page=1&limit=10 304 - - 2.027 ms
2025-12-28 17:50:09 [info] : GET /api/admin/category/get-category?page=1&limit=10 304 - - 4.243 ms
2025-12-28 17:50:13 [info] : GET /api/admin/category/get-category?page=1&limit=10 304 - - 3.525 ms
2025-12-28 17:50:40 [info] : GET /api/admin/category/get-category?page=1&limit=10 304 - - 16.422 ms
2025-12-28 17:54:36 [info] : GET /api/admin/category/get-category?page=1&limit=10 304 - - 55.386 ms
2025-12-28 18:02:19 [info] : GET /api/admin/category/get-category?page=1&limit=10 401 63 - 0.790 ms
2025-12-28 18:02:19 [info] : POST /api/auth/refresh 200 253 - 5.840 ms
2025-12-28 18:02:19 [info] : GET /api/admin/category/get-category?page=1&limit=10 304 - - 14.869 ms
2025-12-28 18:19:23 [info] : GET /api/admin/category/get-category?page=1&limit=10 401 63 - 0.800 ms
2025-12-28 18:19:23 [info] : POST /api/auth/refresh 200 253 - 2.252 ms
2025-12-28 18:19:23 [info] : GET /api/admin/category/get-category?page=1&limit=10 304 - - 36.259 ms
2025-12-28 18:42:30 [info] : GET /api/admin/category/get-category?page=1&limit=10 401 63 - 2.758 ms
2025-12-28 18:42:30 [info] : POST /api/auth/refresh 200 253 - 11.010 ms
2025-12-28 18:42:30 [info] : GET /api/admin/category/get-category?page=1&limit=10 304 - - 59.913 ms
2025-12-28 19:14:50 [info] : GET /api/admin/category/get-category?page=1&limit=10 401 63 - 5.757 ms
2025-12-28 19:14:50 [info] : POST /api/auth/refresh 200 253 - 14.608 ms
2025-12-28 19:14:50 [info] : GET /api/admin/category/get-category?page=1&limit=10 304 - - 93.679 ms
2025-12-28 19:29:23 [info] : GET /api/admin/category/get-category?page=1&limit=10 304 - - 74.176 ms
