2025-12-20 01:02:57 [info] : GET /api/admin/allvendors?page=1&limit=10 401 26 - 4.990 ms
2025-12-20 01:02:57 [info] : POST /api/auth/refresh 200 253 - 10.400 ms
2025-12-20 01:02:57 [info] : GET /api/admin/allvendors?page=1&limit=10 304 - - 114.925 ms
2025-12-20 09:50:15 [info] : GET /api/admin/allvendors?page=1&limit=10 401 26 - 8.817 ms
2025-12-20 09:50:15 [info] : POST /api/auth/refresh 200 253 - 15.399 ms
2025-12-20 09:50:15 [info] : GET /api/admin/allvendors?page=1&limit=10 304 - - 105.534 ms
2025-12-20 10:19:32 [info] : GET /api/admin/allvendors?page=1&limit=10 401 26 - 8.350 ms
2025-12-20 10:19:32 [info] : POST /api/auth/refresh 200 253 - 15.140 ms
2025-12-20 10:19:32 [info] : GET /api/admin/allvendors?page=1&limit=10 304 - - 78.144 ms
2025-12-20 10:25:50 [info] : GET /api/admin/allvendors?page=1&limit=10 304 - - 100.452 ms
2025-12-20 10:26:05 [info] : GET /api/admin/allvendors?page=1&limit=10 304 - - 16.273 ms
2025-12-20 10:32:42 [info] : GET /api/admin/allvendors?page=1&limit=10 304 - - 92.713 ms
2025-12-20 10:35:28 [info] : GET /api/admin/allvendors?page=1&limit=10 401 26 - 5.903 ms
2025-12-20 10:35:28 [info] : POST /api/auth/refresh 200 253 - 9.130 ms
2025-12-20 10:35:28 [info] : GET /api/admin/allvendors?page=1&limit=10 304 - - 78.818 ms
2025-12-20 10:39:25 [info] : GET /api/admin/allvendors?page=1&limit=10 304 - - 131.699 ms
2025-12-20 10:39:30 [info] : GET /api/admin/allvendors?page=1&limit=10 304 - - 7.699 ms
2025-12-20 10:39:31 [info] : GET /api/admin/allusers?page=1&limit=10 304 - - 33.412 ms
2025-12-20 10:39:32 [info] : GET /api/admin/allvendors?page=1&limit=10 304 - - 4.723 ms
2025-12-20 10:40:41 [info] : GET /api/admin/allvendors?page=1&limit=10 304 - - 97.330 ms
2025-12-20 10:40:45 [info] : POST /api/auth/logout 200 61 - 23.088 ms
2025-12-20 10:41:02 [info] : OPTIONS /api/auth/login 204 0 - 2.192 ms
2025-12-20 10:41:02 [info] : POST /api/auth/login 404 48 - 40.161 ms
2025-12-20 10:41:04 [info] : POST /api/auth/login 404 48 - 5.740 ms
2025-12-20 10:41:45 [info] : OPTIONS /api/auth/login 204 0 - 1.144 ms
2025-12-20 10:41:45 [info] : POST /api/auth/login 401 56 - 131.408 ms
2025-12-20 10:41:47 [info] : POST /api/auth/login 401 56 - 110.474 ms
2025-12-20 10:41:48 [info] : POST /api/auth/login 401 56 - 105.326 ms
2025-12-20 10:42:01 [info] : OPTIONS /api/auth/login 204 0 - 0.809 ms
2025-12-20 10:42:01 [info] : POST /api/auth/login 200 334 - 108.002 ms
2025-12-20 10:42:02 [info] : GET /api/vendor/vendor-data 200 497 - 44.139 ms
2025-12-20 10:42:04 [info] : GET /api/vendor/get-vendorproduct 200 26 - 27.712 ms
2025-12-20 10:42:05 [info] : GET /api/vendor/category/get-category?page=1&limit=10 304 - - 89.840 ms
2025-12-20 10:43:01 [info] : GET /api/vendor/vendor-data 401 26 - 4.624 ms
2025-12-20 10:43:01 [info] : POST /api/auth/refresh 200 323 - 9.619 ms
2025-12-20 10:43:01 [info] : GET /api/vendor/category/get-category?page=1&limit=10 401 26 - 0.083 ms
2025-12-20 10:43:01 [info] : POST /api/auth/refresh 200 323 - 0.321 ms
2025-12-20 10:43:01 [info] : GET /api/vendor/vendor-data 304 - - 75.252 ms
2025-12-20 10:43:01 [info] : GET /api/vendor/category/get-category?page=1&limit=10 304 - - 82.221 ms
2025-12-20 10:50:10 [info] : GET /api/vendor/get-vendorproduct 304 - - 168.792 ms
2025-12-20 10:50:14 [info] : POST /api/auth/logout 200 61 - 2.534 ms
