2025-12-09 00:46:53 [info] : server is runnning port 5050 
2025-12-09 00:47:23 [info] : server is runnning port 5050 
2025-12-09 00:48:25 [info] : server is runnning port 5050 
2025-12-09 00:48:28 [info] : server is runnning port 5050 
2025-12-09 00:48:28 [info] : Mongodb Connect Successfully
2025-12-09 00:48:39 [info] : server is runnning port 5050 
2025-12-09 00:48:39 [info] : Mongodb Connect Successfully
2025-12-09 00:48:48 [info] : server is runnning port 5050 
2025-12-09 00:48:48 [info] : Mongodb Connect Successfully
2025-12-09 00:50:58 [info] : server is runnning port 5050 
2025-12-09 00:50:58 [info] : Mongodb Connect Successfully
2025-12-09 00:51:03 [info] : GET /api/admin/allvendors?page=1&limit=10 304 - - 185.419 ms
2025-12-09 00:52:14 [info] : GET /api/admin/allvendors?page=1&limit=10 304 - - 320.070 ms
2025-12-09 00:52:44 [info] : GET /api/admin/allvendors?page=1&limit=10 304 - - 140.208 ms
2025-12-09 00:52:51 [info] : GET /api/admin/allvendors?page=1&limit=10 304 - - 211.321 ms
2025-12-09 00:52:59 [info] : GET /api/vendor/vendor-data 304 - - 49.393 ms
2025-12-09 00:54:34 [info] : GET /api/admin/allvendors?page=1&limit=10 304 - - 192.027 ms
2025-12-09 00:54:35 [info] : GET /api/vendor/vendor-data 304 - - 73.635 ms
2025-12-09 00:55:54 [info] : GET /api/vendor/vendor-data 304 - - 157.354 ms
2025-12-09 00:55:54 [info] : GET /api/admin/allvendors?page=1&limit=10 304 - - 155.705 ms
2025-12-09 00:56:31 [info] : GET /api/vendor/vendor-data 304 - - 129.328 ms
2025-12-09 00:56:31 [info] : GET /api/admin/allvendors?page=1&limit=10 304 - - 250.918 ms
2025-12-09 01:00:05 [info] : GET /api/vendor/vendor-data 304 - - 2145.327 ms
2025-12-09 01:00:06 [info] : GET /api/admin/allvendors?page=1&limit=10 401 26 - 5.991 ms
2025-12-09 01:00:06 [info] : POST /api/auth/refresh 200 253 - 4.506 ms
2025-12-09 01:00:06 [info] : GET /api/admin/allvendors?page=1&limit=10 304 - - 403.038 ms
2025-12-09 06:30:58 [info] : GET /api/vendor/vendor-data 401 26 - 21.538 ms
2025-12-09 06:30:58 [info] : GET /api/admin/allvendors?page=1&limit=10 401 26 - 0.357 ms
2025-12-09 06:30:58 [info] : POST /api/auth/refresh 200 325 - 46.182 ms
2025-12-09 06:30:58 [info] : POST /api/auth/refresh 200 253 - 0.666 ms
2025-12-09 06:30:59 [info] : GET /api/vendor/vendor-data 304 - - 841.965 ms
2025-12-09 06:30:59 [info] : GET /api/admin/allvendors?page=1&limit=10 304 - - 919.239 ms
2025-12-09 06:31:49 [info] : GET /api/vendor/vendor-data 304 - - 847.193 ms
2025-12-09 06:31:49 [info] : GET /api/admin/allvendors?page=1&limit=10 304 - - 896.339 ms
2025-12-09 06:32:18 [info] : GET /api/vendor/vendor-data 304 - - 91.397 ms
2025-12-09 06:32:20 [info] : GET /api/vendor/vendor-data 304 - - 6.680 ms
2025-12-09 06:32:21 [info] : GET /api/vendor/vendor-data 304 - - 7.407 ms
2025-12-09 06:33:08 [info] : GET /api/vendor/vendor-data 304 - - 126.702 ms
2025-12-09 06:33:08 [info] : GET /api/admin/allvendors?page=1&limit=10 304 - - 103.128 ms
2025-12-09 06:34:24 [info] : GET /api/vendor/vendor-data 304 - - 120.272 ms
2025-12-09 06:34:29 [info] : GET /api/vendor/vendor-data 304 - - 11.585 ms
2025-12-09 06:34:31 [info] : GET /api/vendor/vendor-data 304 - - 5.566 ms
2025-12-09 06:34:33 [info] : GET /api/vendor/vendor-data 304 - - 7.600 ms
2025-12-09 06:34:37 [info] : GET /api/vendor/vendor-data 304 - - 8.079 ms
2025-12-09 06:34:41 [info] : GET /api/vendor/vendor-data 304 - - 9.851 ms
2025-12-09 06:35:08 [info] : GET /api/vendor/vendor-data 304 - - 11.157 ms
2025-12-09 06:35:18 [info] : GET /api/vendor/vendor-data 304 - - 14.958 ms
2025-12-09 06:35:20 [info] : GET /api/vendor/vendor-data 304 - - 6.206 ms
2025-12-09 06:35:22 [info] : GET /api/vendor/vendor-data 304 - - 18.273 ms
2025-12-09 06:35:28 [info] : GET /api/vendor/vendor-data 304 - - 9.836 ms
2025-12-09 06:35:30 [info] : GET /api/vendor/vendor-data 304 - - 10.127 ms
2025-12-09 06:35:32 [info] : GET /api/vendor/vendor-data 304 - - 3.097 ms
2025-12-09 06:35:39 [info] : GET /api/vendor/vendor-data 304 - - 11.300 ms
2025-12-09 06:35:43 [info] : GET /api/vendor/vendor-data 304 - - 6.969 ms
2025-12-09 06:35:46 [info] : GET /api/vendor/vendor-data 304 - - 15.661 ms
2025-12-09 06:35:48 [info] : GET /api/vendor/vendor-data 304 - - 16.672 ms
2025-12-09 06:35:55 [info] : GET /api/vendor/vendor-data 304 - - 17.715 ms
2025-12-09 06:36:15 [info] : GET /api/vendor/vendor-data 304 - - 11.508 ms
2025-12-09 06:36:18 [info] : GET /api/vendor/vendor-data 304 - - 5.059 ms
2025-12-09 06:36:23 [info] : GET /api/vendor/vendor-data 304 - - 14.224 ms
2025-12-09 06:36:26 [info] : GET /api/vendor/vendor-data 304 - - 27.665 ms
2025-12-09 06:36:34 [info] : GET /api/vendor/vendor-data 304 - - 3.667 ms
2025-12-09 06:36:39 [info] : GET /api/vendor/vendor-data 304 - - 14.183 ms
2025-12-09 06:36:47 [info] : GET /api/vendor/vendor-data 304 - - 9.437 ms
2025-12-09 06:37:49 [info] : GET /api/vendor/vendor-data 304 - - 1210.651 ms
2025-12-09 06:37:49 [info] : GET /api/admin/allvendors?page=1&limit=10 304 - - 1222.657 ms
2025-12-09 06:38:07 [info] : GET /api/admin/allvendors?page=1&limit=10 304 - - 18.960 ms
2025-12-09 06:38:07 [info] : GET /api/vendor/vendor-data 304 - - 127.816 ms
2025-12-09 06:38:37 [info] : GET /api/admin/allvendors?page=1&limit=10 304 - - 99.659 ms
2025-12-09 06:38:37 [info] : GET /api/vendor/vendor-data 304 - - 124.063 ms
2025-12-09 06:39:36 [info] : GET /api/vendor/vendor-data 304 - - 27.095 ms
2025-12-09 06:39:36 [info] : GET /api/admin/allvendors?page=1&limit=10 304 - - 10.537 ms
2025-12-09 06:39:41 [info] : GET /api/vendor/vendor-data 304 - - 31.519 ms
2025-12-09 06:39:41 [info] : GET /api/admin/allvendors?page=1&limit=10 304 - - 25.632 ms
2025-12-09 06:40:08 [info] : GET /api/vendor/vendor-data 304 - - 125.804 ms
2025-12-09 06:40:08 [info] : GET /api/admin/allvendors?page=1&limit=10 304 - - 77.126 ms
2025-12-09 06:40:39 [info] : GET /api/vendor/vendor-data 304 - - 136.410 ms
2025-12-09 06:40:39 [info] : GET /api/admin/allvendors?page=1&limit=10 304 - - 126.774 ms
2025-12-09 06:40:46 [info] : GET /api/vendor/vendor-data 304 - - 27.295 ms
2025-12-09 06:40:46 [info] : GET /api/admin/allvendors?page=1&limit=10 304 - - 18.079 ms
2025-12-09 06:42:11 [info] : GET /api/admin/allvendors?page=1&limit=10 304 - - 1315.857 ms
2025-12-09 06:42:32 [info] : GET /api/admin/allvendors?page=1&limit=10 304 - - 291.766 ms
2025-12-09 07:00:23 [info] : GET /api/admin/allvendors?page=1&limit=10 401 26 - 22.316 ms
2025-12-09 07:00:23 [info] : POST /api/auth/refresh 200 253 - 58.130 ms
2025-12-09 07:00:24 [info] : GET /api/admin/allvendors?page=1&limit=10 304 - - 951.113 ms
2025-12-09 07:00:30 [info] : GET /api/admin/allvendors?page=1&limit=10 304 - - 1033.336 ms
2025-12-09 07:00:35 [info] : GET /api/admin/allvendors?page=1&limit=10 304 - - 145.984 ms
2025-12-09 07:04:09 [info] : GET /api/admin/allvendors?page=1&limit=10 304 - - 123.635 ms
2025-12-09 07:04:34 [info] : GET /api/admin/allvendors?page=1&limit=10 304 - - 2253.231 ms
2025-12-09 07:04:46 [info] : GET /api/admin/allvendors?page=1&limit=10 304 - - 256.109 ms
2025-12-09 07:07:57 [info] : GET /api/admin/allvendors?page=1&limit=10 304 - - 1871.616 ms
2025-12-09 07:08:23 [info] : GET /api/admin/allvendors?page=1&limit=10 304 - - 2470.287 ms
2025-12-09 07:08:29 [info] : GET /api/admin/allvendors?page=1&limit=10 304 - - 129.602 ms
2025-12-09 07:10:26 [info] : GET /api/admin/allvendors?page=1&limit=10 304 - - 310.063 ms
2025-12-09 07:12:55 [info] : GET /api/admin/allvendors?page=1&limit=10 304 - - 674.019 ms
2025-12-09 07:14:09 [info] : GET /api/admin/allvendors?page=1&limit=10 304 - - 239.771 ms
2025-12-09 07:14:54 [info] : GET /api/admin/allvendors?page=1&limit=10 304 - - 856.567 ms
2025-12-09 07:15:24 [info] : GET /api/admin/allvendors?page=1&limit=10 304 - - 433.195 ms
2025-12-09 07:15:33 [info] : GET /api/admin/allvendors?page=1&limit=10 401 26 - 30.701 ms
2025-12-09 07:15:33 [info] : POST /api/auth/refresh 200 253 - 51.090 ms
2025-12-09 07:15:35 [info] : GET /api/admin/allvendors?page=1&limit=10 304 - - 1899.299 ms
2025-12-09 07:16:16 [info] : GET /api/admin/allvendors?page=1&limit=10 304 - - 803.651 ms
2025-12-09 07:16:37 [info] : GET /api/admin/allvendors?page=1&limit=10 304 - - 1883.185 ms
2025-12-09 07:16:43 [info] : GET /api/admin/allvendors?page=1&limit=10 304 - - 190.050 ms
2025-12-09 07:17:08 [info] : GET /api/admin/allvendors?page=1&limit=10 304 - - 56.654 ms
2025-12-09 07:33:47 [info] : GET /api/vendor/vendor-data 401 26 - 20.136 ms
2025-12-09 07:33:47 [info] : POST /api/auth/refresh 200 325 - 18.324 ms
2025-12-09 07:33:48 [info] : GET /api/vendor/vendor-data 304 - - 664.891 ms
2025-12-09 07:34:19 [info] : GET /api/vendor/vendor-data 304 - - 992.765 ms
2025-12-09 07:35:36 [info] : GET /api/vendor/vendor-data 304 - - 77.014 ms
2025-12-09 07:35:42 [info] : GET /api/vendor/vendor-data 304 - - 3.759 ms
2025-12-09 07:36:10 [info] : GET /api/vendor/vendor-data 304 - - 169.000 ms
2025-12-09 07:36:18 [info] : GET /api/vendor/vendor-data 304 - - 2.492 ms
2025-12-09 07:36:49 [info] : GET /api/vendor/vendor-data 304 - - 60.526 ms
2025-12-09 07:37:08 [info] : GET /api/vendor/vendor-data 304 - - 3.161 ms
2025-12-09 07:39:22 [info] : GET /api/vendor/vendor-data 304 - - 114.816 ms
2025-12-09 07:39:31 [info] : GET /api/vendor/vendor-data 304 - - 18.914 ms
2025-12-09 07:40:14 [info] : GET /api/vendor/vendor-data 304 - - 58.545 ms
2025-12-09 07:40:35 [info] : GET /api/vendor/vendor-data 304 - - 572.321 ms
2025-12-09 07:42:18 [info] : GET /api/vendor/vendor-data 304 - - 237.346 ms
2025-12-09 07:42:24 [info] : GET /api/vendor/vendor-data 304 - - 9.697 ms
2025-12-09 07:43:11 [info] : GET /api/vendor/vendor-data 304 - - 85.230 ms
2025-12-09 07:46:40 [info] : GET /api/admin/allvendors?page=1&limit=10 401 26 - 3.296 ms
2025-12-09 07:46:40 [info] : POST /api/auth/refresh 200 253 - 11.285 ms
2025-12-09 07:46:40 [info] : GET /api/admin/allvendors?page=1&limit=10 304 - - 108.748 ms
2025-12-09 07:46:53 [info] : GET /api/vendor/vendor-data - - - - ms
2025-12-09 07:46:53 [info] : GET /api/vendor/vendor-data 200 441 - 23.544 ms
2025-12-09 07:48:26 [info] : GET /api/admin/allvendors?page=1&limit=10 304 - - 258.410 ms
2025-12-09 07:48:35 [info] : GET /api/admin/allvendors?page=1&limit=10 304 - - 955.765 ms
2025-12-09 07:48:38 [info] : GET /api/admin/allvendors?page=1&limit=10 304 - - 20.437 ms
2025-12-09 07:48:43 [info] : GET /api/admin/allvendors?page=1&limit=10 304 - - 65.167 ms
2025-12-09 07:48:49 [info] : GET /api/admin/allvendors?page=1&limit=10 304 - - 50.525 ms
2025-12-09 07:49:00 [info] : GET /api/admin/allvendors?page=1&limit=10 304 - - 34.823 ms
2025-12-09 07:49:01 [info] : GET /api/admin/allvendors?page=1&limit=10 304 - - 5.805 ms
2025-12-09 07:49:08 [info] : GET /api/admin/allvendors?page=1&limit=10 304 - - 31.115 ms
2025-12-09 07:49:28 [info] : GET /api/admin/allvendors?page=1&limit=10 304 - - 120.460 ms
2025-12-09 07:49:32 [info] : GET /api/admin/allvendors?page=1&limit=10 304 - - 7.384 ms
2025-12-09 07:49:37 [info] : GET /api/admin/allvendors?page=1&limit=10 304 - - 278.826 ms
2025-12-09 07:49:43 [info] : GET /api/vendor/vendor-data 401 26 - 1.382 ms
2025-12-09 07:49:44 [info] : POST /api/auth/refresh 200 325 - 3.428 ms
2025-12-09 07:49:44 [info] : GET /api/vendor/vendor-data - - - - ms
2025-12-09 07:49:44 [info] : GET /api/vendor/vendor-data 200 441 - 3.269 ms
2025-12-09 07:50:45 [info] : GET /api/admin/allvendors?page=1&limit=10 304 - - 665.234 ms
2025-12-09 07:51:37 [info] : GET /api/admin/allvendors?page=1&limit=10 304 - - 758.522 ms
2025-12-09 07:51:57 [info] : GET /api/admin/allvendors?page=1&limit=10 304 - - 335.696 ms
2025-12-09 07:52:20 [info] : GET /api/admin/allvendors?page=1&limit=10 304 - - 15.234 ms
2025-12-09 07:52:58 [info] : GET /api/admin/allvendors?page=1&limit=10 304 - - 996.809 ms
2025-12-09 07:52:58 [info] : GET /api/vendor/vendor-data 304 - - 83.187 ms
2025-12-09 07:53:31 [info] : GET /api/admin/allvendors?page=1&limit=10 304 - - 275.365 ms
2025-12-09 07:54:03 [info] : GET /api/vendor/vendor-data 304 - - 79.052 ms
2025-12-09 07:55:49 [info] : GET /api/admin/allvendors?page=1&limit=10 304 - - 1655.572 ms
2025-12-09 07:56:00 [info] : GET /api/admin/allvendors?page=1&limit=10 304 - - 207.052 ms
2025-12-09 07:56:34 [info] : GET /api/admin/allvendors?page=1&limit=10 304 - - 1805.910 ms
2025-12-09 08:00:51 [info] : GET /api/admin/allvendors?page=1&limit=10 304 - - 1233.307 ms
2025-12-09 08:00:56 [info] : GET /api/vendor/vendor-data 304 - - 85.672 ms
2025-12-09 08:02:28 [info] : GET /api/admin/allvendors?page=1&limit=10 401 26 - 58.373 ms
2025-12-09 08:02:28 [info] : POST /api/auth/refresh 200 253 - 50.196 ms
2025-12-09 08:02:28 [info] : GET /api/admin/allvendors?page=1&limit=10 304 - - 253.118 ms
2025-12-09 08:02:38 [info] : GET /api/admin/allvendors?page=1&limit=10 304 - - 257.318 ms
2025-12-09 08:02:57 [info] : GET /api/admin/allvendors?page=1&limit=10 304 - - 90.513 ms
2025-12-09 08:03:13 [info] : GET /api/admin/allvendors?page=1&limit=10 304 - - 32.431 ms
2025-12-09 08:03:19 [info] : GET /api/admin/allvendors?page=1&limit=10 304 - - 83.824 ms
2025-12-09 08:03:22 [info] : GET /api/admin/allvendors?page=1&limit=10 304 - - 28.257 ms
2025-12-09 08:03:26 [info] : GET /api/admin/allvendors?page=1&limit=10 304 - - 64.318 ms
2025-12-09 08:03:44 [info] : GET /api/admin/allvendors?page=1&limit=10 304 - - 419.945 ms
2025-12-09 08:04:50 [info] : GET /api/admin/allvendors?page=1&limit=10 304 - - 1090.659 ms
2025-12-09 08:05:14 [info] : GET /api/admin/allvendors?page=1&limit=10 304 - - 761.478 ms
2025-12-09 08:07:16 [info] : GET /api/admin/allvendors?page=1&limit=10 304 - - 829.909 ms
2025-12-09 08:07:33 [info] : GET /api/admin/allvendors?page=1&limit=10 304 - - 18.319 ms
2025-12-09 08:07:35 [info] : GET /api/vendor/vendor-data 401 26 - 1.513 ms
2025-12-09 08:07:35 [info] : POST /api/auth/refresh 200 325 - 18.951 ms
2025-12-09 08:07:35 [info] : GET /api/vendor/vendor-data 304 - - 19.887 ms
2025-12-09 08:59:26 [info] : GET /api/admin/allvendors?page=1&limit=10 401 26 - 15.472 ms
2025-12-09 08:59:26 [info] : POST /api/auth/refresh 200 253 - 46.773 ms
2025-12-09 08:59:26 [info] : GET /api/vendor/vendor-data 401 26 - 0.233 ms
2025-12-09 08:59:26 [info] : POST /api/auth/refresh 200 325 - 0.372 ms
2025-12-09 08:59:30 [info] : GET /api/vendor/vendor-data 304 - - 3763.680 ms
2025-12-09 08:59:32 [info] : GET /api/admin/allvendors?page=1&limit=10 304 - - 5880.036 ms
2025-12-09 09:00:00 [info] : GET /api/vendor/vendor-data 304 - - 219.851 ms
2025-12-09 09:00:01 [info] : GET /api/admin/allvendors?page=1&limit=10 304 - - 193.185 ms
2025-12-09 09:00:38 [info] : GET /api/vendor/vendor-data 304 - - 441.739 ms
2025-12-09 09:00:38 [info] : GET /api/admin/allvendors?page=1&limit=10 304 - - 403.916 ms
2025-12-09 09:01:07 [info] : GET /api/vendor/vendor-data 304 - - 844.436 ms
2025-12-09 09:01:07 [info] : GET /api/admin/allvendors?page=1&limit=10 304 - - 1213.655 ms
2025-12-09 09:01:22 [info] : GET /api/admin/allvendors?page=1&limit=10 304 - - 13.048 ms
2025-12-09 09:01:22 [info] : GET /api/vendor/vendor-data 304 - - 61.142 ms
2025-12-09 09:02:43 [info] : GET /api/vendor/vendor-data 304 - - 841.821 ms
2025-12-09 09:02:43 [info] : GET /api/admin/allvendors?page=1&limit=10 304 - - 824.009 ms
2025-12-09 09:03:00 [info] : GET /api/admin/allvendors?page=1&limit=10 304 - - 35.886 ms
2025-12-09 09:03:00 [info] : GET /api/vendor/vendor-data 304 - - 68.474 ms
2025-12-09 09:04:09 [info] : GET /api/vendor/vendor-data 304 - - 153.540 ms
2025-12-09 09:04:09 [info] : GET /api/admin/allvendors?page=1&limit=10 304 - - 182.276 ms
2025-12-09 09:04:29 [info] : GET /api/vendor/vendor-data 304 - - 964.012 ms
2025-12-09 09:04:30 [info] : GET /api/admin/allvendors?page=1&limit=10 304 - - 1473.448 ms
2025-12-09 09:05:37 [info] : GET /api/vendor/vendor-data 304 - - 1098.177 ms
2025-12-09 09:05:37 [info] : GET /api/admin/allvendors?page=1&limit=10 304 - - 999.003 ms
2025-12-09 09:05:41 [info] : GET /api/vendor/vendor-data 304 - - 27.271 ms
2025-12-09 09:05:41 [info] : GET /api/admin/allvendors?page=1&limit=10 304 - - 32.374 ms
2025-12-09 09:06:00 [info] : GET /api/vendor/vendor-data 304 - - 18.577 ms
2025-12-09 09:06:00 [info] : GET /api/admin/allvendors?page=1&limit=10 304 - - 41.911 ms
2025-12-09 09:06:16 [info] : GET /api/vendor/vendor-data 304 - - 31.983 ms
2025-12-09 09:06:16 [info] : GET /api/admin/allvendors?page=1&limit=10 304 - - 14.234 ms
2025-12-09 09:06:27 [info] : GET /api/vendor/vendor-data 304 - - 21.060 ms
2025-12-09 09:06:27 [info] : GET /api/admin/allvendors?page=1&limit=10 304 - - 13.308 ms
2025-12-09 09:09:29 [info] : GET /api/admin/allvendors?page=1&limit=10 304 - - 1139.995 ms
2025-12-09 09:09:48 [info] : GET /api/admin/allvendors?page=1&limit=10 304 - - 1084.803 ms
2025-12-09 09:10:13 [info] : GET /api/admin/allvendors?page=1&limit=10 304 - - 1103.519 ms
2025-12-09 09:11:09 [info] : GET /api/admin/allvendors?page=1&limit=10 304 - - 486.543 ms
2025-12-09 09:11:37 [info] : GET /api/admin/allvendors?page=1&limit=10 304 - - 243.325 ms
2025-12-09 09:12:11 [info] : GET /api/admin/allvendors?page=1&limit=10 304 - - 178.318 ms
2025-12-09 09:13:14 [info] : GET /api/admin/allvendors?page=1&limit=10 304 - - 289.869 ms
2025-12-09 09:13:40 [info] : GET /api/admin/allvendors?page=1&limit=10 304 - - 840.595 ms
2025-12-09 09:15:17 [info] : GET /api/admin/allvendors?page=1&limit=10 401 26 - 5.451 ms
2025-12-09 09:15:17 [info] : POST /api/auth/refresh 200 253 - 18.042 ms
2025-12-09 09:15:18 [info] : GET /api/admin/allvendors?page=1&limit=10 304 - - 250.636 ms
2025-12-09 09:15:29 [info] : GET /api/admin/allvendors?page=1&limit=10 304 - - 531.545 ms
2025-12-09 09:16:00 [info] : GET /api/admin/allvendors?page=1&limit=10 304 - - 315.755 ms
2025-12-09 09:16:07 [info] : GET /api/admin/allvendors?page=1&limit=10 304 - - 66.145 ms
2025-12-09 09:16:22 [info] : GET /api/admin/allvendors?page=1&limit=10 304 - - 452.324 ms
2025-12-09 09:16:45 [info] : GET /api/admin/allvendors?page=1&limit=10 304 - - 1294.802 ms
2025-12-09 09:19:34 [info] : GET /api/admin/allvendors?page=1&limit=10 304 - - 901.310 ms
2025-12-09 09:21:13 [info] : GET /api/admin/allvendors?page=1&limit=10 304 - - 3244.191 ms
2025-12-09 09:23:26 [info] : GET /api/admin/allvendors?page=1&limit=10 304 - - 300.315 ms
2025-12-09 09:24:15 [info] : GET /api/admin/allvendors?page=1&limit=10 304 - - 617.832 ms
2025-12-09 09:25:11 [info] : GET /api/admin/allvendors?page=1&limit=10 304 - - 343.630 ms
2025-12-09 09:25:38 [info] : GET /api/admin/allvendors?page=1&limit=10 304 - - 1193.695 ms
2025-12-09 09:31:55 [info] : GET /api/admin/allvendors?page=1&limit=10 401 26 - 13.320 ms
2025-12-09 09:31:55 [info] : POST /api/auth/refresh 200 253 - 31.390 ms
2025-12-09 09:31:57 [info] : GET /api/admin/allvendors?page=1&limit=10 304 - - 2256.689 ms
2025-12-09 09:32:16 [info] : GET /api/admin/allvendors?page=1&limit=10 304 - - 225.617 ms
2025-12-09 09:32:39 [info] : GET /api/admin/allvendors?page=1&limit=10 304 - - 646.400 ms
2025-12-09 09:34:24 [info] : GET /api/admin/allvendors?page=1&limit=10 304 - - 346.828 ms
2025-12-09 09:37:27 [info] : GET /api/admin/allvendors?page=1&limit=10 304 - - 329.263 ms
2025-12-09 09:37:40 [info] : GET /api/admin/allvendors?page=1&limit=10 304 - - 238.858 ms
2025-12-09 09:39:14 [info] : GET /api/admin/allvendors?page=1&limit=10 304 - - 192.271 ms
2025-12-09 09:39:17 [info] : GET /api/admin/allvendors?page=1&limit=10 304 - - 32.361 ms
2025-12-09 09:39:23 [info] : GET /api/admin/allvendors?page=1&limit=10 304 - - 15.107 ms
2025-12-09 09:39:45 [info] : GET /api/admin/allvendors?page=1&limit=10 304 - - 153.110 ms
2025-12-09 09:39:55 [info] : GET /api/admin/allvendors?page=1&limit=10 304 - - 56.060 ms
2025-12-09 09:40:05 [info] : GET /api/admin/allvendors?page=1&limit=10 304 - - 110.371 ms
2025-12-09 09:40:11 [info] : GET /api/admin/allvendors?page=1&limit=10 304 - - 13.408 ms
2025-12-09 09:40:14 [info] : GET /api/admin/allvendors?page=1&limit=10 304 - - 11.120 ms
2025-12-09 09:40:20 [info] : GET /api/admin/allvendors?page=1&limit=10 304 - - 22.277 ms
2025-12-09 09:40:42 [info] : GET /api/admin/allvendors?page=1&limit=10 304 - - 146.695 ms
2025-12-09 09:40:45 [info] : GET /api/admin/allvendors?page=1&limit=10 304 - - 19.581 ms
2025-12-09 09:40:49 [info] : GET /api/admin/allvendors?page=1&limit=10 304 - - 13.299 ms
2025-12-09 09:40:55 [info] : GET /api/admin/allvendors?page=1&limit=10 304 - - 56.019 ms
2025-12-09 09:41:00 [info] : GET /api/admin/allvendors?page=1&limit=10 304 - - 45.248 ms
2025-12-09 09:41:51 [info] : GET /api/admin/allvendors?page=1&limit=10 304 - - 65.762 ms
2025-12-09 09:41:55 [info] : GET /api/admin/allvendors?page=1&limit=10 304 - - 30.546 ms
2025-12-09 09:41:56 [info] : GET /api/vendor/vendor-data 401 26 - 1.938 ms
2025-12-09 09:41:56 [info] : POST /api/auth/refresh 200 325 - 3.646 ms
2025-12-09 09:41:56 [info] : GET /api/vendor/vendor-data 304 - - 144.577 ms
2025-12-09 09:42:47 [info] : server is runnning port 5050 
2025-12-09 09:42:47 [info] : Mongodb Connect Successfully
2025-12-09 09:42:57 [info] : server is runnning port 5050 
2025-12-09 09:42:57 [info] : Mongodb Connect Successfully
2025-12-09 09:43:02 [info] : server is runnning port 5050 
2025-12-09 09:43:02 [info] : Mongodb Connect Successfully
2025-12-09 09:43:04 [info] : server is runnning port 5050 
2025-12-09 09:43:04 [info] : Mongodb Connect Successfully
2025-12-09 09:43:09 [info] : server is runnning port 5050 
2025-12-09 09:43:09 [info] : Mongodb Connect Successfully
2025-12-09 09:43:20 [info] : server is runnning port 5050 
2025-12-09 09:43:20 [info] : Mongodb Connect Successfully
2025-12-09 09:43:33 [info] : server is runnning port 5050 
2025-12-09 09:43:33 [info] : Mongodb Connect Successfully
2025-12-09 09:43:37 [info] : server is runnning port 5050 
2025-12-09 09:43:37 [info] : Mongodb Connect Successfully
2025-12-09 09:45:27 [info] : GET /api/vendor/vendor-data 304 - - 192.867 ms
2025-12-09 09:45:28 [info] : GET /api/admin/allvendors?page=1&limit=10 304 - - 563.023 ms
2025-12-09 09:45:30 [info] : GET /api/vendor/vendor-data 304 - - 64.596 ms
2025-12-09 09:45:30 [info] : GET /api/admin/allvendors?page=1&limit=10 304 - - 50.432 ms
2025-12-09 09:45:41 [info] : GET /api/vendor/vendor-data 304 - - 256.397 ms
2025-12-09 09:45:41 [info] : GET /api/admin/allvendors?page=1&limit=10 304 - - 603.095 ms
2025-12-09 09:50:40 [info] : GET /api/admin/allvendors?page=1&limit=10 401 26 - 18.031 ms
2025-12-09 09:50:40 [info] : POST /api/auth/refresh 200 253 - 13.525 ms
2025-12-09 09:50:40 [info] : GET /api/admin/allvendors?page=1&limit=10 304 - - 104.557 ms
2025-12-09 09:50:53 [info] : GET /api/admin/allvendors?page=1&limit=10 304 - - 39.918 ms
2025-12-09 09:50:54 [info] : GET /api/vendor/vendor-data 304 - - 93.480 ms
2025-12-09 09:51:11 [info] : GET /api/admin/allvendors?page=1&limit=10 304 - - 11.298 ms
2025-12-09 09:51:11 [info] : GET /api/vendor/vendor-data 304 - - 10.568 ms
2025-12-09 09:51:58 [info] : GET /api/vendor/vendor-data 304 - - 3143.462 ms
2025-12-09 09:51:58 [info] : GET /api/admin/allvendors?page=1&limit=10 304 - - 3033.206 ms
2025-12-09 09:52:54 [info] : GET /api/vendor/vendor-data 304 - - 594.590 ms
2025-12-09 09:52:55 [info] : GET /api/admin/allvendors?page=1&limit=10 304 - - 636.634 ms
2025-12-09 09:52:58 [info] : GET /api/admin/allvendors?page=1&limit=10 304 - - 47.294 ms
2025-12-09 09:52:58 [info] : GET /api/vendor/vendor-data 304 - - 112.844 ms
2025-12-09 09:53:02 [info] : GET /api/vendor/vendor-data 304 - - 31.248 ms
2025-12-09 09:53:02 [info] : GET /api/admin/allvendors?page=1&limit=10 304 - - 66.020 ms
2025-12-09 09:53:10 [info] : GET /api/admin/allvendors?page=1&limit=10 304 - - 99.816 ms
2025-12-09 09:53:10 [info] : GET /api/vendor/vendor-data 304 - - 164.079 ms
2025-12-09 09:54:02 [info] : GET /api/vendor/vendor-data 304 - - 274.380 ms
2025-12-09 09:54:02 [info] : GET /api/admin/allvendors?page=1&limit=10 304 - - 437.595 ms
2025-12-09 09:55:28 [info] : GET /api/vendor/vendor-data 304 - - 150.300 ms
2025-12-09 09:55:28 [info] : GET /api/admin/allvendors?page=1&limit=10 304 - - 270.703 ms
2025-12-09 09:56:08 [info] : GET /api/vendor/vendor-data 304 - - 221.151 ms
2025-12-09 09:56:08 [info] : GET /api/admin/allvendors?page=1&limit=10 304 - - 499.401 ms
2025-12-09 09:56:17 [info] : GET /api/vendor/vendor-data 304 - - 156.369 ms
2025-12-09 09:56:17 [info] : GET /api/admin/allvendors?page=1&limit=10 304 - - 269.556 ms
2025-12-09 10:00:17 [info] : GET /api/vendor/vendor-data 401 26 - 36.504 ms
2025-12-09 10:00:17 [info] : POST /api/auth/refresh 200 325 - 115.028 ms
2025-12-09 10:00:20 [info] : GET /api/vendor/vendor-data 304 - - 2428.884 ms
2025-12-09 10:00:20 [info] : GET /api/admin/allvendors?page=1&limit=10 304 - - 2943.963 ms
2025-12-09 10:03:30 [info] : GET /api/admin/allvendors?page=1&limit=10 304 - - 793.339 ms
2025-12-09 10:07:58 [info] : GET /api/admin/allvendors?page=1&limit=10 401 26 - 20.351 ms
2025-12-09 10:07:58 [info] : POST /api/auth/refresh 200 253 - 53.663 ms
2025-12-09 10:07:58 [info] : GET /api/admin/allvendors?page=1&limit=10 304 - - 226.985 ms
2025-12-09 10:08:03 [info] : GET /api/vendor/vendor-data 304 - - 77.368 ms
2025-12-09 10:11:07 [info] : GET /api/vendor/vendor-data 304 - - 815.480 ms
2025-12-09 10:11:07 [info] : GET /api/admin/allvendors?page=1&limit=10 304 - - 665.418 ms
2025-12-09 10:11:27 [info] : GET /api/vendor/vendor-data 304 - - 337.084 ms
2025-12-09 10:11:27 [info] : GET /api/admin/allvendors?page=1&limit=10 304 - - 780.382 ms
2025-12-09 10:12:21 [info] : GET /api/vendor/vendor-data 304 - - 321.457 ms
2025-12-09 10:12:21 [info] : GET /api/admin/allvendors?page=1&limit=10 304 - - 892.238 ms
2025-12-09 10:14:00 [info] : server is runnning port 5050 
2025-12-09 10:14:00 [info] : Mongodb Connect Successfully
2025-12-09 10:14:01 [info] : server is runnning port 5050 
2025-12-09 10:14:01 [info] : Mongodb Connect Successfully
2025-12-09 10:14:03 [info] : server is runnning port 5050 
2025-12-09 10:14:03 [info] : Mongodb Connect Successfully
2025-12-09 10:15:48 [info] : GET /api/vendor/vendor-data 401 26 - 4.701 ms
2025-12-09 10:15:48 [info] : POST /api/auth/refresh 200 325 - 2.033 ms
2025-12-09 10:15:50 [info] : GET /api/vendor/vendor-data 304 - - 2027.630 ms
2025-12-09 10:15:50 [info] : GET /api/admin/allvendors?page=1&limit=10 304 - - 2356.321 ms
2025-12-09 10:16:11 [info] : GET /api/vendor/vendor-data 304 - - 169.911 ms
2025-12-09 10:16:11 [info] : GET /api/admin/allvendors?page=1&limit=10 304 - - 221.094 ms
2025-12-09 10:16:18 [info] : GET /api/admin/allvendors?page=1&limit=10 304 - - 36.833 ms
2025-12-09 10:16:18 [info] : GET /api/vendor/vendor-data 304 - - 6.781 ms
2025-12-09 10:16:51 [info] : GET /api/vendor/vendor-data 304 - - 192.105 ms
2025-12-09 10:16:51 [info] : GET /api/admin/allvendors?page=1&limit=10 304 - - 249.411 ms
2025-12-09 10:24:26 [info] : GET /api/admin/allvendors?page=1&limit=10 401 26 - 8.429 ms
2025-12-09 10:24:26 [info] : POST /api/auth/refresh 200 253 - 14.713 ms
2025-12-09 10:24:27 [info] : GET /api/vendor/vendor-data 304 - - 1526.071 ms
2025-12-09 10:24:28 [info] : GET /api/admin/allvendors?page=1&limit=10 304 - - 1972.297 ms
2025-12-09 10:24:43 [info] : GET /api/vendor/vendor-data 304 - - 700.520 ms
2025-12-09 10:24:43 [info] : GET /api/admin/allvendors?page=1&limit=10 304 - - 693.686 ms
2025-12-09 10:26:24 [info] : GET /api/vendor/vendor-data 304 - - 601.626 ms
2025-12-09 10:26:25 [info] : GET /api/admin/allvendors?page=1&limit=10 304 - - 1165.033 ms
2025-12-09 10:26:52 [info] : GET /api/vendor/vendor-data 304 - - 302.338 ms
2025-12-09 10:26:52 [info] : GET /api/admin/allvendors?page=1&limit=10 304 - - 556.124 ms
2025-12-09 10:27:12 [info] : GET /api/admin/allvendors?page=1&limit=10 304 - - 77.678 ms
2025-12-09 10:27:12 [info] : GET /api/vendor/vendor-data 304 - - 47.794 ms
2025-12-09 10:28:51 [info] : GET /api/vendor/vendor-data 304 - - 168.392 ms
2025-12-09 10:28:51 [info] : GET /api/admin/allvendors?page=1&limit=10 304 - - 313.444 ms
2025-12-09 10:28:59 [info] : GET /api/admin/allvendors?page=1&limit=10 304 - - 39.234 ms
2025-12-09 10:28:59 [info] : GET /api/vendor/vendor-data 304 - - 23.242 ms
2025-12-09 10:30:18 [info] : GET /api/vendor/vendor-data 304 - - 741.129 ms
2025-12-09 10:30:18 [info] : GET /api/admin/allvendors?page=1&limit=10 304 - - 828.358 ms
2025-12-09 10:33:03 [info] : GET /api/admin/allvendors?page=1&limit=10 304 - - 548.256 ms
2025-12-09 10:34:13 [info] : GET /api/admin/allvendors?page=1&limit=10 304 - - 296.615 ms
2025-12-09 10:34:29 [info] : GET /api/vendor/vendor-data 401 26 - 0.732 ms
2025-12-09 10:34:29 [info] : POST /api/auth/refresh 200 325 - 7.066 ms
2025-12-09 10:34:30 [info] : GET /api/vendor/vendor-data 304 - - 121.249 ms
2025-12-09 10:34:39 [info] : GET /api/vendor/vendor-data 304 - - 188.686 ms
2025-12-09 10:34:39 [info] : GET /api/admin/allvendors?page=1&limit=10 304 - - 282.228 ms
2025-12-09 10:34:52 [info] : GET /api/vendor/vendor-data 304 - - 223.619 ms
2025-12-09 10:34:52 [info] : GET /api/admin/allvendors?page=1&limit=10 304 - - 351.964 ms
2025-12-09 10:36:47 [info] : GET /api/vendor/vendor-data 304 - - 452.476 ms
2025-12-09 10:36:47 [info] : GET /api/admin/allvendors?page=1&limit=10 304 - - 649.344 ms
2025-12-09 10:38:30 [info] : GET /api/vendor/vendor-data 304 - - 267.347 ms
2025-12-09 10:38:31 [info] : GET /api/admin/allvendors?page=1&limit=10 304 - - 766.891 ms
2025-12-09 10:39:00 [info] : GET /api/vendor/vendor-data 304 - - 214.827 ms
2025-12-09 10:39:00 [info] : GET /api/admin/allvendors?page=1&limit=10 304 - - 379.638 ms
2025-12-09 10:39:28 [info] : GET /api/admin/allvendors?page=1&limit=10 401 26 - 14.283 ms
2025-12-09 10:39:28 [info] : POST /api/auth/refresh 200 253 - 4.015 ms
2025-12-09 10:39:28 [info] : GET /api/vendor/vendor-data 304 - - 235.840 ms
2025-12-09 10:39:29 [info] : GET /api/admin/allvendors?page=1&limit=10 304 - - 646.509 ms
2025-12-09 10:39:36 [info] : GET /api/vendor/vendor-data 304 - - 204.164 ms
2025-12-09 10:39:36 [info] : GET /api/admin/allvendors?page=1&limit=10 304 - - 135.297 ms
2025-12-09 10:40:36 [info] : GET /api/vendor/vendor-data 304 - - 486.900 ms
2025-12-09 10:40:38 [info] : GET /api/admin/allvendors?page=1&limit=10 304 - - 2129.214 ms
2025-12-09 10:44:26 [info] : GET /api/vendor/vendor-data 304 - - 2535.355 ms
2025-12-09 10:44:26 [info] : GET /api/admin/allvendors?page=1&limit=10 304 - - 3052.866 ms
2025-12-09 10:45:18 [info] : GET /api/admin/allvendors?page=1&limit=10 304 - - 5321.050 ms
2025-12-09 10:46:32 [info] : GET /api/admin/allvendors?page=1&limit=10 304 - - 999.539 ms
2025-12-09 10:46:36 [info] : GET /api/admin/allvendors?page=1&limit=10 304 - - 14.292 ms
2025-12-09 10:47:03 [info] : GET /api/vendor/vendor-data 304 - - 73.066 ms
2025-12-09 10:48:07 [info] : GET /api/vendor/vendor-data 304 - - 2131.406 ms
2025-12-09 10:48:07 [info] : GET /api/admin/allvendors?page=1&limit=10 304 - - 2051.400 ms
2025-12-09 10:48:26 [info] : GET /api/vendor/vendor-data 304 - - 1914.043 ms
2025-12-09 10:48:26 [info] : GET /api/admin/allvendors?page=1&limit=10 304 - - 1719.156 ms
2025-12-09 10:48:50 [info] : GET /api/admin/allvendors?page=1&limit=10 304 - - 2455.596 ms
2025-12-09 10:49:18 [info] : GET /api/admin/allvendors?page=1&limit=10 304 - - 492.752 ms
2025-12-09 10:49:20 [info] : GET /api/vendor/vendor-data 304 - - 65.048 ms
2025-12-09 10:49:22 [info] : GET /api/vendor/vendor-data 304 - - 13.326 ms
2025-12-09 10:51:39 [info] : GET /api/vendor/vendor-data 401 26 - 6.536 ms
2025-12-09 10:51:39 [info] : POST /api/auth/refresh 200 325 - 28.229 ms
2025-12-09 10:51:40 [info] : GET /api/vendor/vendor-data 304 - - 1327.571 ms
2025-12-09 10:51:40 [info] : GET /api/admin/allvendors?page=1&limit=10 304 - - 1250.498 ms
2025-12-09 10:52:00 [info] : GET /api/vendor/vendor-data 304 - - 1026.461 ms
2025-12-09 10:52:00 [info] : GET /api/admin/allvendors?page=1&limit=10 304 - - 1270.665 ms
2025-12-09 10:52:05 [info] : GET /api/vendor/vendor-data 304 - - 40.637 ms
2025-12-09 10:52:05 [info] : GET /api/admin/allvendors?page=1&limit=10 304 - - 58.049 ms
2025-12-09 10:52:26 [info] : GET /api/admin/allvendors?page=1&limit=10 304 - - 112.036 ms
2025-12-09 10:52:52 [info] : GET /api/admin/allvendors?page=1&limit=10 304 - - 1472.961 ms
2025-12-09 10:53:11 [info] : GET /api/admin/allvendors?page=1&limit=10 304 - - 114.829 ms
2025-12-09 10:53:24 [info] : GET /api/admin/allvendors?page=1&limit=10 304 - - 195.026 ms
2025-12-09 10:54:22 [info] : GET /api/admin/allvendors?page=1&limit=10 304 - - 328.754 ms
2025-12-09 10:54:33 [info] : GET /api/admin/allvendors?page=1&limit=10 401 26 - 2.314 ms
2025-12-09 10:54:33 [info] : POST /api/auth/refresh 200 253 - 19.640 ms
2025-12-09 10:54:33 [info] : GET /api/admin/allvendors?page=1&limit=10 304 - - 30.788 ms
2025-12-09 10:54:57 [info] : GET /api/admin/allvendors?page=1&limit=10 304 - - 102.317 ms
2025-12-09 10:55:10 [info] : GET /api/admin/allvendors?page=1&limit=10 304 - - 52.673 ms
2025-12-09 10:55:20 [info] : GET /api/admin/allvendors?page=1&limit=10 304 - - 42.665 ms
2025-12-09 10:55:26 [info] : GET /api/admin/allvendors?page=1&limit=10 304 - - 1361.391 ms
2025-12-09 10:55:29 [info] : GET /api/admin/allvendors?page=1&limit=10 304 - - 103.068 ms
2025-12-09 10:55:38 [info] : GET /api/admin/allvendors?page=1&limit=10 304 - - 83.720 ms
2025-12-09 10:55:44 [info] : GET /api/admin/allvendors?page=1&limit=10 304 - - 59.528 ms
2025-12-09 10:55:48 [info] : GET /api/admin/allvendors?page=1&limit=10 304 - - 73.971 ms
2025-12-09 10:57:20 [info] : GET /api/admin/allvendors?page=1&limit=10 304 - - 76.198 ms
2025-12-09 10:57:38 [info] : GET /api/vendor/vendor-data 304 - - 39.550 ms
2025-12-09 10:58:18 [info] : GET /api/vendor/vendor-data 304 - - 245.111 ms
2025-12-09 10:58:19 [info] : GET /api/admin/allvendors?page=1&limit=10 304 - - 208.822 ms
2025-12-09 10:58:31 [info] : GET /api/admin/allvendors?page=1&limit=10 304 - - 176.501 ms
2025-12-09 10:58:38 [info] : GET /api/admin/allvendors?page=1&limit=10 304 - - 10.869 ms
2025-12-09 10:58:42 [info] : GET /api/admin/allvendors?page=1&limit=10 304 - - 44.105 ms
2025-12-09 10:58:55 [info] : GET /api/admin/allvendors?page=1&limit=10 304 - - 129.532 ms
2025-12-09 10:59:42 [info] : GET /api/admin/allvendors?page=1&limit=10 304 - - 1129.742 ms
2025-12-09 11:04:44 [info] : GET /api/admin/allvendors?page=1&limit=10 304 - - 1747.049 ms
2025-12-09 11:04:53 [info] : GET /api/admin/allvendors?page=1&limit=10 304 - - 263.572 ms
2025-12-09 11:05:59 [info] : GET /api/admin/allvendors?page=1&limit=10 304 - - 1127.077 ms
2025-12-09 11:06:24 [info] : GET /api/admin/allvendors?page=1&limit=10 304 - - 505.420 ms
2025-12-09 11:07:44 [info] : GET /api/admin/allvendors?page=1&limit=10 304 - - 820.551 ms
2025-12-09 11:07:51 [info] : GET /api/admin/allvendors?page=1&limit=10 304 - - 21.409 ms
2025-12-09 11:07:54 [info] : GET /api/admin/allvendors?page=1&limit=10 304 - - 23.759 ms
2025-12-09 11:08:02 [info] : GET /api/admin/allvendors?page=1&limit=10 304 - - 21.947 ms
2025-12-09 11:08:07 [info] : GET /api/admin/allvendors?page=1&limit=10 304 - - 12.644 ms
2025-12-09 11:08:11 [info] : GET /api/admin/allvendors?page=1&limit=10 304 - - 8.712 ms
2025-12-09 11:08:26 [info] : GET /api/admin/allvendors?page=1&limit=10 304 - - 144.418 ms
2025-12-09 11:22:43 [info] : GET /api/admin/allvendors?page=1&limit=10 401 26 - 23.902 ms
2025-12-09 11:22:44 [info] : POST /api/auth/refresh 200 253 - 101.143 ms
2025-12-09 11:22:44 [info] : GET /api/admin/allvendors?page=1&limit=10 304 - - 745.189 ms
2025-12-09 11:22:48 [info] : GET /api/admin/allvendors?page=1&limit=10 304 - - 59.296 ms
2025-12-09 11:23:07 [info] : GET /api/admin/allvendors?page=1&limit=10 304 - - 49.106 ms
2025-12-09 11:23:20 [info] : GET /api/admin/allvendors?page=1&limit=10 304 - - 191.573 ms
2025-12-09 11:23:30 [info] : GET /api/admin/allvendors?page=1&limit=10 304 - - 222.937 ms
2025-12-09 11:23:34 [info] : GET /api/admin/allvendors?page=1&limit=10 304 - - 87.611 ms
2025-12-09 11:23:38 [info] : GET /api/admin/allvendors?page=1&limit=10 304 - - 37.538 ms
2025-12-09 11:24:09 [info] : GET /api/admin/allvendors?page=1&limit=10 304 - - 94.129 ms
2025-12-09 11:25:51 [info] : GET /api/admin/allvendors?page=1&limit=10 304 - - 650.749 ms
2025-12-09 11:26:01 [info] : GET /api/admin/allvendors?page=1&limit=10 304 - - 1416.922 ms
2025-12-09 11:27:23 [info] : GET /api/admin/allvendors?page=1&limit=10 304 - - 1108.116 ms
2025-12-09 11:28:59 [info] : GET /api/admin/allvendors?page=1&limit=10 304 - - 164.935 ms
2025-12-09 11:29:06 [info] : GET /api/admin/allvendors?page=1&limit=10 304 - - 162.699 ms
2025-12-09 11:29:23 [info] : GET /api/admin/allvendors?page=1&limit=10 304 - - 234.472 ms
2025-12-09 11:31:08 [info] : GET /api/admin/allvendors?page=1&limit=10 304 - - 1093.066 ms
2025-12-09 11:31:36 [info] : GET /api/admin/allvendors?page=1&limit=10 304 - - 912.274 ms
2025-12-09 11:31:42 [info] : GET /api/admin/allvendors?page=1&limit=10 304 - - 911.563 ms
2025-12-09 11:31:59 [info] : GET /api/admin/allvendors?page=1&limit=10 304 - - 163.638 ms
2025-12-09 11:32:13 [info] : GET /api/admin/allvendors?page=1&limit=10 304 - - 104.992 ms
2025-12-09 11:40:39 [info] : GET /api/admin/allvendors?page=1&limit=10 401 26 - 14.672 ms
2025-12-09 11:40:39 [info] : POST /api/auth/refresh 200 253 - 77.093 ms
2025-12-09 11:40:40 [info] : GET /api/admin/allvendors?page=1&limit=10 304 - - 459.386 ms
2025-12-09 11:40:46 [info] : GET /api/admin/allvendors?page=1&limit=10 304 - - 102.535 ms
2025-12-09 11:41:18 [info] : GET /api/admin/allvendors?page=1&limit=10 304 - - 184.240 ms
2025-12-09 11:41:26 [info] : GET /api/admin/allvendors?page=1&limit=10 304 - - 321.555 ms
2025-12-09 11:41:34 [info] : GET /api/admin/allvendors?page=1&limit=10 304 - - 127.430 ms
2025-12-09 11:41:45 [info] : GET /api/admin/allvendors?page=1&limit=10 304 - - 115.819 ms
2025-12-09 11:41:59 [info] : GET /api/admin/allvendors?page=1&limit=10 304 - - 160.331 ms
2025-12-09 11:43:09 [info] : GET /api/admin/allvendors?page=1&limit=10 304 - - 202.778 ms
2025-12-09 11:43:24 [info] : GET /api/admin/allvendors?page=1&limit=10 304 - - 149.874 ms
2025-12-09 11:45:29 [info] : GET /api/admin/allvendors?page=1&limit=10 304 - - 200.439 ms
2025-12-09 11:46:03 [info] : GET /api/admin/allvendors?page=1&limit=10 304 - - 1554.495 ms
2025-12-09 11:46:09 [info] : GET /api/admin/allvendors?page=1&limit=10 304 - - 20.985 ms
2025-12-09 11:48:56 [info] : GET /api/admin/allvendors?page=1&limit=10 304 - - 881.364 ms
2025-12-09 11:49:09 [info] : GET /api/admin/allvendors?page=1&limit=10 304 - - 251.991 ms
2025-12-09 11:49:13 [info] : GET /api/admin/allvendors?page=1&limit=10 304 - - 32.082 ms
2025-12-09 11:49:21 [info] : GET /api/admin/allvendors?page=1&limit=10 304 - - 171.030 ms
2025-12-09 11:50:49 [info] : GET /api/admin/allvendors?page=1&limit=10 304 - - 568.363 ms
2025-12-09 11:51:35 [info] : GET /api/admin/allvendors?page=1&limit=10 304 - - 146.518 ms
2025-12-09 11:52:24 [info] : GET /api/admin/allvendors?page=1&limit=10 304 - - 2849.768 ms
2025-12-09 11:52:33 [info] : GET /api/admin/allvendors?page=1&limit=10 304 - - 544.875 ms
2025-12-09 11:52:57 [info] : GET /api/admin/allvendors?page=1&limit=10 304 - - 79.373 ms
2025-12-09 11:53:04 [info] : GET /api/admin/allvendors?page=1&limit=10 304 - - 16.963 ms
2025-12-09 11:53:11 [info] : GET /api/admin/allvendors?page=1&limit=10 304 - - 52.268 ms
2025-12-09 11:53:19 [info] : GET /api/admin/allvendors?page=1&limit=10 304 - - 37.166 ms
2025-12-09 11:53:23 [info] : GET /api/admin/allvendors?page=1&limit=10 304 - - 20.417 ms
2025-12-09 11:53:36 [info] : GET /api/admin/allvendors?page=1&limit=10 304 - - 104.322 ms
2025-12-09 11:53:58 [info] : GET /api/admin/allvendors?page=1&limit=10 304 - - 452.441 ms
2025-12-09 11:54:05 [info] : GET /api/admin/allvendors?page=1&limit=10 304 - - 215.646 ms
2025-12-09 11:54:29 [info] : GET /api/admin/allvendors?page=1&limit=10 304 - - 958.840 ms
2025-12-09 11:54:34 [info] : GET /api/admin/allvendors?page=1&limit=10 304 - - 79.092 ms
2025-12-09 11:54:39 [info] : GET /api/admin/allvendors?page=1&limit=10 304 - - 22.740 ms
2025-12-09 11:55:24 [info] : GET /api/admin/allvendors?page=1&limit=10 304 - - 28.619 ms
2025-12-09 11:55:29 [info] : GET /api/admin/allvendors?page=1&limit=10 304 - - 77.036 ms
2025-12-09 11:55:45 [info] : GET /api/admin/allvendors?page=1&limit=10 401 26 - 19.681 ms
2025-12-09 11:55:45 [info] : POST /api/auth/refresh 200 253 - 124.374 ms
2025-12-09 11:55:46 [info] : GET /api/admin/allvendors?page=1&limit=10 304 - - 60.844 ms
2025-12-09 11:55:48 [info] : GET /api/admin/allvendors?page=1&limit=10 304 - - 18.234 ms
2025-12-09 11:55:58 [info] : GET /api/admin/allvendors?page=1&limit=10 304 - - 132.992 ms
2025-12-09 11:56:49 [info] : GET /api/admin/allvendors?page=1&limit=10 304 - - 727.782 ms
2025-12-09 11:56:55 [info] : GET /api/admin/allvendors?page=1&limit=10 304 - - 30.926 ms
2025-12-09 11:57:35 [info] : GET /api/admin/allvendors?page=1&limit=10 304 - - 280.297 ms
2025-12-09 11:58:11 [info] : GET /api/admin/allvendors?page=1&limit=10 304 - - 194.037 ms
2025-12-09 11:58:26 [info] : GET /api/admin/allvendors?page=1&limit=10 304 - - 573.723 ms
2025-12-09 11:58:29 [info] : GET /api/admin/allvendors?page=1&limit=10 304 - - 51.376 ms
2025-12-09 11:59:40 [info] : GET /api/admin/allvendors?page=1&limit=10 304 - - 270.323 ms
2025-12-09 11:59:55 [info] : GET /api/admin/allvendors?page=1&limit=10 304 - - 112.172 ms
2025-12-09 12:02:23 [info] : GET /api/admin/allvendors?page=1&limit=10 304 - - 314.840 ms
2025-12-09 12:10:41 [info] : GET /api/admin/allvendors?page=1&limit=10 304 - - 2404.208 ms
2025-12-09 12:11:17 [info] : server is runnning port 5050 
2025-12-09 12:11:17 [info] : Mongodb Connect Successfully
2025-12-09 12:11:19 [info] : server is runnning port 5050 
2025-12-09 12:11:19 [info] : Mongodb Connect Successfully
2025-12-09 12:11:27 [info] : server is runnning port 5050 
2025-12-09 12:11:27 [info] : Mongodb Connect Successfully
2025-12-09 12:11:30 [info] : server is runnning port 5050 
2025-12-09 12:11:30 [info] : Mongodb Connect Successfully
2025-12-09 12:16:28 [info] : GET /api/admin/allvendors?page=1&limit=10 401 26 - 18.082 ms
2025-12-09 12:16:28 [info] : POST /api/auth/refresh 200 253 - 20.408 ms
2025-12-09 12:16:28 [info] : GET /api/admin/allvendors?page=1&limit=10 304 - - 617.236 ms
2025-12-09 12:18:49 [info] : GET /api/admin/allvendors?page=1&limit=10 304 - - 1607.463 ms
2025-12-09 12:18:54 [info] : GET /api/admin/allvendors?page=1&limit=10 304 - - 25.497 ms
2025-12-09 12:19:05 [info] : GET /api/admin/allvendors?page=1&limit=10 304 - - 23.330 ms
2025-12-09 12:19:30 [info] : GET /api/admin/allvendors?page=1&limit=10 304 - - 313.315 ms
2025-12-09 12:19:40 [info] : GET /api/admin/allvendors?page=1&limit=10 304 - - 119.607 ms
2025-12-09 12:19:48 [info] : GET /api/admin/allvendors?page=1&limit=10 304 - - 167.830 ms
2025-12-09 12:19:53 [info] : GET /api/admin/allvendors?page=1&limit=10 304 - - 121.509 ms
2025-12-09 12:20:11 [info] : GET /api/admin/allvendors?page=1&limit=10 304 - - 161.243 ms
2025-12-09 12:20:16 [info] : GET /api/admin/allvendors?page=1&limit=10 304 - - 28.978 ms
2025-12-09 12:20:21 [info] : GET /api/admin/allvendors?page=1&limit=10 304 - - 30.043 ms
2025-12-09 12:20:30 [info] : GET /api/admin/allvendors?page=1&limit=10 304 - - 180.503 ms
2025-12-09 12:21:26 [info] : GET /api/admin/allvendors?page=1&limit=10 304 - - 499.274 ms
2025-12-09 12:21:34 [info] : GET /api/admin/allvendors?page=1&limit=10 304 - - 16.720 ms
2025-12-09 12:22:01 [info] : GET /api/admin/allvendors?page=1&limit=10 304 - - 102.745 ms
2025-12-09 12:22:44 [info] : GET /api/admin/allvendors?page=1&limit=10 304 - - 119.406 ms
2025-12-09 12:22:53 [info] : GET /api/admin/allvendors?page=1&limit=10 304 - - 21.491 ms
2025-12-09 12:25:45 [info] : GET /api/admin/allvendors?page=1&limit=10 304 - - 236.210 ms
2025-12-09 12:26:10 [info] : GET /api/admin/allvendors?page=1&limit=10 304 - - 151.532 ms
2025-12-09 12:26:23 [info] : GET /api/admin/allvendors?page=1&limit=10 304 - - 1166.668 ms
2025-12-09 12:30:47 [info] : GET /api/admin/allvendors?page=1&limit=10 304 - - 691.699 ms
2025-12-09 12:32:14 [info] : GET /api/admin/allvendors?page=1&limit=10 401 26 - 10.558 ms
2025-12-09 12:32:14 [info] : POST /api/auth/refresh 200 253 - 42.933 ms
2025-12-09 12:32:16 [info] : GET /api/admin/allvendors?page=1&limit=10 304 - - 1520.668 ms
2025-12-09 12:34:08 [info] : GET /api/admin/allvendors?page=1&limit=10 304 - - 838.226 ms
2025-12-09 12:34:51 [info] : GET /api/admin/allvendors?page=1&limit=10 304 - - 138.223 ms
2025-12-09 12:37:28 [info] : GET /api/admin/allvendors?page=1&limit=10 304 - - 313.435 ms
2025-12-09 12:37:39 [info] : GET /api/admin/allvendors?page=1&limit=10 304 - - 97.762 ms
2025-12-09 12:37:49 [info] : GET /api/admin/allvendors?page=1&limit=10 304 - - 77.414 ms
2025-12-09 12:38:35 [info] : GET /api/admin/allvendors?page=1&limit=10 304 - - 123.406 ms
2025-12-09 12:39:00 [info] : GET /api/admin/allvendors?page=1&limit=10 304 - - 204.346 ms
2025-12-09 12:39:05 [info] : GET /api/admin/allvendors?page=1&limit=10 304 - - 15.153 ms
2025-12-09 12:39:17 [info] : GET /api/admin/allvendors?page=1&limit=10 304 - - 116.351 ms
2025-12-09 12:39:22 [info] : GET /api/admin/allvendors?page=1&limit=10 304 - - 13.703 ms
2025-12-09 12:39:28 [info] : GET /api/admin/allvendors?page=1&limit=10 304 - - 61.358 ms
2025-12-09 12:39:48 [info] : GET /api/admin/allvendors?page=1&limit=10 304 - - 218.098 ms
2025-12-09 12:40:00 [info] : GET /api/admin/allvendors?page=1&limit=10 304 - - 54.577 ms
2025-12-09 12:40:19 [info] : GET /api/admin/allvendors?page=1&limit=10 304 - - 454.058 ms
2025-12-09 12:40:23 [info] : GET /api/admin/allvendors?page=1&limit=10 304 - - 118.322 ms
2025-12-09 12:40:47 [info] : GET /api/admin/allvendors?page=1&limit=10 304 - - 28.582 ms
2025-12-09 12:45:29 [info] : GET /api/admin/allvendors?page=1&limit=10 304 - - 260.730 ms
2025-12-09 12:45:37 [info] : GET /api/admin/allvendors?page=1&limit=10 304 - - 14.988 ms
2025-12-09 12:48:41 [info] : GET /api/admin/allvendors?page=1&limit=10 401 26 - 7.411 ms
2025-12-09 12:48:41 [info] : POST /api/auth/refresh 200 253 - 12.284 ms
2025-12-09 12:48:42 [info] : GET /api/admin/allvendors?page=1&limit=10 304 - - 256.818 ms
2025-12-09 12:49:03 [info] : GET /api/admin/allvendors?page=1&limit=10 304 - - 202.583 ms
2025-12-09 12:49:44 [info] : server is runnning port 5050 
2025-12-09 12:49:44 [info] : Mongodb Connect Successfully
2025-12-09 12:50:55 [info] : server is runnning port 5050 
2025-12-09 12:50:55 [info] : Mongodb Connect Successfully
2025-12-09 12:51:46 [info] : GET /api/admin/allvendors?page=1&limit=10 304 - - 291.804 ms
2025-12-09 12:56:36 [info] : server is runnning port 5050 
2025-12-09 12:56:36 [info] : Mongodb Connect Successfully
2025-12-09 12:56:39 [info] : server is runnning port 5050 
2025-12-09 12:56:39 [info] : Mongodb Connect Successfully
2025-12-09 12:56:43 [info] : server is runnning port 5050 
2025-12-09 12:56:43 [info] : Mongodb Connect Successfully
2025-12-09 12:58:52 [info] : GET /api/admin/allvendors?page=1&limit=10 304 - - 159.315 ms
2025-12-09 12:59:39 [info] : GET /api/admin/allvendors?page=1&limit=10 304 - - 398.456 ms
2025-12-09 13:03:26 [info] : GET /api/admin/allvendors?page=1&limit=10 304 - - 153.701 ms
2025-12-09 13:08:31 [info] : GET /api/admin/allvendors?page=1&limit=10 401 26 - 44.671 ms
2025-12-09 13:08:31 [info] : POST /api/auth/refresh 200 253 - 32.365 ms
2025-12-09 13:08:33 [info] : GET /api/admin/allvendors?page=1&limit=10 304 - - 1659.882 ms
2025-12-09 13:08:35 [info] : GET /api/admin/allvendors?page=1&limit=10 304 - - 139.388 ms
2025-12-09 13:09:08 [info] : GET /api/admin/allvendors?page=1&limit=10 304 - - 1101.475 ms
2025-12-09 13:11:19 [info] : GET /api/admin/allvendors?page=1&limit=10 304 - - 243.759 ms
2025-12-09 13:11:33 [info] : GET /api/admin/allvendors?page=1&limit=10 304 - - 263.081 ms
2025-12-09 13:11:38 [info] : GET /api/admin/allvendors?page=1&limit=10 304 - - 76.612 ms
2025-12-09 13:11:44 [info] : GET /api/admin/allvendors?page=1&limit=10 304 - - 63.044 ms
2025-12-09 13:12:45 [info] : GET /api/admin/allvendors?page=1&limit=10 304 - - 214.749 ms
2025-12-09 13:14:00 [info] : GET /api/admin/allvendors?page=1&limit=10 304 - - 1874.147 ms
2025-12-09 13:14:24 [info] : GET /api/vendor/vendor-data 401 26 - 10.927 ms
2025-12-09 13:14:25 [info] : POST /api/auth/refresh 200 325 - 23.263 ms
2025-12-09 13:14:25 [info] : GET /api/vendor/vendor-data 304 - - 677.333 ms
2025-12-09 13:14:25 [info] : GET /api/admin/allvendors?page=1&limit=10 304 - - 2647.330 ms
2025-12-09 13:14:31 [info] : GET /api/vendor/vendor-data 304 - - 352.587 ms
2025-12-09 13:14:31 [info] : GET /api/admin/allvendors?page=1&limit=10 304 - - 517.376 ms
2025-12-09 13:14:49 [info] : GET /api/vendor/vendor-data 304 - - 1564.044 ms
2025-12-09 13:14:49 [info] : GET /api/admin/allvendors?page=1&limit=10 304 - - 1458.224 ms
2025-12-09 13:15:00 [info] : GET /api/admin/allvendors?page=1&limit=10 304 - - 1191.628 ms
2025-12-09 13:15:35 [info] : GET /api/admin/allvendors?page=1&limit=10 304 - - 1451.745 ms
2025-12-09 13:15:50 [info] : GET /api/admin/allvendors?page=1&limit=10 304 - - 64.601 ms
2025-12-09 13:16:05 [info] : GET /api/admin/allvendors?page=1&limit=10 304 - - 551.123 ms
2025-12-09 13:16:17 [info] : GET /api/admin/allvendors?page=1&limit=10 304 - - 11.395 ms
2025-12-09 13:16:22 [info] : GET /api/admin/allvendors?page=1&limit=10 304 - - 68.421 ms
2025-12-09 13:16:54 [info] : GET /api/admin/allvendors?page=1&limit=10 304 - - 147.811 ms
2025-12-09 13:21:12 [info] : GET /api/admin/allvendors?page=1&limit=10 304 - - 217.334 ms
2025-12-09 13:21:29 [info] : GET /api/admin/allvendors?page=1&limit=10 304 - - 268.002 ms
2025-12-09 13:21:34 [info] : GET /api/admin/allvendors?page=1&limit=10 304 - - 17.146 ms
2025-12-09 13:21:43 [info] : GET /api/admin/allvendors?page=1&limit=10 304 - - 55.300 ms
2025-12-09 13:21:58 [info] : GET /api/admin/allvendors?page=1&limit=10 304 - - 17.149 ms
2025-12-09 13:22:52 [info] : GET /api/admin/allvendors?page=1&limit=10 304 - - 899.415 ms
2025-12-09 13:23:03 [info] : GET /api/admin/allvendors?page=1&limit=10 304 - - 258.456 ms
2025-12-09 13:23:11 [info] : GET /api/admin/allvendors?page=1&limit=10 304 - - 72.712 ms
2025-12-09 13:24:17 [info] : GET /api/admin/allvendors?page=1&limit=10 401 26 - 5.668 ms
2025-12-09 13:24:17 [info] : POST /api/auth/refresh 200 253 - 14.141 ms
2025-12-09 13:24:18 [info] : GET /api/admin/allvendors?page=1&limit=10 304 - - 357.253 ms
2025-12-09 13:24:50 [info] : GET /api/admin/allvendors?page=1&limit=10 304 - - 122.191 ms
2025-12-09 13:25:33 [info] : GET /api/admin/allvendors?page=1&limit=10 304 - - 183.591 ms
2025-12-09 13:26:01 [info] : GET /api/admin/allvendors?page=1&limit=10 304 - - 287.261 ms
2025-12-09 13:26:09 [info] : GET /api/admin/allvendors?page=1&limit=10 304 - - 16.815 ms
2025-12-09 13:27:35 [info] : GET /api/admin/allvendors?page=1&limit=10 304 - - 327.050 ms
2025-12-09 15:38:28 [info] : server is runnning port 5050 
2025-12-09 15:38:28 [info] : Mongodb Connect Successfully
2025-12-09 15:38:31 [info] : GET /api/admin/allvendors?page=1&limit=10 401 26 - 3.295 ms
2025-12-09 15:38:31 [info] : POST /api/auth/refresh 200 253 - 5.912 ms
2025-12-09 15:38:31 [info] : GET /api/admin/allvendors?page=1&limit=10 304 - - 85.781 ms
2025-12-09 15:38:32 [info] : GET /api/vendor/vendor-data 401 26 - 2.037 ms
2025-12-09 15:38:32 [info] : POST /api/auth/refresh 200 325 - 1.111 ms
2025-12-09 15:38:32 [info] : GET /api/vendor/vendor-data 304 - - 29.748 ms
2025-12-09 15:39:24 [info] : GET /api/admin/allvendors?page=1&limit=10 304 - - 1727.117 ms
2025-12-09 15:39:24 [info] : GET /api/vendor/vendor-data 304 - - 1686.237 ms
2025-12-09 15:39:29 [info] : GET /api/vendor/vendor-data 304 - - 186.512 ms
2025-12-09 15:39:29 [info] : GET /api/admin/allvendors?page=1&limit=10 304 - - 158.363 ms
2025-12-09 15:39:32 [info] : GET /api/vendor/vendor-data 304 - - 65.783 ms
2025-12-09 15:41:19 [info] : GET /api/admin/allvendors?page=1&limit=10 304 - - 1024.123 ms
2025-12-09 15:43:00 [info] : GET /api/admin/allvendors?page=1&limit=10 304 - - 2798.537 ms
2025-12-09 15:43:46 [info] : GET /api/admin/allvendors?page=1&limit=10 304 - - 1128.035 ms
2025-12-09 15:43:57 [info] : GET /api/admin/allvendors?page=1&limit=10 304 - - 650.324 ms
2025-12-09 15:45:05 [info] : GET /api/admin/allvendors?page=1&limit=10 304 - - 2231.821 ms
2025-12-09 15:45:12 [info] : GET /api/admin/allvendors?page=1&limit=10 304 - - 1463.603 ms
2025-12-09 15:45:24 [info] : GET /api/admin/allvendors?page=1&limit=10 304 - - 803.585 ms
2025-12-09 15:45:53 [info] : GET /api/admin/allvendors?page=1&limit=10 304 - - 1636.845 ms
2025-12-09 15:46:27 [info] : GET /api/admin/allvendors?page=1&limit=10 304 - - 447.064 ms
2025-12-09 15:46:45 [info] : GET /api/admin/allvendors?page=1&limit=10 304 - - 119.554 ms
2025-12-09 15:47:13 [info] : GET /api/admin/allvendors?page=1&limit=10 304 - - 246.107 ms
2025-12-09 15:47:19 [info] : GET /api/admin/allvendors?page=1&limit=10 304 - - 49.337 ms
2025-12-09 15:47:20 [info] : GET /api/vendor/vendor-data 304 - - 532.853 ms
2025-12-09 15:47:22 [info] : GET /api/admin/allvendors?page=1&limit=10 304 - - 115.899 ms
2025-12-09 15:47:26 [info] : GET /api/admin/allvendors?page=1&limit=10 304 - - 144.576 ms
2025-12-09 15:47:40 [info] : GET /api/admin/allvendors?page=1&limit=10 304 - - 137.545 ms
2025-12-09 15:50:59 [info] : GET /api/admin/allvendors?page=1&limit=10 304 - - 1423.966 ms
2025-12-09 15:51:26 [info] : GET /api/admin/allvendors?page=1&limit=10 304 - - 865.178 ms
2025-12-09 15:52:02 [info] : GET /api/admin/allvendors?page=1&limit=10 304 - - 584.237 ms
2025-12-09 15:52:40 [info] : GET /api/admin/allvendors?page=1&limit=10 304 - - 283.645 ms
2025-12-09 15:52:55 [info] : GET /api/admin/allvendors?page=1&limit=10 304 - - 267.237 ms
2025-12-09 15:53:09 [info] : GET /api/vendor/vendor-data 304 - - 46.571 ms
2025-12-09 15:53:21 [info] : GET /api/admin/allvendors?page=1&limit=10 304 - - 320.911 ms
2025-12-09 15:53:38 [info] : GET /api/admin/allvendors?page=1&limit=10 401 26 - 2.202 ms
2025-12-09 15:53:38 [info] : POST /api/auth/refresh 200 253 - 30.390 ms
2025-12-09 15:53:38 [info] : GET /api/admin/allvendors?page=1&limit=10 304 - - 96.091 ms
2025-12-09 15:53:56 [info] : GET /api/admin/allvendors?page=1&limit=10 304 - - 1108.468 ms
2025-12-09 15:54:01 [info] : GET /api/admin/allvendors?page=1&limit=10 304 - - 236.447 ms
2025-12-09 15:55:05 [info] : GET /api/admin/allvendors?page=1&limit=10 304 - - 250.626 ms
2025-12-09 15:55:08 [info] : GET /api/vendor/vendor-data 401 26 - 1.300 ms
2025-12-09 15:55:08 [info] : POST /api/auth/refresh 200 325 - 15.523 ms
2025-12-09 15:55:08 [info] : GET /api/vendor/vendor-data 304 - - 14.168 ms
2025-12-09 15:55:28 [info] : GET /api/vendor/vendor-data - - - - ms
2025-12-09 15:55:29 [info] : GET /api/admin/allvendors?page=1&limit=10 304 - - 1230.054 ms
2025-12-09 15:55:29 [info] : GET /api/vendor/vendor-data 200 441 - 4.890 ms
2025-12-09 15:56:06 [info] : GET /api/vendor/vendor-data 304 - - 288.819 ms
2025-12-09 15:56:07 [info] : GET /api/admin/allvendors?page=1&limit=10 304 - - 295.770 ms
2025-12-09 15:56:15 [info] : GET /api/admin/allvendors?page=1&limit=10 304 - - 138.517 ms
2025-12-09 15:57:03 [info] : GET /api/admin/allvendors?page=1&limit=10 304 - - 1058.323 ms
2025-12-09 15:57:25 [info] : GET /api/admin/allvendors?page=1&limit=10 304 - - 1585.668 ms
2025-12-09 15:57:35 [info] : GET /api/admin/allvendors?page=1&limit=10 304 - - 16.749 ms
2025-12-09 15:58:08 [info] : GET /api/admin/allvendors?page=1&limit=10 304 - - 131.101 ms
2025-12-09 15:58:11 [info] : GET /api/admin/allvendors?page=1&limit=10 304 - - 9.617 ms
2025-12-09 15:58:23 [info] : GET /api/admin/allvendors?page=1&limit=10 304 - - 1500.726 ms
2025-12-09 15:58:47 [info] : GET /api/admin/allvendors?page=1&limit=10 304 - - 1105.268 ms
2025-12-09 15:58:53 [info] : GET /api/admin/allvendors?page=1&limit=10 304 - - 478.416 ms
2025-12-09 16:00:12 [info] : GET /api/admin/allvendors?page=1&limit=10 304 - - 1553.915 ms
2025-12-09 16:00:16 [info] : GET /api/admin/allvendors?page=1&limit=10 304 - - 209.697 ms
2025-12-09 16:00:30 [info] : GET /api/admin/allvendors?page=1&limit=10 304 - - 1763.943 ms
2025-12-09 16:00:45 [info] : GET /api/admin/allvendors?page=1&limit=10 304 - - 250.803 ms
2025-12-09 16:01:11 [info] : GET /api/admin/allvendors?page=1&limit=10 304 - - 133.092 ms
2025-12-09 16:01:38 [info] : GET /api/admin/allvendors?page=1&limit=10 304 - - 1132.077 ms
2025-12-09 16:21:21 [info] : GET /api/vendor/vendor-data 401 26 - 8.235 ms
2025-12-09 16:21:21 [info] : POST /api/auth/refresh 200 325 - 30.017 ms
2025-12-09 16:21:22 [info] : GET /api/vendor/vendor-data 304 - - 64.726 ms
2025-12-09 16:22:37 [info] : GET /api/vendor/vendor-data 304 - - 90.337 ms
2025-12-09 16:25:32 [info] : GET /api/vendor/vendor-data 304 - - 431.231 ms
2025-12-09 16:25:36 [info] : GET /api/vendor/vendor-data 304 - - 23.170 ms
2025-12-09 16:25:54 [info] : GET /api/vendor/vendor-data 304 - - 47.430 ms
2025-12-09 17:06:28 [info] : GET /api/admin/category/get-category?page=1&limit=10 401 26 - 11.915 ms
2025-12-09 17:06:28 [info] : POST /api/auth/refresh 200 325 - 12.037 ms
2025-12-09 17:06:28 [info] : GET /api/vendor/vendor-data 401 26 - 0.054 ms
2025-12-09 17:06:28 [info] : GET /api/admin/category/get-category?page=1&limit=10 403 53 - 2.286 ms
2025-12-09 17:06:28 [info] : POST /api/auth/refresh 200 325 - 0.810 ms
2025-12-09 17:06:28 [info] : GET /api/vendor/vendor-data 304 - - 141.283 ms
2025-12-09 17:22:06 [info] : GET /api/vendor/vendor-data 401 26 - 2.065 ms
2025-12-09 17:22:06 [info] : POST /api/auth/refresh 200 325 - 12.993 ms
2025-12-09 17:22:06 [info] : GET /api/vendor/vendor-data 304 - - 86.986 ms
2025-12-09 17:25:44 [info] : GET /api/vendor/vendor-data 304 - - 1270.123 ms
2025-12-09 17:32:00 [info] : GET /api/vendor/vendor-data 304 - - 194.706 ms
2025-12-09 18:06:36 [info] : GET /api/vendor/vendor-data 401 26 - 2.171 ms
2025-12-09 18:06:36 [info] : POST /api/auth/refresh 200 325 - 13.923 ms
2025-12-09 18:06:36 [info] : GET /api/vendor/vendor-data 304 - - 145.974 ms
2025-12-09 18:08:05 [info] : GET /api/vendor/vendor-data 304 - - 221.592 ms
2025-12-09 18:22:49 [info] : GET /api/vendor/vendor-data 401 26 - 1.780 ms
2025-12-09 18:22:49 [info] : POST /api/auth/refresh 200 325 - 12.058 ms
2025-12-09 18:22:50 [info] : GET /api/vendor/vendor-data 304 - - 567.622 ms
2025-12-09 18:23:19 [info] : GET /api/admin/category/get-category?page=1&limit=10 403 53 - 10.962 ms
2025-12-09 18:23:19 [info] : GET /api/vendor/vendor-data 304 - - 64.816 ms
2025-12-09 18:31:00 [info] : GET /api/vendor/vendor-data 304 - - 499.784 ms
2025-12-09 18:43:52 [info] : server is runnning port 5050 
2025-12-09 18:43:52 [info] : Mongodb Connect Successfully
2025-12-09 18:43:58 [info] : server is runnning port 5050 
2025-12-09 18:43:58 [info] : Mongodb Connect Successfully
2025-12-09 18:44:01 [info] : server is runnning port 5050 
2025-12-09 18:44:02 [info] : Mongodb Connect Successfully
2025-12-09 18:46:38 [info] : server is runnning port 5050 
2025-12-09 18:46:38 [info] : Mongodb Connect Successfully
2025-12-09 18:46:52 [info] : server is runnning port 5050 
2025-12-09 18:46:52 [info] : Mongodb Connect Successfully
2025-12-09 18:49:38 [info] : server is runnning port 5050 
2025-12-09 18:49:38 [info] : Mongodb Connect Successfully
2025-12-09 18:49:39 [info] : server is runnning port 5050 
2025-12-09 18:49:39 [info] : Mongodb Connect Successfully
2025-12-09 18:49:42 [info] : server is runnning port 5050 
2025-12-09 18:49:42 [info] : Mongodb Connect Successfully
2025-12-09 18:50:03 [info] : GET /api/admin/category/get-category?page=1&limit=10 401 26 - 6.662 ms
2025-12-09 18:50:03 [info] : GET /api/vendor/vendor-data 401 26 - 0.220 ms
2025-12-09 18:50:04 [info] : POST /api/auth/refresh 200 325 - 21.890 ms
2025-12-09 18:50:04 [info] : POST /api/auth/refresh 200 325 - 10.615 ms
2025-12-09 18:50:04 [info] : GET /api/admin/category/get-category?page=1&limit=10 403 53 - 3.393 ms
2025-12-09 18:50:06 [info] : GET /api/admin/category/get-category?page=1&limit=10 403 53 - 59.329 ms
2025-12-09 18:50:06 [info] : GET /api/vendor/vendor-data 304 - - 2267.464 ms
2025-12-09 18:50:10 [info] : GET /api/admin/category/get-category?page=1&limit=10 403 53 - 4.547 ms
2025-12-09 18:50:38 [info] : GET /api/admin/allvendors?page=1&limit=10 401 26 - 0.365 ms
2025-12-09 18:50:38 [info] : POST /api/auth/refresh 200 253 - 2.417 ms
2025-12-09 18:50:38 [info] : GET /api/admin/allvendors?page=1&limit=10 - - - - ms
2025-12-09 18:50:39 [info] : GET /api/vendor/vendor-data 304 - - 508.556 ms
2025-12-09 18:50:39 [info] : GET /api/admin/category/get-category?page=1&limit=10 403 53 - 0.629 ms
2025-12-09 18:50:39 [info] : GET /api/admin/allvendors?page=1&limit=10 200 523 - 97.452 ms
2025-12-09 18:50:40 [info] : GET /api/admin/category/get-category?page=1&limit=10 403 53 - 7.223 ms
2025-12-09 18:50:41 [info] : GET /api/admin/allusers?page=1&limit=10 200 4629 - 37.825 ms
2025-12-09 18:50:42 [info] : GET /api/admin/category/get-category?page=1&limit=10 403 53 - 0.722 ms
2025-12-09 18:50:42 [info] : GET /api/admin/allvendors?page=1&limit=10 304 - - 50.012 ms
2025-12-09 18:50:43 [info] : GET /api/admin/allusers?page=1&limit=10 304 - - 10.334 ms
2025-12-09 18:50:44 [info] : GET /api/admin/allvendors?page=1&limit=10 304 - - 29.852 ms
2025-12-09 18:50:46 [info] : GET /api/admin/category/get-category?page=1&limit=10 403 53 - 5.580 ms
2025-12-09 18:50:46 [info] : GET /api/admin/allusers?page=1&limit=10 304 - - 42.415 ms
2025-12-09 18:50:47 [info] : GET /api/admin/category/get-category?page=1&limit=10 200 1014 - 23.568 ms
2025-12-09 18:50:56 [info] : OPTIONS /api/admin/category/create-category 204 0 - 1.034 ms
2025-12-09 18:50:56 [info] : POST /api/admin/category/create-category 201 289 - 143.178 ms
2025-12-09 18:51:13 [info] : GET /api/admin/category/get-category?page=1&limit=10 403 53 - 148.144 ms
2025-12-09 18:51:13 [info] : GET /api/vendor/vendor-data 304 - - 354.970 ms
2025-12-09 18:51:14 [info] : GET /api/admin/category/get-category?page=1&limit=10 403 53 - 2.716 ms
2025-12-09 18:51:16 [info] : GET /api/admin/category/get-category?page=1&limit=10 200 100 - 28.754 ms
2025-12-09 18:51:16 [info] : GET /api/admin/category/get-category?page=1&limit=10 304 - - 7.260 ms
2025-12-09 18:51:16 [info] : GET /api/admin/category/get-category?page=1&limit=10 403 53 - 1.852 ms
2025-12-09 18:51:20 [info] : GET /api/admin/category/get-category?page=1&limit=10 403 53 - 1.268 ms
2025-12-09 18:51:27 [info] : OPTIONS /api/admin/category/create-category 204 0 - 0.088 ms
2025-12-09 18:51:27 [info] : POST /api/admin/category/create-category 201 291 - 13.000 ms
2025-12-09 18:51:39 [info] : OPTIONS /api/admin/category/create-category 204 0 - 0.681 ms
2025-12-09 18:51:39 [info] : POST /api/admin/category/create-category 201 292 - 23.016 ms
2025-12-09 18:51:42 [info] : GET /api/admin/category/get-category?page=1&limit=10 200 562 - 18.302 ms
2025-12-09 18:51:49 [info] : GET /api/admin/category/get-category?page=1&limit=10 403 53 - 18.766 ms
2025-12-09 18:51:49 [info] : GET /api/vendor/vendor-data 304 - - 119.067 ms
2025-12-09 18:51:50 [info] : GET /api/admin/category/get-category?page=1&limit=10 403 53 - 2.150 ms
2025-12-09 18:51:52 [info] : GET /api/admin/category/get-category?page=1&limit=10 403 53 - 1.902 ms
2025-12-09 18:51:56 [info] : GET /api/admin/category/get-category?page=1&limit=10 403 53 - 1.346 ms
2025-12-09 18:51:59 [info] : OPTIONS /api/admin/category/create-category 204 0 - 0.179 ms
2025-12-09 18:51:59 [info] : POST /api/admin/category/create-category 201 280 - 29.549 ms
2025-12-09 18:52:00 [info] : GET /api/admin/category/get-category?page=1&limit=10 200 782 - 68.812 ms
2025-12-09 18:52:09 [info] : GET /api/admin/category/get-category?page=1&limit=10 403 53 - 1.384 ms
2025-12-09 18:52:10 [info] : GET /api/admin/category/get-category?page=1&limit=10 403 53 - 4.736 ms
2025-12-09 18:52:11 [info] : GET /api/vendor/vendor-data 304 - - 1683.112 ms
2025-12-09 18:52:13 [info] : GET /api/admin/category/get-category?page=1&limit=10 403 53 - 0.510 ms
2025-12-09 18:52:17 [info] : GET /api/admin/category/get-category?page=1&limit=10 403 53 - 6.512 ms
2025-12-09 18:52:21 [info] : GET /api/admin/category/get-category?page=1&limit=10 403 53 - 9.653 ms
2025-12-09 18:52:22 [info] : GET /api/vendor/vendor-data 304 - - 555.649 ms
2025-12-09 18:52:22 [info] : GET /api/admin/category/get-category?page=1&limit=10 403 53 - 2.204 ms
2025-12-09 18:52:24 [info] : GET /api/admin/category/get-category?page=1&limit=10 403 53 - 2.960 ms
2025-12-09 18:52:44 [info] : GET /api/admin/category/get-category?page=1&limit=10 403 53 - 22.689 ms
2025-12-09 18:52:45 [info] : GET /api/vendor/vendor-data 304 - - 1003.043 ms
2025-12-09 18:55:00 [info] : GET /api/admin/category/get-category?page=1&limit=10 403 53 - 6.692 ms
2025-12-09 18:55:06 [info] : GET /api/admin/category/get-category?page=1&limit=10 403 53 - 7.449 ms
2025-12-09 18:55:06 [info] : GET /api/vendor/vendor-data 304 - - 162.673 ms
2025-12-09 18:55:08 [info] : GET /api/admin/category/get-category?page=1&limit=10 403 53 - 1.347 ms
2025-12-09 18:55:09 [info] : GET /api/vendor/vendor-data 304 - - 4.599 ms
2025-12-09 18:55:09 [info] : GET /api/admin/category/get-category?page=1&limit=10 403 53 - 0.562 ms
2025-12-09 18:55:10 [info] : GET /api/admin/category/get-category?page=1&limit=10 403 53 - 1.561 ms
2025-12-09 18:55:12 [info] : GET /api/admin/category/get-category?page=1&limit=10 403 53 - 1.292 ms
2025-12-09 18:55:33 [info] : GET /api/admin/category/get-category?page=1&limit=10 403 53 - 29.802 ms
2025-12-09 18:55:33 [info] : GET /api/vendor/vendor-data 304 - - 139.463 ms
2025-12-09 18:55:37 [info] : GET /api/admin/category/get-category?page=1&limit=10 403 53 - 1.705 ms
2025-12-09 18:55:37 [info] : GET /api/vendor/vendor-data 304 - - 4.825 ms
2025-12-09 18:55:38 [info] : GET /api/admin/category/get-category?page=1&limit=10 403 53 - 7.481 ms
2025-12-09 18:55:54 [info] : GET /api/vendor/vendor-data 304 - - 640.801 ms
2025-12-09 18:55:55 [info] : GET /api/admin/category/get-category?page=1&limit=10 403 53 - 1.253 ms
2025-12-09 18:55:56 [info] : GET /api/vendor/vendor-data 304 - - 716.621 ms
2025-12-09 18:56:00 [info] : GET /api/admin/category/get-category?page=1&limit=10 403 53 - 7.005 ms
2025-12-09 18:56:13 [info] : GET /api/admin/category/get-category?page=1&limit=10 403 53 - 2.914 ms
2025-12-09 18:56:13 [info] : GET /api/vendor/vendor-data 304 - - 67.930 ms
2025-12-09 18:56:14 [info] : GET /api/admin/category/get-category?page=1&limit=10 403 53 - 2.055 ms
2025-12-09 18:56:16 [info] : GET /api/admin/category/get-category?page=1&limit=10 403 53 - 1.546 ms
2025-12-09 18:56:19 [info] : GET /api/admin/category/get-category?page=1&limit=10 304 - - 81.555 ms
2025-12-09 18:56:20 [info] : GET /api/admin/category/get-category?page=1&limit=10 403 53 - 1.316 ms
2025-12-09 18:56:38 [info] : GET /api/admin/category/get-category?page=1&limit=10 403 53 - 4.158 ms
2025-12-09 18:56:39 [info] : GET /api/vendor/vendor-data 304 - - 631.600 ms
2025-12-09 18:56:40 [info] : GET /api/admin/category/get-category?page=1&limit=10 403 53 - 1.429 ms
2025-12-09 18:56:42 [info] : GET /api/admin/category/get-category?page=1&limit=10 403 53 - 5.242 ms
2025-12-09 18:56:46 [info] : GET /api/admin/category/get-category?page=1&limit=10 403 53 - 1.566 ms
2025-12-09 18:56:50 [info] : GET /api/vendor/vendor-data 304 - - 40.365 ms
2025-12-09 18:56:50 [info] : GET /api/admin/category/get-category?page=1&limit=10 403 53 - 1.350 ms
2025-12-09 18:56:51 [info] : POST /api/auth/logout 200 61 - 12.393 ms
2025-12-09 18:56:57 [info] : OPTIONS /api/auth/login 204 0 - 1.758 ms
2025-12-09 18:56:57 [info] : POST /api/auth/login 401 56 - 135.216 ms
2025-12-09 18:57:01 [info] : POST /api/auth/login 200 278 - 114.975 ms
2025-12-09 18:57:02 [info] : GET /api/vendor/vendor-data 304 - - 1.864 ms
2025-12-09 18:57:06 [info] : GET /api/admin/category/get-category?page=1&limit=10 403 53 - 1.835 ms
2025-12-09 18:57:07 [info] : GET /api/admin/category/get-category?page=1&limit=10 401 26 - 0.491 ms
2025-12-09 18:57:07 [info] : POST /api/auth/refresh 200 325 - 1.983 ms
2025-12-09 18:57:07 [info] : GET /api/admin/category/get-category?page=1&limit=10 403 53 - 0.888 ms
2025-12-09 18:57:09 [info] : GET /api/admin/category/get-category?page=1&limit=10 403 53 - 1.413 ms
2025-12-09 18:57:13 [info] : GET /api/admin/category/get-category?page=1&limit=10 403 53 - 6.216 ms
2025-12-09 18:57:26 [info] : GET /api/admin/category/get-category?page=1&limit=10 403 53 - 0.819 ms
2025-12-09 18:57:26 [info] : GET /api/vendor/vendor-data 304 - - 57.779 ms
2025-12-09 18:57:27 [info] : GET /api/admin/category/get-category?page=1&limit=10 403 53 - 1.402 ms
2025-12-09 18:57:29 [info] : GET /api/admin/category/get-category?page=1&limit=10 403 53 - 1.747 ms
2025-12-09 18:57:33 [info] : GET /api/admin/category/get-category?page=1&limit=10 403 53 - 1.265 ms
2025-12-09 18:58:21 [info] : GET /api/admin/category/get-category?page=1&limit=10 403 53 - 12.438 ms
2025-12-09 18:58:22 [info] : GET /api/admin/category/get-category?page=1&limit=10 403 53 - 34.290 ms
2025-12-09 18:58:22 [info] : GET /api/vendor/vendor-data 304 - - 1512.609 ms
2025-12-09 18:58:23 [info] : GET /api/vendor/vendor-data 304 - - 13.143 ms
2025-12-09 18:58:23 [info] : GET /api/admin/category/get-category?page=1&limit=10 403 53 - 0.647 ms
2025-12-09 18:58:24 [info] : GET /api/admin/category/get-category?page=1&limit=10 403 53 - 1.354 ms
2025-12-09 18:58:26 [info] : GET /api/admin/category/get-category?page=1&limit=10 403 53 - 1.044 ms
2025-12-09 18:58:27 [info] : GET /api/vendor/vendor-data 304 - - 3.230 ms
2025-12-09 18:58:27 [info] : GET /api/admin/category/get-category?page=1&limit=10 403 53 - 0.998 ms
2025-12-09 18:58:28 [info] : GET /api/admin/category/get-category?page=1&limit=10 403 53 - 1.092 ms
2025-12-09 18:58:30 [info] : GET /api/admin/category/get-category?page=1&limit=10 403 53 - 1.097 ms
2025-12-09 18:58:34 [info] : GET /api/admin/category/get-category?page=1&limit=10 403 53 - 2.603 ms
2025-12-09 18:58:47 [info] : GET /api/admin/category/get-category?page=1&limit=10 403 53 - 3.511 ms
2025-12-09 18:58:49 [info] : GET /api/vendor/category/get-category?page=1&limit=10 404 171 - 16.818 ms
2025-12-09 18:58:49 [info] : GET /api/vendor/vendor-data 304 - - 126.952 ms
2025-12-09 18:58:51 [info] : GET /api/vendor/category/get-category?page=1&limit=10 404 171 - 3.181 ms
2025-12-09 18:58:52 [info] : GET /api/vendor/vendor-data 304 - - 12.408 ms
2025-12-09 18:58:52 [info] : GET /api/vendor/category/get-category?page=1&limit=10 404 171 - 0.506 ms
2025-12-09 18:58:53 [info] : GET /api/vendor/category/get-category?page=1&limit=10 404 171 - 0.851 ms
2025-12-09 18:58:55 [info] : GET /api/vendor/category/get-category?page=1&limit=10 404 171 - 0.525 ms
2025-12-09 19:01:18 [info] : server is runnning port 5050 
2025-12-09 19:01:18 [info] : Mongodb Connect Successfully
2025-12-09 19:02:56 [info] : GET /api/vendor/category/get-category?page=1&limit=10 404 171 - 2.410 ms
2025-12-09 19:02:57 [info] : GET /api/vendor/vendor-data 304 - - 170.767 ms
2025-12-09 19:02:58 [info] : GET /api/vendor/vendor-data 304 - - 10.557 ms
2025-12-09 19:02:58 [info] : GET /api/vendor/category/get-category?page=1&limit=10 404 171 - 1.018 ms
2025-12-09 19:02:59 [info] : GET /api/vendor/category/get-category?page=1&limit=10 404 171 - 0.425 ms
2025-12-09 19:03:01 [info] : GET /api/vendor/category/get-category?page=1&limit=10 404 171 - 0.760 ms
2025-12-09 19:03:05 [info] : GET /api/vendor/category/get-category?page=1&limit=10 404 171 - 0.691 ms
2025-12-09 19:04:26 [info] : GET /api/admin/vendors/category/get-category 404 178 - 3.239 ms
2025-12-09 19:04:37 [info] : GET /api/vendors/category/get-category 404 172 - 0.791 ms
2025-12-09 19:04:45 [info] : GET /api/vendor/category/get-category?page=1&limit=10 404 171 - 0.474 ms
2025-12-09 19:04:46 [info] : GET /api/vendor/category/get-category?page=1&limit=10 404 171 - 1.387 ms
2025-12-09 19:04:47 [info] : GET /api/vendor/vendor-data 304 - - 1821.121 ms
2025-12-09 19:05:40 [info] : GET /api/vendors/get-category 404 163 - 0.691 ms
2025-12-09 19:06:02 [info] : GET /api/vendor/get-category 404 162 - 1.377 ms
2025-12-09 19:06:27 [info] : GET /api/vendor/category/get-category?page=1&limit=10 404 171 - 0.638 ms
2025-12-09 19:06:27 [info] : GET /api/vendor/vendor-data 304 - - 172.697 ms
2025-12-09 19:06:31 [info] : GET /api/vendor/category/get-category?page=1&limit=10 404 171 - 5.337 ms
2025-12-09 19:09:45 [info] : GET /api/vendor/get-category 404 162 - 5.928 ms
2025-12-09 19:11:16 [info] : server is runnning port 5050 
2025-12-09 19:11:16 [info] : Mongodb Connect Successfully
2025-12-09 19:15:39 [info] : server is runnning port 5050 
2025-12-09 19:15:39 [info] : Mongodb Connect Successfully
2025-12-09 19:15:55 [info] : GET /api/vendor/category/get-categor 404 170 - 4.521 ms
2025-12-09 19:16:03 [info] : GET /api/admin/category/get-categor 404 169 - 4.257 ms
2025-12-09 19:16:10 [info] : GET /api/admin/category/get-category 401 26 - 8.666 ms
2025-12-09 19:16:39 [info] : server is runnning port 5050 
2025-12-09 19:16:39 [info] : Mongodb Connect Successfully
2025-12-09 19:16:40 [info] : GET /api/admin/category/get-category 200 782 - 74.719 ms
2025-12-09 19:19:03 [info] : server is runnning port 5050 
2025-12-09 19:19:03 [info] : Mongodb Connect Successfully
2025-12-09 19:19:22 [info] : server is runnning port 5050 
2025-12-09 19:19:23 [info] : Mongodb Connect Successfully
2025-12-09 19:19:32 [info] : GET /api/vendor/category/get-category 200 782 - 85.793 ms
2025-12-09 19:19:42 [info] : GET /api/vendor/vendor-data 401 26 - 3.217 ms
2025-12-09 19:19:42 [info] : POST /api/auth/refresh 200 325 - 10.616 ms
2025-12-09 19:19:42 [info] : GET /api/vendor/vendor-data 304 - - 123.413 ms
2025-12-09 19:19:42 [info] : GET /api/vendor/category/get-category?page=1&limit=10 200 782 - 190.025 ms
2025-12-09 19:19:46 [info] : GET /api/vendor/vendor-data 304 - - 11.401 ms
2025-12-09 19:19:46 [info] : GET /api/vendor/category/get-category?page=1&limit=10 304 - - 8.115 ms
2025-12-09 19:20:02 [info] : GET /api/vendor/category/get-category?page=1&limit=10 304 - - 153.494 ms
2025-12-09 19:20:35 [info] : GET /api/vendor/vendor-data 304 - - 946.815 ms
2025-12-09 19:20:35 [info] : GET /api/vendor/category/get-category?page=1&limit=10 304 - - 986.531 ms
2025-12-09 19:21:25 [info] : GET /api/vendor/vendor-data 304 - - 1312.068 ms
2025-12-09 19:21:25 [info] : GET /api/vendor/category/get-category?page=1&limit=10 304 - - 1316.229 ms
2025-12-09 19:21:33 [info] : GET /api/vendor/vendor-data 304 - - 20.101 ms
2025-12-09 19:21:33 [info] : GET /api/vendor/category/get-category?page=1&limit=10 304 - - 21.870 ms
2025-12-09 19:21:42 [info] : GET /api/vendor/category/get-category?page=1&limit=10 304 - - 25.895 ms
2025-12-09 19:21:42 [info] : GET /api/vendor/vendor-data 304 - - 18.428 ms
2025-12-09 19:22:35 [info] : GET /api/vendor/vendor-data 304 - - 363.657 ms
2025-12-09 19:22:35 [info] : GET /api/vendor/category/get-category?page=1&limit=10 304 - - 778.560 ms
2025-12-09 19:23:08 [info] : GET /api/vendor/vendor-data 304 - - 1614.786 ms
2025-12-09 19:23:08 [info] : GET /api/vendor/category/get-category?page=1&limit=10 304 - - 1630.568 ms
2025-12-09 19:25:48 [info] : GET /api/vendor/vendor-data - - - - ms
2025-12-09 19:25:48 [info] : GET /api/vendor/category/get-category?page=1&limit=10 - - - - ms
2025-12-09 19:25:50 [info] : GET /api/vendor/vendor-data 200 441 - 966.889 ms
2025-12-09 19:25:50 [info] : GET /api/vendor/category/get-category?page=1&limit=10 200 782 - 198.249 ms
2025-12-09 19:26:17 [info] : GET /api/vendor/vendor-data 304 - - 58.383 ms
2025-12-09 19:26:17 [info] : GET /api/vendor/category/get-category?page=1&limit=10 304 - - 40.459 ms
2025-12-09 19:27:18 [info] : GET /api/vendor/vendor-data 304 - - 377.659 ms
2025-12-09 19:27:19 [info] : GET /api/vendor/category/get-category?page=1&limit=10 304 - - 1920.068 ms
2025-12-09 19:28:06 [info] : GET /api/vendor/vendor-data 304 - - 111.353 ms
2025-12-09 19:28:06 [info] : GET /api/vendor/category/get-category?page=1&limit=10 304 - - 87.144 ms
2025-12-09 19:28:16 [info] : GET /api/vendor/vendor-data 304 - - 55.071 ms
2025-12-09 19:28:16 [info] : GET /api/vendor/category/get-category?page=1&limit=10 304 - - 43.799 ms
2025-12-09 19:28:24 [info] : GET /api/vendor/vendor-data 304 - - 81.925 ms
2025-12-09 19:28:24 [info] : GET /api/vendor/category/get-category?page=1&limit=10 304 - - 99.791 ms
2025-12-09 19:28:52 [info] : GET /api/vendor/vendor-data 304 - - 138.863 ms
2025-12-09 19:28:53 [info] : GET /api/vendor/category/get-category?page=1&limit=10 304 - - 174.592 ms
2025-12-09 19:49:29 [info] : GET /api/vendor/vendor-data 401 26 - 6.487 ms
2025-12-09 19:49:29 [info] : POST /api/auth/refresh 200 325 - 23.894 ms
2025-12-09 19:49:30 [info] : GET /api/vendor/vendor-data 304 - - 173.702 ms
2025-12-09 19:49:30 [info] : GET /api/vendor/category/get-category?page=1&limit=10 304 - - 722.984 ms
2025-12-09 20:08:45 [info] : GET /api/vendor/vendor-data 401 26 - 6.413 ms
2025-12-09 20:08:45 [info] : POST /api/auth/refresh 200 325 - 25.338 ms
2025-12-09 20:08:45 [info] : GET /api/vendor/vendor-data 304 - - 113.463 ms
2025-12-09 20:08:45 [info] : GET /api/vendor/category/get-category?page=1&limit=10 304 - - 200.753 ms
2025-12-09 20:08:49 [info] : GET /api/vendor/vendor-data 304 - - 1213.928 ms
2025-12-09 20:08:49 [info] : GET /api/vendor/category/get-category?page=1&limit=10 304 - - 1256.431 ms
2025-12-09 20:08:56 [info] : GET /api/vendor/vendor-data 304 - - 15.060 ms
2025-12-09 20:08:56 [info] : GET /api/vendor/category/get-category?page=1&limit=10 304 - - 15.121 ms
2025-12-09 20:09:10 [info] : GET /api/vendor/vendor-data 304 - - 178.463 ms
2025-12-09 20:09:10 [info] : GET /api/vendor/category/get-category?page=1&limit=10 304 - - 192.254 ms
2025-12-09 20:09:13 [info] : GET /api/vendor/vendor-data 304 - - 55.003 ms
2025-12-09 20:09:13 [info] : GET /api/vendor/category/get-category?page=1&limit=10 304 - - 39.384 ms
2025-12-09 20:09:16 [info] : GET /api/vendor/vendor-data 304 - - 7.491 ms
2025-12-09 20:09:16 [info] : GET /api/vendor/category/get-category?page=1&limit=10 304 - - 26.135 ms
2025-12-09 20:09:50 [info] : GET /api/vendor/vendor-data 304 - - 863.375 ms
2025-12-09 20:09:50 [info] : GET /api/vendor/category/get-category?page=1&limit=10 304 - - 807.010 ms
2025-12-09 20:11:21 [info] : GET /api/vendor/vendor-data 304 - - 468.729 ms
2025-12-09 20:11:22 [info] : GET /api/vendor/category/get-category?page=1&limit=10 304 - - 1195.718 ms
2025-12-09 20:11:29 [info] : GET /api/vendor/vendor-data 304 - - 94.338 ms
2025-12-09 20:11:29 [info] : GET /api/vendor/category/get-category?page=1&limit=10 304 - - 35.541 ms
2025-12-09 20:11:34 [info] : GET /api/vendor/vendor-data 304 - - 17.867 ms
2025-12-09 20:11:34 [info] : GET /api/vendor/category/get-category?page=1&limit=10 304 - - 12.694 ms
2025-12-09 20:11:37 [info] : GET /api/vendor/vendor-data 304 - - 8.449 ms
2025-12-09 20:11:37 [info] : GET /api/vendor/category/get-category?page=1&limit=10 304 - - 11.428 ms
2025-12-09 20:11:40 [info] : GET /api/vendor/category/get-category?page=1&limit=10 304 - - 16.235 ms
2025-12-09 20:11:40 [info] : GET /api/vendor/vendor-data 304 - - 33.633 ms
2025-12-09 20:11:54 [info] : GET /api/vendor/vendor-data 304 - - 33.918 ms
2025-12-09 20:11:54 [info] : GET /api/vendor/category/get-category?page=1&limit=10 304 - - 23.934 ms
2025-12-09 20:11:58 [info] : GET /api/vendor/vendor-data 304 - - 55.154 ms
2025-12-09 20:11:58 [info] : GET /api/vendor/category/get-category?page=1&limit=10 304 - - 9.033 ms
2025-12-09 20:15:14 [info] : GET /api/vendor/vendor-data 304 - - 20.159 ms
2025-12-09 20:15:15 [info] : GET /api/vendor/category/get-category?page=1&limit=10 304 - - 69.946 ms
2025-12-09 20:15:51 [info] : GET /api/vendor/vendor-data 304 - - 162.229 ms
2025-12-09 20:15:51 [info] : GET /api/vendor/category/get-category?page=1&limit=10 304 - - 216.113 ms
2025-12-09 20:16:49 [info] : GET /api/vendor/vendor-data 304 - - 105.438 ms
2025-12-09 20:16:49 [info] : GET /api/vendor/category/get-category?page=1&limit=10 304 - - 124.358 ms
2025-12-09 20:19:34 [info] : GET /api/vendor/vendor-data 304 - - 138.282 ms
2025-12-09 20:19:34 [info] : GET /api/vendor/category/get-category?page=1&limit=10 304 - - 220.884 ms
2025-12-09 20:45:44 [info] : GET /api/admin/category/get-category?page=1&limit=10 401 26 - 17.754 ms
2025-12-09 20:45:44 [info] : POST /api/auth/refresh 200 253 - 24.661 ms
2025-12-09 20:45:44 [info] : GET /api/vendor/vendor-data 401 26 - 0.416 ms
2025-12-09 20:45:44 [info] : POST /api/auth/refresh 200 325 - 0.806 ms
2025-12-09 20:45:45 [info] : GET /api/vendor/vendor-data 304 - - 505.383 ms
2025-12-09 20:45:45 [info] : GET /api/admin/category/get-category?page=1&limit=10 304 - - 829.237 ms
2025-12-09 20:45:46 [info] : GET /api/vendor/category/get-category?page=1&limit=10 304 - - 15.899 ms
2025-12-09 21:52:11 [info] : GET /api/vendor/vendor-data 401 26 - 70.775 ms
2025-12-09 21:52:11 [info] : POST /api/auth/refresh 200 325 - 92.025 ms
2025-12-09 21:52:13 [info] : GET /api/vendor/vendor-data 304 - - 1499.470 ms
2025-12-09 21:52:13 [info] : GET /api/vendor/category/get-category?page=1&limit=10 304 - - 2119.169 ms
2025-12-09 21:52:24 [info] : GET /api/vendor/vendor-data 304 - - 1254.197 ms
2025-12-09 21:52:24 [info] : GET /api/vendor/category/get-category?page=1&limit=10 304 - - 1235.342 ms
2025-12-09 21:53:49 [info] : GET /api/vendor/vendor-data 304 - - 416.484 ms
2025-12-09 21:53:49 [info] : GET /api/vendor/category/get-category?page=1&limit=10 304 - - 996.006 ms
2025-12-09 21:54:35 [info] : GET /api/vendor/vendor-data 304 - - 713.890 ms
2025-12-09 21:54:35 [info] : GET /api/vendor/category/get-category?page=1&limit=10 304 - - 735.103 ms
2025-12-09 21:58:41 [info] : GET /api/vendor/vendor-data 304 - - 1590.036 ms
2025-12-09 21:58:41 [info] : GET /api/vendor/category/get-category?page=1&limit=10 304 - - 1666.863 ms
2025-12-09 21:59:03 [info] : GET /api/vendor/category/get-category?page=1&limit=10 304 - - 93.883 ms
2025-12-09 21:59:03 [info] : GET /api/vendor/vendor-data 304 - - 74.085 ms
2025-12-09 22:02:12 [info] : GET /api/vendor/vendor-data 304 - - 598.534 ms
2025-12-09 22:02:13 [info] : GET /api/vendor/category/get-category?page=1&limit=10 304 - - 1006.742 ms
2025-12-09 22:02:52 [info] : GET /api/vendor/vendor-data 304 - - 195.459 ms
2025-12-09 22:02:52 [info] : GET /api/vendor/category/get-category?page=1&limit=10 304 - - 245.544 ms
2025-12-09 22:02:55 [info] : GET /api/vendor/vendor-data 304 - - 21.969 ms
2025-12-09 22:02:55 [info] : GET /api/vendor/category/get-category?page=1&limit=10 304 - - 13.183 ms
2025-12-09 22:04:00 [info] : GET /api/vendor/vendor-data 304 - - 2803.931 ms
2025-12-09 22:04:00 [info] : GET /api/vendor/category/get-category?page=1&limit=10 304 - - 2777.852 ms
2025-12-09 22:29:42 [info] : GET /api/vendor/vendor-data 401 26 - 11.491 ms
2025-12-09 22:29:42 [info] : POST /api/auth/refresh 200 325 - 11.460 ms
2025-12-09 22:29:43 [info] : GET /api/vendor/vendor-data 304 - - 103.173 ms
2025-12-09 22:29:43 [info] : GET /api/vendor/category/get-category?page=1&limit=10 304 - - 186.797 ms
2025-12-09 22:30:10 [info] : GET /api/vendor/vendor-data 304 - - 61.866 ms
2025-12-09 22:30:11 [info] : GET /api/vendor/category/get-category?page=1&limit=10 304 - - 857.210 ms
2025-12-09 22:30:47 [info] : GET /api/vendor/vendor-data 304 - - 424.934 ms
2025-12-09 22:30:47 [info] : GET /api/vendor/category/get-category?page=1&limit=10 304 - - 445.885 ms
