2025-12-29 10:26:02 [info] : server is runnning port 5050 
2025-12-29 10:26:02 [info] : Mongodb Connect Successfully
2025-12-29 10:26:08 [info] : GET /api/admin/category/get-category?page=1&limit=10 401 63 - 5.404 ms
2025-12-29 10:26:08 [info] : POST /api/auth/refresh 200 253 - 4.043 ms
2025-12-29 10:26:08 [info] : GET /api/admin/category/get-category?page=1&limit=10 - - - - ms
2025-12-29 10:26:09 [info] : GET /api/admin/category/get-category?page=1&limit=10 200 2324 - 8.968 ms
2025-12-29 10:26:17 [info] : GET /api/admin/allusers?page=1&limit=10 304 - - 11.483 ms
2025-12-29 10:26:18 [info] : GET /api/admin/allvendors?page=1&limit=10 304 - - 6.668 ms
2025-12-29 10:26:20 [info] : GET /api/admin/allvendors?page=1&limit=10 304 - - 8.632 ms
2025-12-29 10:26:20 [info] : GET /api/admin/allusers?page=1&limit=10 304 - - 6.576 ms
2025-12-29 10:26:21 [info] : GET /api/admin/category/get-category?page=1&limit=10 304 - - 5.887 ms
2025-12-29 10:26:23 [info] : GET /api/admin/category/get-category?page=1&limit=10 304 - - 4.863 ms
2025-12-29 10:26:24 [info] : GET /api/admin/allusers?page=1&limit=10 304 - - 6.352 ms
2025-12-29 10:26:25 [info] : GET /api/admin/allvendors?page=1&limit=10 304 - - 7.242 ms
2025-12-29 10:26:27 [info] : GET /api/admin/allvendors?page=1&limit=10 304 - - 7.084 ms
2025-12-29 10:26:27 [info] : GET /api/admin/allusers?page=1&limit=10 304 - - 6.906 ms
2025-12-29 10:26:35 [info] : GET /api/admin/category/get-category?page=1&limit=10 304 - - 5.732 ms
2025-12-29 10:27:11 [info] : server is runnning port 5050 
2025-12-29 10:27:11 [info] : Mongodb Connect Successfully
2025-12-29 10:29:41 [info] : server is runnning port 5050 
2025-12-29 10:29:41 [info] : Mongodb Connect Successfully
2025-12-29 10:31:07 [info] : server is runnning port 5050 
2025-12-29 10:31:07 [info] : Mongodb Connect Successfully
2025-12-29 10:31:08 [info] : server is runnning port 5050 
2025-12-29 10:31:08 [info] : Mongodb Connect Successfully
2025-12-29 10:32:11 [info] : server is runnning port 5050 
2025-12-29 10:32:11 [info] : Mongodb Connect Successfully
2025-12-29 10:33:03 [info] : server is runnning port 5050 
2025-12-29 10:33:03 [info] : Mongodb Connect Successfully
2025-12-29 10:33:05 [info] : server is runnning port 5050 
2025-12-29 10:33:05 [info] : Mongodb Connect Successfully
2025-12-29 10:33:08 [info] : server is runnning port 5050 
2025-12-29 10:33:08 [info] : Mongodb Connect Successfully
2025-12-29 10:33:21 [info] : server is runnning port 5050 
2025-12-29 10:33:21 [info] : Mongodb Connect Successfully
2025-12-29 10:33:38 [info] : server is runnning port 5050 
2025-12-29 10:33:38 [info] : Mongodb Connect Successfully
2025-12-29 10:33:44 [info] : server is runnning port 5050 
2025-12-29 10:33:44 [info] : Mongodb Connect Successfully
2025-12-29 10:36:52 [info] : server is runnning port 5050 
2025-12-29 10:36:52 [info] : Mongodb Connect Successfully
2025-12-29 10:37:45 [info] : PUT /api/vendor/editCategory/b42f08b3-538b-4232-864a-3a2c5d409e05 404 199 - 3.262 ms
2025-12-29 10:38:07 [info] : PUT /api/vendor/editCategory/694c135790aa690eac4daf8b 404 187 - 6.026 ms
2025-12-29 10:38:09 [info] : PUT /api/vendor/editCategory/694c135790aa690eac4daf8b 404 187 - 0.756 ms
2025-12-29 10:40:39 [info] : PUT /api/admin/editCategory/694c135790aa690eac4daf8b 401 63 - 15.799 ms
2025-12-29 10:49:15 [info] : server is runnning port 5050 
2025-12-29 10:49:15 [info] : Mongodb Connect Successfully
2025-12-29 10:50:36 [info] : server is runnning port 5050 
2025-12-29 10:50:36 [info] : Mongodb Connect Successfully
2025-12-29 10:50:37 [info] : server is runnning port 5050 
2025-12-29 10:50:37 [info] : Mongodb Connect Successfully
2025-12-29 10:51:08 [info] : server is runnning port 5050 
2025-12-29 10:51:08 [info] : Mongodb Connect Successfully
2025-12-29 10:51:56 [info] : PUT /api/admin/editCategory/a1255a4c-d38a-494c-b933-5ca538eabe88 500 157 - 43.838 ms
2025-12-29 10:52:32 [info] : server is runnning port 5050 
2025-12-29 10:52:32 [info] : Mongodb Connect Successfully
2025-12-29 10:52:38 [info] : server is runnning port 5050 
2025-12-29 10:52:38 [info] : Mongodb Connect Successfully
2025-12-29 10:52:41 [info] : server is runnning port 5050 
2025-12-29 10:52:41 [info] : Mongodb Connect Successfully
2025-12-29 11:14:00 [info] : PUT /api/admin/editCategory/a1255a4c-d38a-494c-b933-5ca538eabe88 500 157 - 42.902 ms
2025-12-29 11:14:52 [info] : server is runnning port 5050 
2025-12-29 11:14:52 [info] : Mongodb Connect Successfully
2025-12-29 11:14:56 [info] : PUT /api/admin/editCategory/a1255a4c-d38a-494c-b933-5ca538eabe88 500 157 - 31.875 ms
2025-12-29 11:17:24 [info] : server is runnning port 5050 
2025-12-29 11:17:24 [info] : Mongodb Connect Successfully
2025-12-29 11:18:06 [info] : server is runnning port 5050 
2025-12-29 11:18:06 [info] : Mongodb Connect Successfully
2025-12-29 11:20:11 [info] : server is runnning port 5050 
2025-12-29 11:20:11 [info] : Mongodb Connect Successfully
2025-12-29 11:20:23 [info] : server is runnning port 5050 
2025-12-29 11:20:23 [info] : Mongodb Connect Successfully
2025-12-29 11:20:25 [info] : server is runnning port 5050 
2025-12-29 11:20:25 [info] : Mongodb Connect Successfully
2025-12-29 11:20:30 [info] : server is runnning port 5050 
2025-12-29 11:20:30 [info] : Mongodb Connect Successfully
2025-12-29 11:20:37 [info] : server is runnning port 5050 
2025-12-29 11:20:37 [info] : Mongodb Connect Successfully
2025-12-29 11:20:50 [info] : server is runnning port 5050 
2025-12-29 11:20:50 [info] : Mongodb Connect Successfully
2025-12-29 11:20:51 [info] : server is runnning port 5050 
2025-12-29 11:20:51 [info] : Mongodb Connect Successfully
2025-12-29 11:21:09 [info] : server is runnning port 5050 
2025-12-29 11:21:09 [info] : Mongodb Connect Successfully
2025-12-29 11:21:45 [info] : server is runnning port 5050 
2025-12-29 11:21:45 [info] : Mongodb Connect Successfully
2025-12-29 11:21:53 [info] : server is runnning port 5050 
2025-12-29 11:21:53 [info] : Mongodb Connect Successfully
2025-12-29 11:21:59 [info] : server is runnning port 5050 
2025-12-29 11:21:59 [info] : Mongodb Connect Successfully
2025-12-29 11:22:02 [info] : server is runnning port 5050 
2025-12-29 11:22:02 [info] : Mongodb Connect Successfully
2025-12-29 11:22:04 [info] : server is runnning port 5050 
2025-12-29 11:22:04 [info] : Mongodb Connect Successfully
2025-12-29 11:22:06 [info] : server is runnning port 5050 
2025-12-29 11:22:06 [info] : Mongodb Connect Successfully
2025-12-29 11:22:08 [info] : server is runnning port 5050 
2025-12-29 11:22:08 [info] : Mongodb Connect Successfully
2025-12-29 11:22:42 [info] : server is runnning port 5050 
2025-12-29 11:22:42 [info] : Mongodb Connect Successfully
2025-12-29 11:22:49 [info] : server is runnning port 5050 
2025-12-29 11:22:49 [info] : Mongodb Connect Successfully
2025-12-29 11:22:57 [info] : server is runnning port 5050 
2025-12-29 11:22:57 [info] : Mongodb Connect Successfully
2025-12-29 11:22:59 [info] : server is runnning port 5050 
2025-12-29 11:22:59 [info] : Mongodb Connect Successfully
2025-12-29 11:25:05 [info] : server is runnning port 5050 
2025-12-29 11:25:05 [info] : Mongodb Connect Successfully
2025-12-29 11:25:12 [info] : server is runnning port 5050 
2025-12-29 11:25:12 [info] : Mongodb Connect Successfully
2025-12-29 11:25:19 [info] : server is runnning port 5050 
2025-12-29 11:25:19 [info] : Mongodb Connect Successfully
2025-12-29 11:25:22 [info] : server is runnning port 5050 
2025-12-29 11:25:22 [info] : Mongodb Connect Successfully
2025-12-29 11:25:26 [info] : server is runnning port 5050 
2025-12-29 11:25:26 [info] : Mongodb Connect Successfully
2025-12-29 11:31:32 [info] : server is runnning port 5050 
2025-12-29 11:31:32 [info] : Mongodb Connect Successfully
2025-12-29 11:35:15 [info] : server is runnning port 5050 
2025-12-29 11:35:15 [info] : Mongodb Connect Successfully
2025-12-29 11:37:44 [info] : server is runnning port 5050 
2025-12-29 11:37:44 [info] : Mongodb Connect Successfully
2025-12-29 11:40:20 [info] : server is runnning port 5050 
2025-12-29 11:40:20 [info] : Mongodb Connect Successfully
2025-12-29 11:40:21 [info] : server is runnning port 5050 
2025-12-29 11:40:21 [info] : Mongodb Connect Successfully
2025-12-29 11:40:25 [info] : server is runnning port 5050 
2025-12-29 11:40:25 [info] : Mongodb Connect Successfully
2025-12-29 11:40:30 [info] : server is runnning port 5050 
2025-12-29 11:40:30 [info] : Mongodb Connect Successfully
2025-12-29 11:40:35 [info] : server is runnning port 5050 
2025-12-29 11:40:35 [info] : Mongodb Connect Successfully
2025-12-29 11:42:02 [info] : server is runnning port 5050 
2025-12-29 11:42:02 [info] : Mongodb Connect Successfully
2025-12-29 11:42:03 [info] : server is runnning port 5050 
2025-12-29 11:42:03 [info] : Mongodb Connect Successfully
2025-12-29 11:42:32 [info] : server is runnning port 5050 
2025-12-29 11:42:32 [info] : Mongodb Connect Successfully
2025-12-29 11:42:49 [info] : server is runnning port 5050 
2025-12-29 11:42:49 [info] : Mongodb Connect Successfully
2025-12-29 11:43:07 [info] : server is runnning port 5050 
2025-12-29 11:43:07 [info] : Mongodb Connect Successfully
2025-12-29 11:43:53 [info] : server is runnning port 5050 
2025-12-29 11:43:53 [info] : Mongodb Connect Successfully
2025-12-29 11:44:17 [info] : server is runnning port 5050 
2025-12-29 11:44:17 [info] : Mongodb Connect Successfully
2025-12-29 11:44:34 [info] : server is runnning port 5050 
2025-12-29 11:44:34 [info] : Mongodb Connect Successfully
2025-12-29 11:44:44 [info] : server is runnning port 5050 
2025-12-29 11:44:44 [info] : Mongodb Connect Successfully
2025-12-29 11:44:49 [info] : server is runnning port 5050 
2025-12-29 11:44:49 [info] : Mongodb Connect Successfully
2025-12-29 11:50:44 [info] : GET /api/admin/category/get-category?page=1&limit=10 401 63 - 7.542 ms
2025-12-29 11:50:44 [info] : POST /api/auth/refresh 200 253 - 15.209 ms
2025-12-29 11:50:45 [info] : GET /api/admin/category/get-category?page=1&limit=10 304 - - 213.035 ms
2025-12-29 11:50:48 [info] : OPTIONS /api/admin/category/toggle-status/694c12d090aa690eac4daf82 204 0 - 0.245 ms
2025-12-29 11:50:48 [info] : PATCH /api/admin/category/toggle-status/694c12d090aa690eac4daf82 404 48 - 12.046 ms
2025-12-29 11:50:49 [info] : PATCH /api/admin/category/toggle-status/694c12d090aa690eac4daf82 404 48 - 3.919 ms
2025-12-29 11:50:50 [info] : PATCH /api/admin/category/toggle-status/694c12d090aa690eac4daf82 404 48 - 2.410 ms
2025-12-29 11:50:51 [info] : PATCH /api/admin/category/toggle-status/694c12d090aa690eac4daf82 404 48 - 3.648 ms
2025-12-29 11:57:41 [info] : GET /api/admin/category/get-category?page=1&limit=10 304 - - 111.764 ms
2025-12-29 11:57:57 [info] : GET /api/admin/category/get-category?page=1&limit=10 304 - - 3.159 ms
2025-12-29 11:57:59 [info] : GET /api/admin/category/get-category?page=1&limit=10 304 - - 13.117 ms
2025-12-29 11:58:03 [info] : GET /api/admin/category/get-category?page=1&limit=10 304 - - 2.600 ms
2025-12-29 11:58:07 [info] : GET /api/admin/category/get-category?page=1&limit=10 304 - - 26.270 ms
2025-12-29 11:58:18 [info] : OPTIONS /api/admin/category/toggle-status/694c135790aa690eac4daf8b 204 0 - 0.317 ms
2025-12-29 11:58:18 [info] : PATCH /api/admin/category/toggle-status/694c135790aa690eac4daf8b 404 48 - 17.758 ms
2025-12-29 11:58:19 [info] : PATCH /api/admin/category/toggle-status/694c135790aa690eac4daf8b 404 48 - 10.140 ms
2025-12-29 11:58:20 [info] : PATCH /api/admin/category/toggle-status/694c135790aa690eac4daf8b 404 48 - 2.491 ms
2025-12-29 11:58:20 [info] : PATCH /api/admin/category/toggle-status/694c135790aa690eac4daf8b 404 48 - 2.513 ms
2025-12-29 11:58:21 [info] : PATCH /api/admin/category/toggle-status/694c135790aa690eac4daf8b 404 48 - 2.986 ms
2025-12-29 11:58:21 [info] : PATCH /api/admin/category/toggle-status/694c135790aa690eac4daf8b 404 48 - 3.521 ms
2025-12-29 11:58:21 [info] : PATCH /api/admin/category/toggle-status/694c135790aa690eac4daf8b 404 48 - 3.361 ms
2025-12-29 11:58:21 [info] : PATCH /api/admin/category/toggle-status/694c135790aa690eac4daf8b 404 48 - 2.440 ms
2025-12-29 11:58:22 [info] : PATCH /api/admin/category/toggle-status/694c135790aa690eac4daf8b 404 48 - 2.526 ms
2025-12-29 11:58:22 [info] : PATCH /api/admin/category/toggle-status/694c135790aa690eac4daf8b 404 48 - 2.487 ms
2025-12-29 11:58:41 [info] : server is runnning port 5050 
2025-12-29 11:58:41 [info] : Mongodb Connect Successfully
2025-12-29 11:59:10 [info] : server is runnning port 5050 
2025-12-29 11:59:10 [info] : Mongodb Connect Successfully
2025-12-29 11:59:12 [info] : server is runnning port 5050 
2025-12-29 11:59:12 [info] : Mongodb Connect Successfully
2025-12-29 11:59:24 [info] : server is runnning port 5050 
2025-12-29 11:59:24 [info] : Mongodb Connect Successfully
2025-12-29 11:59:29 [info] : server is runnning port 5050 
2025-12-29 11:59:29 [info] : Mongodb Connect Successfully
2025-12-29 11:59:37 [info] : OPTIONS /api/admin/category/toggle-status/694c135790aa690eac4daf8b 204 0 - 1.950 ms
2025-12-29 11:59:37 [info] : PATCH /api/admin/category/toggle-status/694c135790aa690eac4daf8b 404 48 - 39.731 ms
2025-12-29 11:59:52 [info] : OPTIONS /api/admin/category/toggle-status/694c135790aa690eac4daf8b 204 0 - 2.026 ms
2025-12-29 11:59:53 [info] : PATCH /api/admin/category/toggle-status/694c135790aa690eac4daf8b 404 48 - 10.629 ms
2025-12-29 11:59:53 [info] : PATCH /api/admin/category/toggle-status/694c135790aa690eac4daf8b 404 48 - 6.271 ms
2025-12-29 12:00:20 [info] : GET /api/admin/category/get-category?page=1&limit=10 304 - - 91.005 ms
2025-12-29 12:00:28 [info] : server is runnning port 5050 
2025-12-29 12:00:28 [info] : Mongodb Connect Successfully
2025-12-29 12:00:43 [info] : server is runnning port 5050 
2025-12-29 12:00:43 [info] : Mongodb Connect Successfully
2025-12-29 12:00:46 [info] : server is runnning port 5050 
2025-12-29 12:00:46 [info] : Mongodb Connect Successfully
2025-12-29 12:00:55 [info] : server is runnning port 5050 
2025-12-29 12:00:55 [info] : Mongodb Connect Successfully
2025-12-29 12:00:56 [info] : server is runnning port 5050 
2025-12-29 12:00:56 [info] : Mongodb Connect Successfully
2025-12-29 12:00:59 [info] : server is runnning port 5050 
2025-12-29 12:00:59 [info] : Mongodb Connect Successfully
2025-12-29 12:01:03 [info] : server is runnning port 5050 
2025-12-29 12:01:03 [info] : Mongodb Connect Successfully
2025-12-29 12:01:06 [info] : GET /api/admin/category/get-category?page=1&limit=10 304 - - 134.757 ms
2025-12-29 12:01:07 [info] : OPTIONS /api/admin/category/toggle-status/694c135790aa690eac4daf8b 204 0 - 0.679 ms
2025-12-29 12:01:07 [info] : PATCH /api/admin/category/toggle-status/694c135790aa690eac4daf8b 200 293 - 44.621 ms
2025-12-29 12:01:09 [info] : GET /api/admin/category/get-category?page=1&limit=10 200 2325 - 7.097 ms
2025-12-29 12:01:10 [info] : PATCH /api/admin/category/toggle-status/694c135790aa690eac4daf8b 200 292 - 6.198 ms
2025-12-29 12:02:40 [info] : server is runnning port 5050 
2025-12-29 12:02:40 [info] : Mongodb Connect Successfully
2025-12-29 12:02:43 [info] : server is runnning port 5050 
2025-12-29 12:02:43 [info] : Mongodb Connect Successfully
2025-12-29 12:02:48 [info] : server is runnning port 5050 
2025-12-29 12:02:48 [info] : Mongodb Connect Successfully
2025-12-29 12:02:50 [info] : server is runnning port 5050 
2025-12-29 12:02:50 [info] : Mongodb Connect Successfully
2025-12-29 12:03:00 [info] : server is runnning port 5050 
2025-12-29 12:03:00 [info] : Mongodb Connect Successfully
2025-12-29 12:04:44 [info] : server is runnning port 5050 
2025-12-29 12:04:44 [info] : Mongodb Connect Successfully
2025-12-29 12:04:58 [info] : server is runnning port 5050 
2025-12-29 12:04:58 [info] : Mongodb Connect Successfully
2025-12-29 12:05:02 [info] : server is runnning port 5050 
2025-12-29 12:05:02 [info] : Mongodb Connect Successfully
2025-12-29 12:05:05 [info] : server is runnning port 5050 
2025-12-29 12:05:05 [info] : Mongodb Connect Successfully
2025-12-29 12:05:15 [info] : server is runnning port 5050 
2025-12-29 12:05:15 [info] : Mongodb Connect Successfully
2025-12-29 12:05:17 [info] : server is runnning port 5050 
2025-12-29 12:05:17 [info] : Mongodb Connect Successfully
2025-12-29 12:07:03 [info] : server is runnning port 5050 
2025-12-29 12:07:03 [info] : Mongodb Connect Successfully
2025-12-29 12:07:20 [info] : server is runnning port 5050 
2025-12-29 12:07:20 [info] : Mongodb Connect Successfully
2025-12-29 12:07:23 [info] : server is runnning port 5050 
2025-12-29 12:07:23 [info] : Mongodb Connect Successfully
2025-12-29 12:07:31 [info] : server is runnning port 5050 
2025-12-29 12:07:31 [info] : Mongodb Connect Successfully
2025-12-29 12:07:37 [info] : server is runnning port 5050 
2025-12-29 12:07:37 [info] : Mongodb Connect Successfully
2025-12-29 12:07:38 [info] : server is runnning port 5050 
2025-12-29 12:07:38 [info] : Mongodb Connect Successfully
2025-12-29 12:07:42 [info] : server is runnning port 5050 
2025-12-29 12:07:42 [info] : Mongodb Connect Successfully
2025-12-29 12:07:49 [info] : server is runnning port 5050 
2025-12-29 12:07:49 [info] : Mongodb Connect Successfully
2025-12-29 12:07:57 [info] : server is runnning port 5050 
2025-12-29 12:07:57 [info] : Mongodb Connect Successfully
2025-12-29 12:07:59 [info] : server is runnning port 5050 
2025-12-29 12:07:59 [info] : Mongodb Connect Successfully
2025-12-29 12:08:03 [info] : server is runnning port 5050 
2025-12-29 12:08:03 [info] : Mongodb Connect Successfully
2025-12-29 12:08:07 [info] : server is runnning port 5050 
2025-12-29 12:08:07 [info] : Mongodb Connect Successfully
2025-12-29 12:08:13 [info] : server is runnning port 5050 
2025-12-29 12:08:13 [info] : Mongodb Connect Successfully
2025-12-29 12:08:16 [info] : server is runnning port 5050 
2025-12-29 12:08:16 [info] : Mongodb Connect Successfully
2025-12-29 12:08:20 [info] : server is runnning port 5050 
2025-12-29 12:08:20 [info] : Mongodb Connect Successfully
2025-12-29 12:08:23 [info] : server is runnning port 5050 
2025-12-29 12:08:23 [info] : Mongodb Connect Successfully
2025-12-29 12:08:30 [info] : server is runnning port 5050 
2025-12-29 12:08:30 [info] : Mongodb Connect Successfully
2025-12-29 12:08:33 [info] : server is runnning port 5050 
2025-12-29 12:08:33 [info] : Mongodb Connect Successfully
2025-12-29 12:08:39 [info] : server is runnning port 5050 
2025-12-29 12:08:39 [info] : Mongodb Connect Successfully
2025-12-29 12:08:41 [info] : server is runnning port 5050 
2025-12-29 12:08:41 [info] : Mongodb Connect Successfully
2025-12-29 12:08:45 [info] : server is runnning port 5050 
2025-12-29 12:08:45 [info] : Mongodb Connect Successfully
2025-12-29 12:08:50 [info] : server is runnning port 5050 
2025-12-29 12:08:50 [info] : Mongodb Connect Successfully
2025-12-29 12:08:56 [info] : server is runnning port 5050 
2025-12-29 12:08:56 [info] : Mongodb Connect Successfully
2025-12-29 12:08:59 [info] : server is runnning port 5050 
2025-12-29 12:09:00 [info] : Mongodb Connect Successfully
2025-12-29 12:11:00 [info] : server is runnning port 5050 
2025-12-29 12:11:00 [info] : Mongodb Connect Successfully
2025-12-29 12:11:05 [info] : server is runnning port 5050 
2025-12-29 12:11:05 [info] : Mongodb Connect Successfully
2025-12-29 12:11:13 [info] : server is runnning port 5050 
2025-12-29 12:11:13 [info] : Mongodb Connect Successfully
2025-12-29 12:11:17 [info] : server is runnning port 5050 
2025-12-29 12:11:17 [info] : Mongodb Connect Successfully
2025-12-29 12:11:22 [info] : server is runnning port 5050 
2025-12-29 12:11:22 [info] : Mongodb Connect Successfully
2025-12-29 12:11:24 [info] : server is runnning port 5050 
2025-12-29 12:11:24 [info] : Mongodb Connect Successfully
2025-12-29 12:11:27 [info] : server is runnning port 5050 
2025-12-29 12:11:27 [info] : Mongodb Connect Successfully
2025-12-29 12:11:30 [info] : server is runnning port 5050 
2025-12-29 12:11:30 [info] : Mongodb Connect Successfully
2025-12-29 12:11:35 [info] : server is runnning port 5050 
2025-12-29 12:11:35 [info] : Mongodb Connect Successfully
2025-12-29 12:11:46 [info] : server is runnning port 5050 
2025-12-29 12:11:46 [info] : Mongodb Connect Successfully
2025-12-29 12:12:02 [info] : server is runnning port 5050 
2025-12-29 12:12:02 [info] : Mongodb Connect Successfully
2025-12-29 12:12:07 [info] : server is runnning port 5050 
2025-12-29 12:12:07 [info] : Mongodb Connect Successfully
2025-12-29 12:12:13 [info] : server is runnning port 5050 
2025-12-29 12:12:13 [info] : Mongodb Connect Successfully
2025-12-29 12:12:14 [info] : server is runnning port 5050 
2025-12-29 12:12:14 [info] : Mongodb Connect Successfully
2025-12-29 12:12:16 [info] : server is runnning port 5050 
2025-12-29 12:12:16 [info] : Mongodb Connect Successfully
2025-12-29 12:12:21 [info] : server is runnning port 5050 
2025-12-29 12:12:21 [info] : Mongodb Connect Successfully
2025-12-29 12:12:30 [info] : server is runnning port 5050 
2025-12-29 12:12:30 [info] : Mongodb Connect Successfully
2025-12-29 12:12:36 [info] : server is runnning port 5050 
2025-12-29 12:12:36 [info] : Mongodb Connect Successfully
2025-12-29 12:12:37 [info] : server is runnning port 5050 
2025-12-29 12:12:38 [info] : Mongodb Connect Successfully
2025-12-29 12:12:41 [info] : PUT /api/admin/editCategory/a1255a4c-d38a-494c-b933-5ca538eabe88 500 91 - 67.392 ms
2025-12-29 12:13:16 [info] : server is runnning port 5050 
2025-12-29 12:13:16 [info] : Mongodb Connect Successfully
2025-12-29 12:13:22 [info] : PUT /api/admin/editCategory/a1255a4c-d38a-494c-b933-5ca538eabe88 500 91 - 18.041 ms
2025-12-29 12:16:48 [info] : server is runnning port 5050 
2025-12-29 12:16:48 [info] : Mongodb Connect Successfully
2025-12-29 12:16:51 [info] : server is runnning port 5050 
2025-12-29 12:16:51 [info] : Mongodb Connect Successfully
2025-12-29 12:17:33 [info] : server is runnning port 5050 
2025-12-29 12:17:33 [info] : Mongodb Connect Successfully
2025-12-29 12:18:53 [info] : server is runnning port 5050 
2025-12-29 12:18:53 [info] : Mongodb Connect Successfully
2025-12-29 12:18:56 [info] : server is runnning port 5050 
2025-12-29 12:18:56 [info] : Mongodb Connect Successfully
2025-12-29 12:19:10 [info] : server is runnning port 5050 
2025-12-29 12:19:10 [info] : Mongodb Connect Successfully
2025-12-29 12:19:12 [info] : server is runnning port 5050 
2025-12-29 12:19:12 [info] : Mongodb Connect Successfully
2025-12-29 12:19:18 [info] : server is runnning port 5050 
2025-12-29 12:19:18 [info] : Mongodb Connect Successfully
2025-12-29 12:19:20 [info] : PUT /api/admin/editCategory/a1255a4c-d38a-494c-b933-5ca538eabe88 500 91 - 39.916 ms
2025-12-29 12:20:21 [info] : server is runnning port 5050 
2025-12-29 12:20:21 [info] : Mongodb Connect Successfully
2025-12-29 12:20:31 [info] : PUT /api/admin/editCategory/a1255a4c-d38a-494c-b933-5ca538eabe88 500 91 - 29.660 ms
2025-12-29 12:20:37 [info] : GET /api/admin/category/get-category?page=1&limit=10 401 63 - 1.858 ms
2025-12-29 12:20:37 [info] : POST /api/auth/refresh 200 253 - 14.198 ms
2025-12-29 12:20:37 [info] : GET /api/admin/category/get-category?page=1&limit=10 200 2324 - 454.202 ms
2025-12-29 12:20:54 [info] : PUT /api/admin/editCategory/a1255a4c-d38a-494c-b933-5ca538eabe88 500 91 - 64.358 ms
2025-12-29 12:22:24 [info] : server is runnning port 5050 
2025-12-29 12:22:24 [info] : Mongodb Connect Successfully
2025-12-29 12:22:34 [info] : server is runnning port 5050 
2025-12-29 12:22:34 [info] : Mongodb Connect Successfully
2025-12-29 12:22:41 [info] : server is runnning port 5050 
2025-12-29 12:22:41 [info] : Mongodb Connect Successfully
2025-12-29 12:22:46 [info] : server is runnning port 5050 
2025-12-29 12:22:46 [info] : Mongodb Connect Successfully
2025-12-29 12:22:50 [info] : PUT /api/admin/editCategory/a1255a4c-d38a-494c-b933-5ca538eabe88 500 91 - 58.028 ms
2025-12-29 12:23:18 [info] : server is runnning port 5050 
2025-12-29 12:23:18 [info] : Mongodb Connect Successfully
2025-12-29 12:23:27 [info] : server is runnning port 5050 
2025-12-29 12:23:27 [info] : Mongodb Connect Successfully
2025-12-29 12:23:31 [info] : PUT /api/admin/editCategory/a1255a4c-d38a-494c-b933-5ca538eabe88 500 91 - 18.437 ms
2025-12-29 12:26:24 [info] : server is runnning port 5050 
2025-12-29 12:26:24 [info] : Mongodb Connect Successfully
2025-12-29 12:26:27 [info] : server is runnning port 5050 
2025-12-29 12:26:27 [info] : Mongodb Connect Successfully
2025-12-29 12:27:26 [info] : server is runnning port 5050 
2025-12-29 12:27:26 [info] : Mongodb Connect Successfully
2025-12-29 12:27:27 [info] : server is runnning port 5050 
2025-12-29 12:27:27 [info] : Mongodb Connect Successfully
2025-12-29 12:27:28 [info] : server is runnning port 5050 
2025-12-29 12:27:28 [info] : Mongodb Connect Successfully
2025-12-29 12:27:30 [info] : server is runnning port 5050 
2025-12-29 12:27:30 [info] : Mongodb Connect Successfully
2025-12-29 12:27:33 [info] : PUT /api/admin/editCategory/a1255a4c-d38a-494c-b933-5ca538eabe88 500 91 - 672.761 ms
2025-12-29 12:30:11 [info] : server is runnning port 5050 
2025-12-29 12:30:11 [info] : Mongodb Connect Successfully
2025-12-29 12:30:24 [info] : server is runnning port 5050 
2025-12-29 12:30:24 [info] : Mongodb Connect Successfully
2025-12-29 12:30:29 [info] : server is runnning port 5050 
2025-12-29 12:30:29 [info] : Mongodb Connect Successfully
2025-12-29 12:30:38 [info] : server is runnning port 5050 
2025-12-29 12:30:38 [info] : Mongodb Connect Successfully
2025-12-29 12:30:40 [info] : PUT /api/admin/editCategory/a1255a4c-d38a-494c-b933-5ca538eabe88 500 91 - 50.339 ms
2025-12-29 12:31:25 [info] : server is runnning port 5050 
2025-12-29 12:31:25 [info] : Mongodb Connect Successfully
2025-12-29 12:33:53 [info] : server is runnning port 5050 
2025-12-29 12:33:53 [info] : Mongodb Connect Successfully
2025-12-29 12:33:55 [info] : server is runnning port 5050 
2025-12-29 12:33:55 [info] : Mongodb Connect Successfully
2025-12-29 12:34:43 [info] : server is runnning port 5050 
2025-12-29 12:34:43 [info] : Mongodb Connect Successfully
2025-12-29 12:34:49 [info] : server is runnning port 5050 
2025-12-29 12:34:49 [info] : Mongodb Connect Successfully
2025-12-29 12:34:50 [info] : server is runnning port 5050 
2025-12-29 12:34:50 [info] : Mongodb Connect Successfully
2025-12-29 12:34:56 [info] : server is runnning port 5050 
2025-12-29 12:34:56 [info] : Mongodb Connect Successfully
2025-12-29 12:35:12 [info] : server is runnning port 5050 
2025-12-29 12:35:12 [info] : Mongodb Connect Successfully
2025-12-29 12:35:20 [info] : server is runnning port 5050 
2025-12-29 12:35:20 [info] : Mongodb Connect Successfully
2025-12-29 12:35:50 [info] : server is runnning port 5050 
2025-12-29 12:35:50 [info] : Mongodb Connect Successfully
2025-12-29 12:35:55 [info] : server is runnning port 5050 
2025-12-29 12:35:55 [info] : Mongodb Connect Successfully
2025-12-29 12:37:07 [info] : server is runnning port 5050 
2025-12-29 12:37:07 [info] : Mongodb Connect Successfully
2025-12-29 12:37:19 [info] : server is runnning port 5050 
2025-12-29 12:37:19 [info] : Mongodb Connect Successfully
2025-12-29 12:37:24 [info] : server is runnning port 5050 
2025-12-29 12:37:24 [info] : Mongodb Connect Successfully
2025-12-29 12:39:42 [info] : server is runnning port 5050 
2025-12-29 12:39:42 [info] : Mongodb Connect Successfully
2025-12-29 12:39:43 [info] : server is runnning port 5050 
2025-12-29 12:39:43 [info] : Mongodb Connect Successfully
2025-12-29 12:39:46 [info] : server is runnning port 5050 
2025-12-29 12:39:46 [info] : Mongodb Connect Successfully
2025-12-29 12:39:56 [info] : server is runnning port 5050 
2025-12-29 12:39:56 [info] : Mongodb Connect Successfully
2025-12-29 12:40:00 [info] : server is runnning port 5050 
2025-12-29 12:40:00 [info] : Mongodb Connect Successfully
2025-12-29 12:40:05 [info] : server is runnning port 5050 
2025-12-29 12:40:05 [info] : Mongodb Connect Successfully
2025-12-29 12:40:51 [info] : server is runnning port 5050 
2025-12-29 12:40:51 [info] : Mongodb Connect Successfully
2025-12-29 12:41:05 [info] : server is runnning port 5050 
2025-12-29 12:41:05 [info] : Mongodb Connect Successfully
2025-12-29 12:41:21 [info] : server is runnning port 5050 
2025-12-29 12:41:21 [info] : Mongodb Connect Successfully
2025-12-29 12:41:23 [info] : server is runnning port 5050 
2025-12-29 12:41:23 [info] : Mongodb Connect Successfully
2025-12-29 12:41:25 [info] : server is runnning port 5050 
2025-12-29 12:41:25 [info] : Mongodb Connect Successfully
2025-12-29 12:41:31 [info] : server is runnning port 5050 
2025-12-29 12:41:31 [info] : Mongodb Connect Successfully
2025-12-29 12:41:49 [info] : server is runnning port 5050 
2025-12-29 12:41:49 [info] : Mongodb Connect Successfully
2025-12-29 12:41:52 [info] : server is runnning port 5050 
2025-12-29 12:41:52 [info] : Mongodb Connect Successfully
2025-12-29 12:41:55 [info] : server is runnning port 5050 
2025-12-29 12:41:55 [info] : Mongodb Connect Successfully
2025-12-29 12:42:01 [info] : server is runnning port 5050 
2025-12-29 12:42:01 [info] : Mongodb Connect Successfully
2025-12-29 12:42:02 [info] : server is runnning port 5050 
2025-12-29 12:42:02 [info] : Mongodb Connect Successfully
2025-12-29 12:42:05 [info] : server is runnning port 5050 
2025-12-29 12:42:05 [info] : Mongodb Connect Successfully
2025-12-29 12:42:14 [info] : server is runnning port 5050 
2025-12-29 12:42:14 [info] : Mongodb Connect Successfully
2025-12-29 12:42:18 [info] : server is runnning port 5050 
2025-12-29 12:42:18 [info] : Mongodb Connect Successfully
2025-12-29 12:42:19 [info] : server is runnning port 5050 
2025-12-29 12:42:19 [info] : Mongodb Connect Successfully
2025-12-29 12:42:24 [info] : server is runnning port 5050 
2025-12-29 12:42:24 [info] : Mongodb Connect Successfully
2025-12-29 12:42:28 [info] : server is runnning port 5050 
2025-12-29 12:42:28 [info] : Mongodb Connect Successfully
2025-12-29 12:42:32 [info] : server is runnning port 5050 
2025-12-29 12:42:32 [info] : Mongodb Connect Successfully
2025-12-29 12:42:48 [info] : server is runnning port 5050 
2025-12-29 12:42:48 [info] : Mongodb Connect Successfully
2025-12-29 12:42:58 [info] : server is runnning port 5050 
2025-12-29 12:42:58 [info] : Mongodb Connect Successfully
2025-12-29 12:43:09 [info] : server is runnning port 5050 
2025-12-29 12:43:09 [info] : Mongodb Connect Successfully
2025-12-29 12:43:15 [info] : server is runnning port 5050 
2025-12-29 12:43:15 [info] : Mongodb Connect Successfully
2025-12-29 12:43:26 [info] : server is runnning port 5050 
2025-12-29 12:43:26 [info] : Mongodb Connect Successfully
2025-12-29 12:43:27 [info] : server is runnning port 5050 
2025-12-29 12:43:27 [info] : Mongodb Connect Successfully
2025-12-29 12:43:31 [info] : server is runnning port 5050 
2025-12-29 12:43:31 [info] : Mongodb Connect Successfully
2025-12-29 12:43:34 [info] : server is runnning port 5050 
2025-12-29 12:43:34 [info] : Mongodb Connect Successfully
2025-12-29 12:43:38 [info] : PUT /api/admin/editCategory/a1255a4c-d38a-494c-b933-5ca538eabe88 200 323 - 72.942 ms
2025-12-29 12:43:49 [info] : PUT /api/admin/editCategory/a1255a4c-d38a-494c-b933-5ca538eabe88 200 323 - 13.390 ms
2025-12-29 12:43:50 [info] : PUT /api/admin/editCategory/a1255a4c-d38a-494c-b933-5ca538eabe88 200 323 - 11.333 ms
2025-12-29 12:43:51 [info] : PUT /api/admin/editCategory/a1255a4c-d38a-494c-b933-5ca538eabe88 200 323 - 9.761 ms
2025-12-29 12:43:52 [info] : PUT /api/admin/editCategory/a1255a4c-d38a-494c-b933-5ca538eabe88 200 323 - 11.220 ms
2025-12-29 12:44:12 [info] : PUT /api/admin/editCategory/a1255a4c-d38a-494c-b933-5ca538eabe88 200 323 - 16.472 ms
2025-12-29 12:44:13 [info] : PUT /api/admin/editCategory/a1255a4c-d38a-494c-b933-5ca538eabe88 200 323 - 8.397 ms
2025-12-29 12:44:14 [info] : PUT /api/admin/editCategory/a1255a4c-d38a-494c-b933-5ca538eabe88 200 323 - 10.589 ms
2025-12-29 12:44:14 [info] : PUT /api/admin/editCategory/a1255a4c-d38a-494c-b933-5ca538eabe88 200 323 - 8.557 ms
2025-12-29 12:44:14 [info] : PUT /api/admin/editCategory/a1255a4c-d38a-494c-b933-5ca538eabe88 200 323 - 7.763 ms
2025-12-29 12:44:15 [info] : PUT /api/admin/editCategory/a1255a4c-d38a-494c-b933-5ca538eabe88 200 323 - 4.252 ms
2025-12-29 12:44:15 [info] : PUT /api/admin/editCategory/a1255a4c-d38a-494c-b933-5ca538eabe88 200 323 - 9.412 ms
2025-12-29 12:44:15 [info] : PUT /api/admin/editCategory/a1255a4c-d38a-494c-b933-5ca538eabe88 200 323 - 9.313 ms
2025-12-29 12:44:15 [info] : PUT /api/admin/editCategory/a1255a4c-d38a-494c-b933-5ca538eabe88 200 323 - 7.738 ms
2025-12-29 12:44:15 [info] : PUT /api/admin/editCategory/a1255a4c-d38a-494c-b933-5ca538eabe88 200 323 - 7.877 ms
2025-12-29 12:44:16 [info] : PUT /api/admin/editCategory/a1255a4c-d38a-494c-b933-5ca538eabe88 200 323 - 9.095 ms
2025-12-29 12:44:16 [info] : PUT /api/admin/editCategory/a1255a4c-d38a-494c-b933-5ca538eabe88 200 323 - 8.273 ms
2025-12-29 12:44:16 [info] : PUT /api/admin/editCategory/a1255a4c-d38a-494c-b933-5ca538eabe88 200 323 - 8.412 ms
2025-12-29 12:44:17 [info] : PUT /api/admin/editCategory/a1255a4c-d38a-494c-b933-5ca538eabe88 200 323 - 8.853 ms
2025-12-29 12:44:17 [info] : PUT /api/admin/editCategory/a1255a4c-d38a-494c-b933-5ca538eabe88 200 323 - 9.688 ms
2025-12-29 12:44:17 [info] : PUT /api/admin/editCategory/a1255a4c-d38a-494c-b933-5ca538eabe88 200 323 - 12.805 ms
2025-12-29 12:44:17 [info] : PUT /api/admin/editCategory/a1255a4c-d38a-494c-b933-5ca538eabe88 200 323 - 8.591 ms
2025-12-29 12:45:48 [info] : server is runnning port 5050 
2025-12-29 12:45:48 [info] : Mongodb Connect Successfully
2025-12-29 12:45:52 [info] : PUT /api/admin/editCategory/a1255a4c-d38a-494c-b933-5ca538eabe88 200 323 - 42.816 ms
2025-12-29 12:45:53 [info] : PUT /api/admin/editCategory/a1255a4c-d38a-494c-b933-5ca538eabe88 200 323 - 11.109 ms
2025-12-29 12:45:54 [info] : PUT /api/admin/editCategory/a1255a4c-d38a-494c-b933-5ca538eabe88 200 323 - 9.308 ms
2025-12-29 12:45:54 [info] : PUT /api/admin/editCategory/a1255a4c-d38a-494c-b933-5ca538eabe88 200 323 - 10.488 ms
2025-12-29 12:48:22 [info] : PUT /api/admin/editCategory/a1255a4c-d38a-494c-b933-5ca538eabe88 409 45 - 331.971 ms
2025-12-29 12:48:36 [info] : GET /api/admin/category/get-category?page=1&limit=10 401 63 - 1.549 ms
2025-12-29 12:48:36 [info] : POST /api/auth/refresh 200 253 - 19.405 ms
2025-12-29 12:48:36 [info] : GET /api/admin/category/get-category?page=1&limit=10 200 2354 - 70.024 ms
2025-12-29 12:52:48 [info] : GET /api/admin/category/get-category?page=1&limit=10 304 - - 89.176 ms
2025-12-29 12:53:05 [info] : GET /api/admin/category/get-category?page=1&limit=10 304 - - 166.189 ms
2025-12-29 12:59:18 [info] : GET /api/admin/category/get-category?page=1&limit=10 304 - - 87.632 ms
2025-12-29 12:59:19 [info] : GET /api/admin/category/get-category?page=1&limit=10 304 - - 6.629 ms
2025-12-29 12:59:21 [info] : GET /api/admin/category/get-category?page=1&limit=10 304 - - 5.840 ms
2025-12-29 12:59:48 [info] : GET /api/admin/category/get-category?page=1&limit=10 304 - - 57.931 ms
2025-12-29 12:59:53 [info] : GET /api/admin/category/get-category?page=1&limit=10 304 - - 5.446 ms
2025-12-29 13:00:00 [info] : GET /api/admin/category/get-category?page=1&limit=10 304 - - 9.297 ms
2025-12-29 13:00:02 [info] : GET /api/admin/category/get-category?page=1&limit=10 304 - - 5.642 ms
2025-12-29 13:00:04 [info] : GET /api/admin/category/get-category?page=1&limit=10 304 - - 6.533 ms
2025-12-29 13:00:12 [info] : GET /api/admin/category/get-category?page=1&limit=10 304 - - 9.884 ms
2025-12-29 13:00:14 [info] : GET /api/admin/category/get-category?page=1&limit=10 304 - - 6.273 ms
2025-12-29 13:00:47 [info] : GET /api/admin/category/get-category?page=1&limit=10 304 - - 101.781 ms
2025-12-29 13:00:49 [info] : GET /api/admin/category/get-category?page=1&limit=10 304 - - 3.476 ms
2025-12-29 13:00:57 [info] : GET /api/admin/category/get-category?page=1&limit=10 304 - - 2.022 ms
2025-12-29 13:00:58 [info] : GET /api/admin/category/get-category?page=1&limit=10 304 - - 3.427 ms
2025-12-29 13:01:03 [info] : GET /api/admin/category/get-category?page=1&limit=10 304 - - 4.095 ms
2025-12-29 13:01:22 [info] : GET /api/admin/category/get-category?page=1&limit=10 304 - - 7.650 ms
2025-12-29 13:01:24 [info] : GET /api/admin/category/get-category?page=1&limit=10 304 - - 9.009 ms
2025-12-29 13:01:27 [info] : GET /api/admin/category/get-category?page=1&limit=10 304 - - 4.531 ms
2025-12-29 13:01:31 [info] : GET /api/admin/category/get-category?page=1&limit=10 304 - - 4.011 ms
2025-12-29 13:02:50 [info] : GET /api/admin/category/get-category?page=1&limit=10 304 - - 77.039 ms
2025-12-29 13:02:53 [info] : GET /api/admin/category/get-category?page=1&limit=10 304 - - 7.088 ms
2025-12-29 13:03:01 [info] : GET /api/admin/category/get-category?page=1&limit=10 304 - - 11.401 ms
2025-12-29 13:03:03 [info] : GET /api/admin/category/get-category?page=1&limit=10 304 - - 6.404 ms
2025-12-29 13:03:32 [info] : GET /api/admin/category/get-category?page=1&limit=10 304 - - 95.760 ms
2025-12-29 13:03:36 [info] : GET /api/admin/category/get-category?page=1&limit=10 304 - - 94.515 ms
2025-12-29 13:03:38 [info] : GET /api/admin/category/get-category?page=1&limit=10 401 63 - 3.767 ms
2025-12-29 13:03:38 [info] : POST /api/auth/refresh 200 253 - 7.984 ms
2025-12-29 13:03:38 [info] : GET /api/admin/category/get-category?page=1&limit=10 304 - - 77.866 ms
2025-12-29 13:03:43 [info] : GET /api/admin/category/get-category?page=1&limit=10 304 - - 23.478 ms
2025-12-29 13:03:51 [info] : GET /api/admin/category/get-category?page=1&limit=10 304 - - 11.751 ms
2025-12-29 13:03:52 [info] : GET /api/admin/category/get-category?page=1&limit=10 304 - - 5.049 ms
2025-12-29 13:03:57 [info] : GET /api/admin/category/get-category?page=1&limit=10 304 - - 11.269 ms
2025-12-29 13:03:59 [info] : GET /api/admin/category/get-category?page=1&limit=10 304 - - 4.731 ms
2025-12-29 13:04:03 [info] : GET /api/admin/category/get-category?page=1&limit=10 304 - - 7.909 ms
2025-12-29 13:04:10 [info] : GET /api/admin/category/get-category?page=1&limit=10 304 - - 23.992 ms
2025-12-29 13:04:26 [info] : GET /api/admin/category/get-category?page=1&limit=10 304 - - 15.956 ms
2025-12-29 13:05:11 [info] : GET /api/admin/category/get-category?page=1&limit=10 304 - - 65.770 ms
2025-12-29 13:06:04 [info] : GET /api/admin/category/get-category?page=1&limit=10 304 - - 138.986 ms
2025-12-29 13:07:26 [info] : GET /api/admin/category/get-category?page=1&limit=10 304 - - 156.885 ms
2025-12-29 13:07:55 [info] : GET /api/admin/category/get-category?page=1&limit=10 304 - - 85.972 ms
2025-12-29 13:13:27 [info] : GET /api/admin/category/get-category?page=1&limit=10 304 - - 63.154 ms
2025-12-29 13:13:31 [info] : GET /api/admin/category/get-category?page=1&limit=10 304 - - 7.138 ms
2025-12-29 13:13:55 [info] : GET /api/admin/category/get-category?page=1&limit=10 304 - - 10.858 ms
2025-12-29 13:13:56 [info] : GET /api/admin/category/get-category?page=1&limit=10 304 - - 7.664 ms
2025-12-29 13:14:00 [info] : GET /api/admin/category/get-category?page=1&limit=10 304 - - 5.035 ms
2025-12-29 13:14:03 [info] : GET /api/admin/category/get-category?page=1&limit=10 304 - - 5.050 ms
2025-12-29 13:14:05 [info] : GET /api/admin/category/get-category?page=1&limit=10 304 - - 53.265 ms
2025-12-29 13:14:18 [info] : GET /api/admin/category/get-category?page=1&limit=10 304 - - 9.546 ms
2025-12-29 13:14:27 [info] : GET /api/admin/category/get-category?page=1&limit=10 304 - - 14.076 ms
2025-12-29 13:14:36 [info] : OPTIONS /api/admin/editCategory/a1255a4c-d38a-494c-b933-5ca538eabe88 204 0 - 1.173 ms
2025-12-29 13:14:36 [info] : PUT /api/admin/editCategory/a1255a4c-d38a-494c-b933-5ca538eabe88 200 323 - 32.232 ms
2025-12-29 13:14:48 [info] : OPTIONS /api/admin/editCategory/a1255a4c-d38a-494c-b933-5ca538eabe88 204 0 - 0.082 ms
2025-12-29 13:14:48 [info] : PUT /api/admin/editCategory/a1255a4c-d38a-494c-b933-5ca538eabe88 200 320 - 5.596 ms
2025-12-29 13:15:18 [info] : OPTIONS /api/admin/category/create-category 204 0 - 0.316 ms
2025-12-29 13:15:18 [info] : POST /api/admin/category/create-category 201 313 - 32.427 ms
2025-12-29 13:15:23 [info] : GET /api/admin/category/get-category?page=1&limit=10 200 2383 - 17.902 ms
2025-12-29 13:15:37 [info] : OPTIONS /api/admin/editCategory/e895f2aa-ab2e-47b0-9fc8-6e417a198a24 204 0 - 6.207 ms
2025-12-29 13:15:37 [info] : PUT /api/admin/editCategory/e895f2aa-ab2e-47b0-9fc8-6e417a198a24 409 45 - 9.931 ms
2025-12-29 13:15:47 [info] : OPTIONS /api/admin/editCategory/e895f2aa-ab2e-47b0-9fc8-6e417a198a24 204 0 - 0.115 ms
2025-12-29 13:15:47 [info] : PUT /api/admin/editCategory/e895f2aa-ab2e-47b0-9fc8-6e417a198a24 200 323 - 38.005 ms
2025-12-29 13:15:49 [info] : GET /api/admin/category/get-category?page=1&limit=10 200 2385 - 11.471 ms
2025-12-29 13:19:57 [info] : GET /api/admin/category/get-category?page=1&limit=10 401 63 - 1.291 ms
2025-12-29 13:19:57 [info] : POST /api/auth/refresh 200 253 - 7.088 ms
2025-12-29 13:19:57 [info] : GET /api/admin/category/get-category?page=1&limit=10 304 - - 69.637 ms
2025-12-29 13:19:59 [info] : GET /api/admin/category/get-category?page=1&limit=10 304 - - 6.522 ms
2025-12-29 13:20:01 [info] : GET /api/admin/category/get-category?page=1&limit=10 304 - - 6.987 ms
2025-12-29 13:20:45 [info] : GET /api/admin/category/get-category?page=1&limit=10 304 - - 64.628 ms
2025-12-29 13:20:53 [info] : GET /api/admin/category/get-category?page=1&limit=10 304 - - 7.789 ms
2025-12-29 13:20:56 [info] : GET /api/admin/category/get-category?page=1&limit=10 304 - - 6.707 ms
2025-12-29 13:20:57 [info] : GET /api/admin/category/get-category?page=1&limit=10 304 - - 86.721 ms
2025-12-29 13:21:01 [info] : GET /api/admin/category/get-category?page=1&limit=10 304 - - 6.834 ms
2025-12-29 13:21:35 [info] : GET /api/admin/category/get-category?page=1&limit=10 304 - - 548.962 ms
2025-12-29 13:21:37 [info] : GET /api/admin/category/get-category?page=1&limit=10 304 - - 4.545 ms
2025-12-29 13:21:44 [info] : GET /api/admin/category/get-category?page=1&limit=10 304 - - 14.031 ms
2025-12-29 13:22:13 [info] : GET /api/admin/category/get-category?page=1&limit=10 304 - - 10.362 ms
2025-12-29 13:22:15 [info] : GET /api/admin/category/get-category?page=1&limit=10 304 - - 11.413 ms
2025-12-29 13:24:13 [info] : GET /api/admin/category/get-category?page=1&limit=10 304 - - 86.244 ms
2025-12-29 13:24:57 [info] : GET /api/admin/category/get-category?page=1&limit=10 304 - - 71.598 ms
2025-12-29 13:25:07 [info] : OPTIONS /api/admin/category/create-category 204 0 - 0.093 ms
2025-12-29 13:25:07 [info] : POST /api/admin/category/create-category 201 275 - 21.503 ms
2025-12-29 13:25:12 [info] : GET /api/admin/allvendors?page=1&limit=10 304 - - 16.576 ms
2025-12-29 13:25:12 [info] : GET /api/admin/category/get-category?page=1&limit=10 200 2384 - 4.908 ms
2025-12-29 13:25:18 [info] : OPTIONS /api/admin/editCategory/1b58162b-5db8-4dba-8df3-dc8376602018 204 0 - 0.093 ms
2025-12-29 13:25:18 [info] : PUT /api/admin/editCategory/1b58162b-5db8-4dba-8df3-dc8376602018 200 283 - 172.622 ms
2025-12-29 13:25:22 [info] : PUT /api/admin/editCategory/1b58162b-5db8-4dba-8df3-dc8376602018 200 285 - 8.444 ms
2025-12-29 13:25:53 [info] : GET /api/admin/category/get-category?page=1&limit=10 200 2386 - 23.481 ms
2025-12-29 13:29:24 [info] : server is runnning port 5050 
2025-12-29 13:29:24 [info] : Mongodb Connect Successfully
2025-12-29 13:29:24 [info] : server is runnning port 5050 
2025-12-29 13:29:24 [info] : Mongodb Connect Successfully
2025-12-29 13:30:04 [info] : GET /api/admin/category/get-category?page=1&limit=10 304 - - 108.453 ms
2025-12-29 13:30:06 [info] : OPTIONS /api/admin/category/toggle-status/695233dbc8e69c61af884746 204 0 - 0.773 ms
2025-12-29 13:30:06 [info] : PATCH /api/admin/category/toggle-status/695233dbc8e69c61af884746 200 285 - 36.258 ms
2025-12-29 13:30:07 [info] : PATCH /api/admin/category/toggle-status/695233dbc8e69c61af884746 200 284 - 7.787 ms
2025-12-29 13:30:10 [info] : OPTIONS /api/admin/editCategory/1b58162b-5db8-4dba-8df3-dc8376602018 204 0 - 0.109 ms
2025-12-29 13:30:10 [info] : PUT /api/admin/editCategory/1b58162b-5db8-4dba-8df3-dc8376602018 200 287 - 18.804 ms
2025-12-29 13:30:26 [info] : POST /api/auth/logout 200 61 - 16.906 ms
2025-12-29 13:30:39 [info] : OPTIONS /api/auth/login 204 0 - 0.248 ms
2025-12-29 13:30:39 [info] : POST /api/auth/login 401 56 - 114.431 ms
2025-12-29 13:30:42 [info] : POST /api/auth/login 404 48 - 6.362 ms
2025-12-29 13:30:43 [info] : POST /api/auth/login 404 48 - 4.900 ms
2025-12-29 13:30:53 [info] : OPTIONS /api/auth/login 204 0 - 1.062 ms
2025-12-29 13:30:53 [info] : POST /api/auth/login 404 48 - 10.462 ms
2025-12-29 13:31:06 [info] : OPTIONS /api/auth/login 204 0 - 0.657 ms
2025-12-29 13:31:06 [info] : POST /api/auth/login 401 56 - 110.278 ms
2025-12-29 13:31:11 [info] : POST /api/auth/login 401 56 - 107.081 ms
2025-12-29 13:31:13 [info] : OPTIONS /api/auth/login 204 0 - 0.183 ms
2025-12-29 13:31:13 [info] : POST /api/auth/login 200 330 - 110.401 ms
2025-12-29 13:31:13 [info] : GET /api/vendor/vendor-data 200 493 - 15.783 ms
2025-12-29 13:31:15 [info] : GET /api/vendor/get-vendorproduct 200 3525 - 22.636 ms
2025-12-29 13:31:34 [info] : GET /api/vendor/category/get-category?page=1&limit=10 200 2388 - 51.992 ms
2025-12-29 13:31:39 [info] : GET /api/vendor/get-vendorproduct 304 - - 6.022 ms
2025-12-29 14:01:49 [info] : GET /api/vendor/vendor-data 401 63 - 4.507 ms
2025-12-29 14:01:49 [info] : POST /api/auth/refresh 200 330 - 9.510 ms
2025-12-29 14:01:49 [info] : GET /api/vendor/vendor-data 304 - - 209.814 ms
2025-12-29 14:01:49 [info] : GET /api/vendor/get-vendorproduct 304 - - 23.650 ms
2025-12-29 17:05:36 [info] : GET /api/vendor/vendor-data 401 63 - 18.459 ms
2025-12-29 17:05:36 [info] : POST /api/auth/refresh 200 330 - 26.682 ms
2025-12-29 17:05:37 [info] : GET /api/vendor/vendor-data 304 - - 189.695 ms
2025-12-29 17:05:37 [info] : GET /api/vendor/get-vendorproduct 304 - - 46.156 ms
2025-12-29 18:20:33 [info] : GET /api/vendor/get-vendorproduct 401 63 - 8.287 ms
2025-12-29 18:20:33 [info] : GET /api/vendor/vendor-data 401 63 - 0.063 ms
2025-12-29 18:20:34 [info] : POST /api/auth/refresh 200 330 - 12.867 ms
2025-12-29 18:20:34 [info] : POST /api/auth/refresh 200 330 - 0.468 ms
2025-12-29 18:20:34 [info] : GET /api/vendor/vendor-data 304 - - 336.471 ms
2025-12-29 18:20:34 [info] : GET /api/vendor/get-vendorproduct 304 - - 390.468 ms
2025-12-29 18:33:04 [info] : GET /api/vendor/get-vendorproduct 304 - - 230.067 ms
2025-12-29 18:33:04 [info] : GET /api/vendor/category/get-category?page=1&limit=10 304 - - 924.115 ms
2025-12-29 18:40:37 [info] : GET /api/vendor/vendor-data 401 63 - 4.119 ms
2025-12-29 18:40:37 [info] : GET /api/vendor/get-vendorproduct 401 63 - 0.241 ms
2025-12-29 18:40:37 [info] : POST /api/auth/refresh 200 330 - 11.882 ms
2025-12-29 18:40:37 [info] : POST /api/auth/refresh 200 330 - 1.593 ms
2025-12-29 18:40:37 [info] : GET /api/vendor/vendor-data 304 - - 153.022 ms
2025-12-29 18:40:37 [info] : GET /api/vendor/get-vendorproduct 304 - - 148.920 ms
2025-12-29 18:43:01 [info] : GET /api/vendor/vendor-data 304 - - 85.581 ms
2025-12-29 18:43:01 [info] : GET /api/vendor/get-vendorproduct 304 - - 96.860 ms
2025-12-29 18:43:27 [info] : GET /api/vendor/vendor-data 304 - - 12.288 ms
2025-12-29 18:43:27 [info] : GET /api/vendor/get-vendorproduct 304 - - 7.593 ms
2025-12-29 18:45:08 [info] : GET /api/vendor/vendor-data 304 - - 75.675 ms
2025-12-29 18:45:08 [info] : GET /api/vendor/get-vendorproduct 304 - - 99.847 ms
2025-12-29 18:45:10 [info] : GET /api/vendor/vendor-data 304 - - 13.635 ms
2025-12-29 18:45:10 [info] : GET /api/vendor/get-vendorproduct 304 - - 4.628 ms
2025-12-29 18:45:33 [info] : GET /api/vendor/get-vendorproduct 304 - - 21.097 ms
2025-12-29 18:45:33 [info] : GET /api/vendor/vendor-data 304 - - 24.096 ms
2025-12-29 18:45:36 [info] : GET /api/vendor/vendor-data 304 - - 7.779 ms
2025-12-29 18:45:36 [info] : GET /api/vendor/get-vendorproduct 304 - - 17.529 ms
2025-12-29 18:45:53 [info] : GET /api/vendor/vendor-data 304 - - 7.269 ms
2025-12-29 18:45:53 [info] : GET /api/vendor/get-vendorproduct 304 - - 7.529 ms
2025-12-29 18:46:18 [info] : GET /api/vendor/get-vendorproduct 304 - - 20.843 ms
2025-12-29 18:46:18 [info] : GET /api/vendor/vendor-data 304 - - 47.141 ms
2025-12-29 18:46:25 [info] : GET /api/vendor/vendor-data 304 - - 2.341 ms
2025-12-29 18:46:25 [info] : GET /api/vendor/get-vendorproduct 304 - - 4.437 ms
2025-12-29 18:46:41 [info] : GET /api/vendor/get-vendorproduct 304 - - 34.515 ms
2025-12-29 18:46:41 [info] : GET /api/vendor/vendor-data 304 - - 50.883 ms
2025-12-29 18:47:48 [info] : GET /api/vendor/vendor-data 304 - - 56.216 ms
2025-12-29 18:47:48 [info] : GET /api/vendor/get-vendorproduct 304 - - 91.788 ms
2025-12-29 18:48:15 [info] : GET /api/vendor/vendor-data 304 - - 9.274 ms
2025-12-29 18:48:15 [info] : GET /api/vendor/get-vendorproduct 304 - - 7.676 ms
2025-12-29 18:48:29 [info] : GET /api/uploads/1765371700911_all%20the%20light%20we%20cannot%20see1.jpeg 404 208 - 12.047 ms
2025-12-29 18:48:29 [info] : GET /api/uploads/1765353495571_all%20the%20light%20we%20cannot%20see3.jpeg 404 208 - 1.657 ms
2025-12-29 18:48:42 [info] : GET /api/vendor/vendor-data 304 - - 30.877 ms
2025-12-29 18:48:42 [info] : GET /api/vendor/get-vendorproduct 304 - - 3.651 ms
2025-12-29 18:48:44 [info] : GET /api/vendor/vendor-data 304 - - 2.526 ms
2025-12-29 18:48:44 [info] : GET /api/vendor/get-vendorproduct 304 - - 5.842 ms
2025-12-29 18:48:44 [info] : GET /api/uploads/1765371700911_all%20the%20light%20we%20cannot%20see1.jpeg 404 208 - 0.330 ms
2025-12-29 18:48:44 [info] : GET /api/uploads/1765353495571_all%20the%20light%20we%20cannot%20see3.jpeg 404 208 - 0.302 ms
2025-12-29 18:49:10 [info] : GET /api/uploads/1765371700911_all%20the%20light%20we%20cannot%20see1.jpeg 404 208 - 0.207 ms
2025-12-29 18:49:10 [info] : GET /api/uploads/1765353495571_all%20the%20light%20we%20cannot%20see3.jpeg 404 208 - 0.070 ms
2025-12-29 18:49:10 [info] : GET /api/vendor/get-vendorproduct 304 - - 400.968 ms
2025-12-29 18:49:10 [info] : GET /api/vendor/vendor-data 304 - - 446.468 ms
2025-12-29 18:49:11 [info] : GET /api/vendor/vendor-data 304 - - 12.811 ms
2025-12-29 18:49:11 [info] : GET /api/vendor/get-vendorproduct 304 - - 5.034 ms
2025-12-29 18:49:11 [info] : GET /api/uploads/1765371700911_all%20the%20light%20we%20cannot%20see1.jpeg 404 208 - 0.510 ms
2025-12-29 18:49:11 [info] : GET /api/uploads/1765353495571_all%20the%20light%20we%20cannot%20see3.jpeg 404 208 - 1.064 ms
2025-12-29 18:51:01 [info] : GET /api/vendor/vendor-data 304 - - 125.657 ms
2025-12-29 18:51:01 [info] : GET /api/vendor/get-vendorproduct 304 - - 107.496 ms
2025-12-29 19:06:18 [info] : server is runnning port 5050 
2025-12-29 19:06:18 [info] : Mongodb Connect Successfully
2025-12-29 19:08:43 [info] : server is runnning port 5050 
2025-12-29 19:08:43 [info] : Mongodb Connect Successfully
2025-12-29 19:08:43 [info] : GET /api/vendor/get-vendorproduct 401 63 - 4.580 ms
2025-12-29 19:08:43 [info] : GET /api/vendor/vendor-data 401 63 - 0.442 ms
2025-12-29 19:08:43 [info] : POST /api/auth/refresh 200 330 - 4.974 ms
2025-12-29 19:08:43 [info] : POST /api/auth/refresh 200 330 - 1.219 ms
2025-12-29 19:08:44 [info] : GET /api/vendor/vendor-data 304 - - 458.035 ms
2025-12-29 19:08:44 [info] : GET /api/vendor/get-vendorproduct 304 - - 471.367 ms
2025-12-29 19:08:45 [info] : GET /api/vendor/vendor-data 304 - - 11.658 ms
2025-12-29 19:08:45 [info] : GET /api/vendor/get-vendorproduct 304 - - 7.970 ms
2025-12-29 19:08:45 [info] : GET /api/uploads/1765371700911_all%20the%20light%20we%20cannot%20see1.jpeg 404 208 - 11.403 ms
2025-12-29 19:08:45 [info] : GET /api/uploads/1765353495571_all%20the%20light%20we%20cannot%20see3.jpeg 404 208 - 3.565 ms
2025-12-29 19:08:46 [info] : GET /api/vendor/vendor-data 304 - - 2.883 ms
2025-12-29 19:08:46 [info] : GET /api/vendor/get-vendorproduct 304 - - 8.837 ms
2025-12-29 19:08:46 [info] : GET /api/uploads/1765371700911_all%20the%20light%20we%20cannot%20see1.jpeg 404 208 - 0.256 ms
2025-12-29 19:08:46 [info] : GET /api/uploads/1765353495571_all%20the%20light%20we%20cannot%20see3.jpeg 404 208 - 0.188 ms
2025-12-29 19:08:48 [info] : GET /api/vendor/vendor-data - - - - ms
2025-12-29 19:08:48 [info] : GET /api/vendor/vendor-data 200 493 - 2.873 ms
2025-12-29 19:08:48 [info] : GET /api/vendor/get-vendorproduct 304 - - 8.350 ms
2025-12-29 19:08:48 [info] : GET /api/uploads/1765371700911_all%20the%20light%20we%20cannot%20see1.jpeg 404 208 - 0.279 ms
2025-12-29 19:08:48 [info] : GET /api/uploads/1765353495571_all%20the%20light%20we%20cannot%20see3.jpeg 404 208 - 0.490 ms
2025-12-29 19:12:53 [info] : GET /api/vendor/vendor-data 304 - - 108.619 ms
2025-12-29 19:12:53 [info] : GET /api/vendor/get-vendorproduct 304 - - 85.999 ms
2025-12-29 19:14:15 [info] : GET /api/vendor/category/get-category?page=1&limit=10 304 - - 404.421 ms
2025-12-29 19:15:14 [info] : OPTIONS /api/vendor/vendor-addproduct 204 0 - 0.754 ms
2025-12-29 19:15:14 [info] : POST /api/vendor/vendor-addproduct 201 732 - 62.244 ms
2025-12-29 19:15:18 [info] : GET /api/uploads/1765371700911_all%20the%20light%20we%20cannot%20see1.jpeg 404 208 - 0.411 ms
2025-12-29 19:15:18 [info] : GET /api/uploads/1765353495571_all%20the%20light%20we%20cannot%20see3.jpeg 404 208 - 0.348 ms
2025-12-29 19:15:18 [info] : GET /api/uploads/1765371700911_all%20the%20light%20we%20cannot%20see1.jpeg 404 208 - 0.341 ms
2025-12-29 19:15:18 [info] : GET /api/vendor/get-vendorproduct 200 4206 - 25.988 ms
2025-12-29 19:15:18 [info] : GET /api/uploads/1767015911253_author1.jpg 404 176 - 0.560 ms
2025-12-29 19:15:20 [info] : GET /api/vendor/vendor-data 304 - - 15.640 ms
2025-12-29 19:15:20 [info] : GET /api/vendor/get-vendorproduct 304 - - 5.817 ms
2025-12-29 19:15:20 [info] : GET /api/uploads/1767015911253_author1.jpg 404 176 - 0.246 ms
2025-12-29 19:15:20 [info] : GET /api/uploads/1765371700911_all%20the%20light%20we%20cannot%20see1.jpeg 404 208 - 1.832 ms
2025-12-29 19:15:20 [info] : GET /api/uploads/1765353495571_all%20the%20light%20we%20cannot%20see3.jpeg 404 208 - 0.248 ms
2025-12-29 19:15:24 [info] : GET /api/vendor/vendor-data 304 - - 3.485 ms
2025-12-29 19:15:24 [info] : GET /api/vendor/get-vendorproduct 304 - - 4.728 ms
2025-12-29 19:15:24 [info] : GET /api/uploads/1767015911253_author1.jpg 404 176 - 0.211 ms
2025-12-29 19:15:24 [info] : GET /api/uploads/1765371700911_all%20the%20light%20we%20cannot%20see1.jpeg 404 208 - 0.107 ms
2025-12-29 19:15:24 [info] : GET /api/uploads/1765353495571_all%20the%20light%20we%20cannot%20see3.jpeg 404 208 - 0.138 ms
2025-12-29 19:15:56 [info] : GET /api/vendor/get-vendorproduct 304 - - 49.194 ms
2025-12-29 19:15:56 [info] : GET /api/vendor/vendor-data 304 - - 66.900 ms
2025-12-29 19:16:07 [info] : GET /api/uploads/1767015911253_author1.jpg 404 176 - 0.242 ms
2025-12-29 19:16:07 [info] : GET /api/uploads/1765371700911_all%20the%20light%20we%20cannot%20see1.jpeg 404 208 - 0.300 ms
2025-12-29 19:16:07 [info] : GET /api/uploads/1765353495571_all%20the%20light%20we%20cannot%20see3.jpeg 404 208 - 0.907 ms
2025-12-29 19:16:23 [info] : GET /api/vendor/get-vendorproduct 304 - - 18.622 ms
2025-12-29 19:16:23 [info] : GET /api/vendor/vendor-data 304 - - 14.561 ms
2025-12-29 19:16:25 [info] : GET /api/vendor/vendor-data 304 - - 2.281 ms
2025-12-29 19:16:26 [info] : GET /api/vendor/get-vendorproduct 304 - - 7.283 ms
2025-12-29 19:16:26 [info] : GET /api/uploads/1767015911253_author1.jpg 404 176 - 0.241 ms
2025-12-29 19:16:26 [info] : GET /api/uploads/1765371700911_all%20the%20light%20we%20cannot%20see1.jpeg 404 208 - 0.292 ms
2025-12-29 19:16:26 [info] : GET /api/uploads/1765353495571_all%20the%20light%20we%20cannot%20see3.jpeg 404 208 - 0.137 ms
2025-12-29 19:17:52 [info] : GET /api/uploads/1767015911253_author1.jpg 404 176 - 1.452 ms
2025-12-29 19:17:52 [info] : GET /api/uploads/1765371700911_all%20the%20light%20we%20cannot%20see1.jpeg 404 208 - 1.010 ms
2025-12-29 19:17:52 [info] : GET /api/uploads/1765353495571_all%20the%20light%20we%20cannot%20see3.jpeg 404 208 - 0.213 ms
2025-12-29 19:17:53 [info] : GET /api/vendor/vendor-data 304 - - 92.031 ms
2025-12-29 19:17:53 [info] : GET /api/vendor/get-vendorproduct 304 - - 83.855 ms
2025-12-29 19:17:54 [info] : GET /api/vendor/vendor-data 304 - - 3.031 ms
2025-12-29 19:17:54 [info] : GET /api/vendor/get-vendorproduct 304 - - 5.389 ms
2025-12-29 19:17:54 [info] : GET /api/uploads/1767015911253_author1.jpg 404 176 - 0.276 ms
2025-12-29 19:17:54 [info] : GET /api/uploads/1765371700911_all%20the%20light%20we%20cannot%20see1.jpeg 404 208 - 0.310 ms
2025-12-29 19:17:54 [info] : GET /api/uploads/1765353495571_all%20the%20light%20we%20cannot%20see3.jpeg 404 208 - 0.153 ms
2025-12-29 19:28:37 [info] : GET /api/uploads/1767015911253_author1.jpg 404 176 - 2.414 ms
2025-12-29 19:28:37 [info] : GET /api/uploads/1765371700911_all%20the%20light%20we%20cannot%20see1.jpeg 404 208 - 0.652 ms
2025-12-29 19:28:37 [info] : GET /api/uploads/1765353495571_all%20the%20light%20we%20cannot%20see3.jpeg 404 208 - 0.196 ms
2025-12-29 19:29:29 [info] : GET /api/vendor/get-vendorproduct 401 63 - 7.349 ms
2025-12-29 19:29:29 [info] : GET /api/vendor/vendor-data 401 63 - 1.084 ms
2025-12-29 19:29:29 [info] : POST /api/auth/refresh 200 330 - 24.874 ms
2025-12-29 19:29:29 [info] : POST /api/auth/refresh 200 330 - 2.502 ms
2025-12-29 19:29:29 [info] : GET /api/vendor/vendor-data 304 - - 19.685 ms
2025-12-29 19:29:29 [info] : GET /api/vendor/get-vendorproduct 304 - - 27.930 ms
2025-12-29 19:29:30 [info] : GET /api/vendor/vendor-data 304 - - 2.953 ms
2025-12-29 19:29:30 [info] : GET /api/vendor/get-vendorproduct 304 - - 5.070 ms
2025-12-29 19:29:31 [info] : GET /api/vendor/vendor-data 304 - - 2.446 ms
2025-12-29 19:29:32 [info] : GET /api/vendor/get-vendorproduct 304 - - 7.171 ms
2025-12-29 19:29:33 [info] : GET /api/vendor/vendor-data 304 - - 3.351 ms
2025-12-29 19:29:34 [info] : GET /api/vendor/vendor-data 304 - - 2.860 ms
2025-12-29 19:29:34 [info] : GET /api/vendor/get-vendorproduct 304 - - 3.797 ms
2025-12-29 19:30:00 [info] : GET /api/vendor/vendor-data 304 - - 71.921 ms
2025-12-29 19:30:00 [info] : GET /api/vendor/get-vendorproduct 304 - - 63.714 ms
2025-12-29 20:25:41 [info] : GET /api/vendor/vendor-data 401 63 - 18.076 ms
2025-12-29 20:25:41 [info] : POST /api/auth/refresh 200 330 - 20.222 ms
2025-12-29 20:25:42 [info] : GET /api/vendor/vendor-data 304 - - 390.345 ms
2025-12-29 20:25:42 [info] : GET /api/vendor/get-vendorproduct 304 - - 22.500 ms
2025-12-29 20:54:38 [info] : GET /api/vendor/vendor-data 401 63 - 8.941 ms
2025-12-29 20:54:38 [info] : POST /api/auth/refresh 200 330 - 13.232 ms
2025-12-29 20:54:38 [info] : GET /api/vendor/get-vendorproduct 401 63 - 0.192 ms
2025-12-29 20:54:38 [info] : POST /api/auth/refresh 200 330 - 6.147 ms
2025-12-29 20:54:38 [info] : GET /api/vendor/get-vendorproduct 304 - - 338.368 ms
2025-12-29 20:54:38 [info] : GET /api/vendor/vendor-data 304 - - 348.535 ms
2025-12-29 21:12:40 [info] : GET /api/vendor/vendor-data 401 63 - 1.667 ms
2025-12-29 21:12:40 [info] : POST /api/auth/refresh 200 330 - 7.860 ms
2025-12-29 21:12:40 [info] : GET /api/vendor/vendor-data 304 - - 205.931 ms
2025-12-29 21:12:41 [info] : GET /api/vendor/get-vendorproduct 304 - - 19.044 ms
2025-12-29 21:32:40 [info] : GET /api/vendor/vendor-data 401 63 - 5.891 ms
2025-12-29 21:32:40 [info] : POST /api/auth/refresh 200 330 - 21.118 ms
2025-12-29 21:32:40 [info] : GET /api/vendor/vendor-data 304 - - 405.596 ms
2025-12-29 21:32:41 [info] : GET /api/vendor/get-vendorproduct 304 - - 39.160 ms
2025-12-29 21:37:36 [info] : GET /api/vendor/vendor-data 304 - - 147.643 ms
2025-12-29 21:37:36 [info] : GET /api/vendor/get-vendorproduct 304 - - 38.422 ms
2025-12-29 22:07:35 [info] : GET /api/vendor/vendor-data 401 63 - 10.777 ms
2025-12-29 22:07:35 [info] : POST /api/auth/refresh 200 330 - 20.167 ms
2025-12-29 22:07:35 [info] : GET /api/vendor/get-vendorproduct 401 63 - 0.601 ms
2025-12-29 22:07:35 [info] : POST /api/auth/refresh 200 330 - 0.596 ms
2025-12-29 22:07:35 [info] : GET /api/vendor/vendor-data 304 - - 115.469 ms
2025-12-29 22:07:35 [info] : GET /api/vendor/get-vendorproduct 304 - - 83.378 ms
2025-12-29 22:08:20 [info] : GET /api/vendor/vendor-data 304 - - 55.890 ms
2025-12-29 22:08:20 [info] : GET /api/vendor/get-vendorproduct 304 - - 26.149 ms
2025-12-29 22:08:25 [info] : POST /api/auth/logout 200 61 - 9.914 ms
2025-12-29 22:08:39 [info] : OPTIONS /api/auth/login 204 0 - 0.313 ms
2025-12-29 22:08:39 [info] : POST /api/auth/login 404 48 - 29.524 ms
2025-12-29 22:09:17 [info] : OPTIONS /api/auth/login 204 0 - 1.379 ms
2025-12-29 22:09:17 [info] : POST /api/auth/login 404 49 - 102.934 ms
2025-12-29 22:09:39 [info] : OPTIONS /api/auth/login 204 0 - 0.454 ms
2025-12-29 22:09:40 [info] : POST /api/auth/login 200 320 - 110.171 ms
2025-12-29 22:09:42 [info] : GET /api/user/user-data 200 488 - 16.689 ms
2025-12-29 22:10:03 [info] : GET /api/user/user-data 304 - - 15.286 ms
2025-12-29 22:10:05 [info] : POST /api/auth/logout 200 63 - 1.501 ms
2025-12-29 22:10:20 [info] : OPTIONS /api/auth/login 204 0 - 0.401 ms
2025-12-29 22:10:20 [info] : POST /api/auth/login 200 330 - 109.653 ms
2025-12-29 22:10:20 [info] : GET /api/vendor/vendor-data 304 - - 2.035 ms
2025-12-29 22:10:23 [info] : GET /api/vendor/vendor-data 304 - - 15.232 ms
2025-12-29 22:10:24 [info] : GET /api/vendor/get-vendorproduct 304 - - 25.780 ms
2025-12-29 22:10:28 [info] : GET /api/vendor/vendor-data 304 - - 3.681 ms
2025-12-29 22:10:28 [info] : GET /api/vendor/get-vendorproduct 304 - - 5.418 ms
2025-12-29 22:11:02 [info] : GET /api/vendor/get-vendorproduct 304 - - 8.855 ms
2025-12-29 22:11:02 [info] : GET /api/vendor/vendor-data 304 - - 22.012 ms
2025-12-29 22:30:19 [info] : GET /api/vendor/get-vendorproduct 401 63 - 17.736 ms
2025-12-29 22:30:19 [info] : POST /api/auth/refresh 200 330 - 10.156 ms
2025-12-29 22:30:19 [info] : GET /api/vendor/vendor-data 401 63 - 0.096 ms
2025-12-29 22:30:19 [info] : POST /api/auth/refresh 200 330 - 0.413 ms
2025-12-29 22:30:19 [info] : GET /api/vendor/get-vendorproduct 304 - - 193.366 ms
2025-12-29 22:30:19 [info] : GET /api/vendor/vendor-data 304 - - 176.920 ms
2025-12-29 22:30:21 [info] : GET /api/vendor/category/get-category?page=1&limit=10 304 - - 119.530 ms
2025-12-29 22:31:08 [info] : OPTIONS /api/vendor/vendor-addproduct 204 0 - 0.439 ms
2025-12-29 22:31:08 [info] : POST /api/vendor/vendor-addproduct 201 890 - 42.936 ms
2025-12-29 22:42:40 [info] : GET /api/vendor/vendor-data 304 - - 173.961 ms
2025-12-29 22:42:40 [info] : GET /api/vendor/category/get-category?page=1&limit=10 304 - - 190.374 ms
2025-12-29 22:43:01 [info] : OPTIONS /api/vendor/vendor-addproduct 204 0 - 0.993 ms
2025-12-29 22:43:01 [info] : POST /api/vendor/vendor-addproduct 400 45 - 36.356 ms
2025-12-29 22:43:06 [info] : POST /api/vendor/vendor-addproduct 201 892 - 37.944 ms
2025-12-29 22:43:42 [info] : GET /api/vendor/get-vendorproduct 200 5886 - 105.768 ms
2025-12-29 22:43:45 [info] : GET /api/vendor/vendor-data 304 - - 53.689 ms
2025-12-29 22:43:45 [info] : GET /api/vendor/get-vendorproduct 304 - - 5.722 ms
2025-12-29 22:43:46 [info] : GET /api/vendor/category/get-category?page=1&limit=10 304 - - 79.694 ms
2025-12-29 22:44:32 [info] : OPTIONS /api/vendor/vendor-addproduct 204 0 - 0.245 ms
2025-12-29 22:44:32 [info] : POST /api/vendor/vendor-addproduct 400 45 - 10.409 ms
2025-12-29 22:44:39 [info] : OPTIONS /api/vendor/vendor-addproduct 204 0 - 0.280 ms
2025-12-29 22:44:39 [info] : POST /api/vendor/vendor-addproduct 201 902 - 22.051 ms
2025-12-29 22:45:24 [info] : server is runnning port 5050 
2025-12-29 22:45:24 [info] : Mongodb Connect Successfully
2025-12-29 22:45:28 [info] : server is runnning port 5050 
2025-12-29 22:45:28 [info] : Mongodb Connect Successfully
2025-12-29 22:45:29 [info] : OPTIONS /api/vendor/vendor-addproduct 204 0 - 1.601 ms
2025-12-29 22:45:29 [info] : POST /api/vendor/vendor-addproduct 401 63 - 0.998 ms
2025-12-29 22:45:29 [info] : POST /api/auth/refresh 200 330 - 2.803 ms
2025-12-29 22:45:29 [info] : POST /api/vendor/vendor-addproduct 400 45 - 28.962 ms
2025-12-29 22:45:33 [info] : POST /api/vendor/vendor-addproduct 201 903 - 27.652 ms
2025-12-29 23:12:31 [info] : GET /api/vendor/category/get-category?page=1&limit=10 401 63 - 4.244 ms
2025-12-29 23:12:31 [info] : POST /api/auth/refresh 200 330 - 10.012 ms
2025-12-29 23:12:31 [info] : GET /api/vendor/category/get-category?page=1&limit=10 304 - - 166.460 ms
2025-12-29 23:12:39 [info] : GET /api/vendor/category/get-category?page=1&limit=10 304 - - 14.361 ms
2025-12-29 23:12:46 [info] : GET /api/vendor/category/get-category?page=1&limit=10 304 - - 12.804 ms
2025-12-29 23:12:48 [info] : GET /api/vendor/category/get-category?page=1&limit=10 304 - - 8.075 ms
2025-12-29 23:12:55 [info] : GET /api/vendor/category/get-category?page=1&limit=10 304 - - 29.800 ms
2025-12-29 23:12:55 [info] : GET /api/vendor/vendor-data 304 - - 24.833 ms
2025-12-29 23:12:58 [info] : OPTIONS /api/vendor/vendor-addproduct 204 0 - 0.111 ms
2025-12-29 23:12:58 [info] : POST /api/vendor/vendor-addproduct 400 45 - 48.584 ms
2025-12-29 23:13:19 [info] : GET /api/vendor/category/get-category?page=1&limit=10 304 - - 66.118 ms
2025-12-29 23:13:20 [info] : OPTIONS /api/vendor/vendor-addproduct 204 0 - 0.242 ms
2025-12-29 23:13:20 [info] : POST /api/vendor/vendor-addproduct 400 45 - 17.018 ms
2025-12-29 23:13:24 [info] : POST /api/vendor/vendor-addproduct 201 904 - 29.889 ms
2025-12-29 23:15:28 [info] : GET /api/vendor/vendor-data 304 - - 50.872 ms
2025-12-29 23:15:28 [info] : GET /api/vendor/category/get-category?page=1&limit=10 304 - - 123.757 ms
2025-12-29 23:15:31 [info] : GET /api/vendor/category/get-category?page=1&limit=10 304 - - 27.291 ms
2025-12-29 23:15:34 [info] : GET /api/vendor/category/get-category?page=1&limit=10 304 - - 21.002 ms
2025-12-29 23:15:36 [info] : GET /api/vendor/category/get-category?page=1&limit=10 304 - - 18.228 ms
2025-12-29 23:15:36 [info] : GET /api/vendor/vendor-data 304 - - 43.927 ms
2025-12-29 23:16:13 [info] : OPTIONS /api/vendor/vendor-addproduct 204 0 - 0.624 ms
2025-12-29 23:16:13 [info] : POST /api/vendor/vendor-addproduct 201 743 - 87.514 ms
2025-12-29 23:17:05 [info] : GET /api/vendor/vendor-data 304 - - 209.923 ms
2025-12-29 23:17:05 [info] : GET /api/vendor/category/get-category?page=1&limit=10 304 - - 228.756 ms
2025-12-29 23:17:19 [info] : GET /api/vendor/vendor-data 304 - - 30.889 ms
2025-12-29 23:17:19 [info] : GET /api/vendor/category/get-category?page=1&limit=10 304 - - 7.153 ms
2025-12-29 23:17:39 [info] : GET /api/vendor/vendor-data 304 - - 11.713 ms
2025-12-29 23:17:39 [info] : GET /api/vendor/category/get-category?page=1&limit=10 304 - - 20.454 ms
2025-12-29 23:19:32 [info] : GET /api/vendor/category/get-category?page=1&limit=10 304 - - 260.525 ms
2025-12-29 23:19:33 [info] : GET /api/vendor/category/get-category?page=1&limit=10 304 - - 32.653 ms
2025-12-29 23:19:34 [info] : GET /api/vendor/category/get-category?page=1&limit=10 304 - - 32.863 ms
2025-12-29 23:19:51 [info] : GET /api/vendor/category/get-category?page=1&limit=10 304 - - 17.380 ms
2025-12-29 23:20:00 [info] : GET /api/vendor/category/get-category?page=1&limit=10 304 - - 2.956 ms
2025-12-29 23:20:00 [info] : GET /api/vendor/vendor-data 304 - - 44.377 ms
2025-12-29 23:20:05 [info] : OPTIONS /api/vendor/vendor-addproduct 204 0 - 0.089 ms
2025-12-29 23:20:05 [info] : POST /api/vendor/vendor-addproduct 400 45 - 7.534 ms
2025-12-29 23:20:20 [info] : OPTIONS /api/vendor/vendor-addproduct 204 0 - 0.269 ms
2025-12-29 23:20:20 [info] : POST /api/vendor/vendor-addproduct 201 922 - 30.842 ms
2025-12-29 23:20:23 [info] : GET /api/vendor/get-vendorproduct 200 10005 - 29.862 ms
2025-12-29 23:40:25 [info] : GET /api/vendor/get-vendorproduct 401 63 - 13.526 ms
2025-12-29 23:40:25 [info] : POST /api/auth/refresh 200 330 - 15.885 ms
2025-12-29 23:40:25 [info] : GET /api/vendor/vendor-data 401 63 - 0.393 ms
2025-12-29 23:40:25 [info] : POST /api/auth/refresh 200 330 - 0.389 ms
2025-12-29 23:40:25 [info] : GET /api/vendor/vendor-data 304 - - 148.931 ms
2025-12-29 23:40:25 [info] : GET /api/vendor/get-vendorproduct 304 - - 174.414 ms
2025-12-29 23:40:53 [info] : GET /api/vendor/get-vendorproduct 304 - - 14.069 ms
2025-12-29 23:44:09 [info] : GET /api/vendor/vendor-data 304 - - 167.624 ms
2025-12-29 23:44:09 [info] : GET /api/vendor/get-vendorproduct 304 - - 21.188 ms
