2025-12-24 00:45:41 [info] : GET /api/vendor/vendor-data 401 63 - 9.427 ms
2025-12-24 00:45:41 [info] : POST /api/auth/refresh 200 323 - 13.924 ms
2025-12-24 00:45:42 [info] : GET /api/vendor/vendor-data 304 - - 442.094 ms
2025-12-24 00:45:42 [info] : GET /api/admin/category/get-category?page=1&limit=10 401 63 - 0.511 ms
2025-12-24 00:45:42 [info] : POST /api/auth/refresh 200 253 - 2.238 ms
2025-12-24 00:45:43 [info] : GET /api/admin/category/get-category?page=1&limit=10 304 - - 1159.022 ms
2025-12-24 02:36:34 [info] : GET /api/vendor/vendor-data 401 63 - 3.469 ms
2025-12-24 02:36:34 [info] : POST /api/auth/refresh 200 323 - 6.383 ms
2025-12-24 02:36:34 [info] : GET /api/vendor/vendor-data 304 - - 113.558 ms
2025-12-24 02:36:34 [info] : GET /api/admin/category/get-category?page=1&limit=10 401 63 - 0.283 ms
2025-12-24 02:36:34 [info] : POST /api/auth/refresh 200 253 - 0.761 ms
2025-12-24 02:36:35 [info] : GET /api/admin/category/get-category?page=1&limit=10 304 - - 523.199 ms
2025-12-24 02:52:34 [info] : GET /api/vendor/vendor-data 401 63 - 2.267 ms
2025-12-24 02:52:34 [info] : POST /api/auth/refresh 200 323 - 12.402 ms
2025-12-24 02:52:34 [info] : GET /api/admin/category/get-category?page=1&limit=10 401 63 - 0.220 ms
2025-12-24 02:52:34 [info] : POST /api/auth/refresh 200 253 - 1.055 ms
2025-12-24 02:52:34 [info] : GET /api/vendor/vendor-data 304 - - 669.389 ms
2025-12-24 02:52:34 [info] : GET /api/admin/category/get-category?page=1&limit=10 304 - - 566.543 ms
2025-12-24 07:06:36 [info] : GET /api/vendor/vendor-data 401 63 - 7.512 ms
2025-12-24 07:06:36 [info] : POST /api/auth/refresh 200 323 - 20.512 ms
2025-12-24 07:06:36 [info] : GET /api/vendor/vendor-data 304 - - 66.335 ms
2025-12-24 07:06:37 [info] : GET /api/admin/category/get-category?page=1&limit=10 401 63 - 2.003 ms
2025-12-24 07:06:37 [info] : POST /api/auth/refresh 200 253 - 3.154 ms
2025-12-24 07:06:37 [info] : GET /api/admin/category/get-category?page=1&limit=10 304 - - 95.362 ms
2025-12-24 09:02:06 [info] : GET /api/vendor/vendor-data 401 63 - 4.297 ms
2025-12-24 09:02:06 [info] : POST /api/auth/refresh 200 323 - 28.474 ms
2025-12-24 09:02:07 [info] : GET /api/vendor/vendor-data 304 - - 863.442 ms
2025-12-24 09:02:07 [info] : GET /api/admin/category/get-category?page=1&limit=10 401 63 - 0.241 ms
2025-12-24 09:02:07 [info] : POST /api/auth/refresh 200 253 - 3.575 ms
2025-12-24 09:02:07 [info] : GET /api/admin/category/get-category?page=1&limit=10 304 - - 140.902 ms
2025-12-24 09:20:08 [info] : GET /api/vendor/vendor-data 401 63 - 20.416 ms
2025-12-24 09:20:08 [info] : POST /api/auth/refresh 200 323 - 15.994 ms
2025-12-24 09:20:08 [info] : GET /api/admin/category/get-category?page=1&limit=10 401 63 - 0.170 ms
2025-12-24 09:20:08 [info] : POST /api/auth/refresh 200 253 - 0.628 ms
2025-12-24 09:20:09 [info] : GET /api/vendor/vendor-data 304 - - 899.078 ms
2025-12-24 09:20:09 [info] : GET /api/admin/category/get-category?page=1&limit=10 304 - - 522.582 ms
2025-12-24 09:55:25 [info] : GET /api/vendor/vendor-data 401 63 - 2.909 ms
2025-12-24 09:55:25 [info] : POST /api/auth/refresh 200 323 - 6.009 ms
2025-12-24 09:55:25 [info] : GET /api/vendor/vendor-data 304 - - 267.650 ms
2025-12-24 09:55:25 [info] : GET /api/admin/category/get-category?page=1&limit=10 401 63 - 0.197 ms
2025-12-24 09:55:25 [info] : POST /api/auth/refresh 200 253 - 0.638 ms
2025-12-24 10:02:10 [info] : GET /api/admin/category/get-category?page=1&limit=10 304 - - 405125.101 ms
2025-12-24 10:35:14 [info] : GET /api/vendor/vendor-data 401 63 - 14.681 ms
2025-12-24 10:35:14 [info] : POST /api/auth/refresh 200 323 - 29.684 ms
2025-12-24 10:35:15 [info] : GET /api/vendor/vendor-data 304 - - 843.164 ms
2025-12-24 10:35:22 [info] : GET /api/admin/category/get-category?page=1&limit=10 401 63 - 1.883 ms
2025-12-24 10:35:22 [info] : POST /api/auth/refresh 200 253 - 3.974 ms
2025-12-24 10:35:22 [info] : GET /api/admin/category/get-category?page=1&limit=10 304 - - 126.664 ms
2025-12-24 10:35:42 [info] : GET /api/admin/category/get-category?page=1&limit=10 304 - - 134.471 ms
2025-12-24 10:37:56 [info] : GET /api/admin/category/get-category?page=1&limit=10 304 - - 756.896 ms
2025-12-24 10:43:35 [info] : GET /api/admin/category/get-category?page=1&limit=10 304 - - 363.581 ms
2025-12-24 10:43:41 [info] : GET /api/admin/category/get-category?page=1&limit=10 304 - - 32.315 ms
2025-12-24 10:43:50 [info] : GET /api/admin/category/get-category?page=1&limit=10 304 - - 74.130 ms
2025-12-24 10:45:41 [info] : GET /api/admin/category/get-category?page=1&limit=10 304 - - 114.743 ms
2025-12-24 10:46:00 [info] : GET /api/admin/category/get-category?page=1&limit=10 304 - - 185.150 ms
2025-12-24 10:50:19 [info] : OPTIONS /api/admin/category/toggle-status/6938227736058cc8d3afaee0 204 0 - 1.780 ms
2025-12-24 10:50:19 [info] : PATCH /api/admin/category/toggle-status/6938227736058cc8d3afaee0 200 288 - 174.399 ms
2025-12-24 10:50:20 [info] : GET /api/admin/category/get-category?page=1&limit=10 200 783 - 103.981 ms
2025-12-24 10:50:21 [info] : PATCH /api/admin/category/toggle-status/6938227736058cc8d3afaee0 200 287 - 8.927 ms
2025-12-24 10:50:21 [info] : GET /api/admin/category/get-category?page=1&limit=10 200 782 - 5.468 ms
2025-12-24 10:53:03 [info] : GET /api/admin/category/get-category?page=1&limit=10 401 63 - 4.920 ms
2025-12-24 10:53:03 [info] : POST /api/auth/refresh 200 253 - 12.621 ms
2025-12-24 10:53:03 [info] : GET /api/admin/category/get-category?page=1&limit=10 304 - - 84.784 ms
2025-12-24 11:07:20 [info] : GET /api/admin/category/get-category?page=1&limit=10 304 - - 367.015 ms
2025-12-24 11:07:28 [info] : GET /api/admin/category/get-category?page=1&limit=10 304 - - 23.915 ms
2025-12-24 11:22:48 [info] : OPTIONS /api/admin/category/create-category 204 0 - 11.421 ms
2025-12-24 11:22:48 [info] : POST /api/admin/category/create-category 401 63 - 6.443 ms
2025-12-24 11:22:48 [info] : POST /api/auth/refresh 200 253 - 17.559 ms
2025-12-24 11:22:48 [info] : POST /api/admin/category/create-category 201 274 - 391.233 ms
2025-12-24 11:22:54 [info] : GET /api/admin/category/get-category?page=1&limit=10 200 996 - 109.338 ms
2025-12-24 11:23:03 [info] : OPTIONS /api/admin/category/create-category 204 0 - 0.711 ms
2025-12-24 11:23:03 [info] : POST /api/admin/category/create-category 201 282 - 17.228 ms
2025-12-24 11:23:07 [info] : GET /api/admin/allusers?page=1&limit=10 304 - - 27.247 ms
2025-12-24 11:23:08 [info] : GET /api/admin/category/get-category?page=1&limit=10 200 1218 - 9.473 ms
2025-12-24 11:24:55 [info] : GET /api/admin/allusers?page=1&limit=10 304 - - 176.234 ms
2025-12-24 11:25:08 [info] : GET /api/admin/allvendors?page=1&limit=10 304 - - 12.711 ms
2025-12-24 11:25:12 [info] : GET /api/admin/category/get-category?page=1&limit=10 304 - - 6.562 ms
2025-12-24 11:25:28 [info] : GET /api/admin/allusers?page=1&limit=10 304 - - 5.819 ms
2025-12-24 11:25:31 [info] : GET /api/admin/allvendors?page=1&limit=10 304 - - 8.718 ms
2025-12-24 11:25:39 [info] : GET /api/admin/category/get-category?page=1&limit=10 304 - - 4.511 ms
2025-12-24 11:25:57 [info] : GET /api/admin/allusers?page=1&limit=10 304 - - 9.893 ms
2025-12-24 11:28:02 [info] : GET /api/admin/category/get-category?page=1&limit=10 304 - - 145.222 ms
2025-12-24 11:34:20 [info] : GET /api/admin/category/get-category?page=1&limit=10 304 - - 211.471 ms
2025-12-24 11:35:02 [info] : GET /api/admin/allusers?page=1&limit=10 304 - - 158.328 ms
2025-12-24 11:35:07 [info] : GET /api/admin/category/get-category?page=1&limit=10 304 - - 29.889 ms
2025-12-24 11:37:53 [info] : OPTIONS /api/admin/category/create-category 204 0 - 0.903 ms
2025-12-24 11:37:53 [info] : POST /api/admin/category/create-category 401 63 - 4.411 ms
2025-12-24 11:37:53 [info] : POST /api/auth/refresh 200 253 - 11.632 ms
2025-12-24 11:37:53 [info] : POST /api/admin/category/create-category 201 278 - 245.049 ms
2025-12-24 11:38:38 [info] : GET /api/admin/category/get-category?page=1&limit=10 200 1436 - 197.580 ms
2025-12-24 11:38:41 [info] : GET /api/admin/category/get-category?page=1&limit=10 304 - - 11.942 ms
2025-12-24 11:38:47 [info] : GET /api/admin/category/get-category?page=1&limit=10 304 - - 58.627 ms
2025-12-24 11:45:01 [info] : GET /api/admin/category/get-category?page=1&limit=10 304 - - 358.949 ms
2025-12-24 11:47:02 [info] : GET /api/admin/category/get-category?page=1&limit=10 304 - - 117.245 ms
2025-12-24 11:54:34 [info] : GET /api/admin/category/get-category?page=1&limit=10 401 63 - 18.918 ms
2025-12-24 11:54:34 [info] : POST /api/auth/refresh 200 253 - 13.863 ms
2025-12-24 11:54:34 [info] : GET /api/admin/category/get-category?page=1&limit=10 304 - - 76.656 ms
2025-12-24 11:55:16 [info] : GET /api/admin/category/get-category?page=1&limit=10 304 - - 149.152 ms
2025-12-24 12:09:04 [info] : GET /api/vendor/vendor-data 401 63 - 70.119 ms
2025-12-24 12:09:05 [info] : POST /api/auth/refresh 200 323 - 47.783 ms
2025-12-24 12:09:06 [info] : GET /api/vendor/vendor-data 304 - - 1543.332 ms
2025-12-24 12:09:08 [info] : GET /api/admin/category/get-category?page=1&limit=10 304 - - 1167.200 ms
2025-12-24 12:15:07 [info] : GET /api/vendor/vendor-data 304 - - 1272.719 ms
2025-12-24 12:15:07 [info] : GET /api/admin/category/get-category?page=1&limit=10 401 63 - 1.064 ms
2025-12-24 12:15:07 [info] : POST /api/auth/refresh 200 253 - 4.495 ms
2025-12-24 12:15:07 [info] : GET /api/admin/category/get-category?page=1&limit=10 304 - - 132.572 ms
2025-12-24 13:07:35 [info] : GET /api/admin/category/get-category?page=1&limit=10 401 63 - 36.051 ms
2025-12-24 13:07:35 [info] : POST /api/auth/refresh 200 253 - 54.006 ms
2025-12-24 13:07:35 [info] : GET /api/admin/category/get-category?page=1&limit=10 304 - - 492.675 ms
2025-12-24 13:12:50 [info] : GET /api/admin/category/get-category?page=1&limit=10 304 - - 164.918 ms
2025-12-24 13:21:50 [info] : GET /api/admin/category/get-category?page=1&limit=10 304 - - 625.695 ms
2025-12-24 13:21:52 [info] : GET /api/admin/category/get-category?page=1&limit=10 304 - - 29.133 ms
2025-12-24 13:35:06 [info] : GET /api/vendor/vendor-data 401 63 - 11.057 ms
2025-12-24 13:35:06 [info] : POST /api/auth/refresh 200 323 - 34.099 ms
2025-12-24 13:35:09 [info] : GET /api/vendor/vendor-data 304 - - 2575.580 ms
2025-12-24 13:35:10 [info] : GET /api/admin/category/get-category?page=1&limit=10 401 63 - 0.784 ms
2025-12-24 13:35:10 [info] : POST /api/auth/refresh 200 253 - 2.899 ms
2025-12-24 13:35:10 [info] : GET /api/admin/category/get-category?page=1&limit=10 304 - - 129.731 ms
2025-12-24 14:01:40 [info] : GET /api/vendor/vendor-data 401 63 - 5.103 ms
2025-12-24 14:01:40 [info] : POST /api/auth/refresh 200 323 - 8.841 ms
2025-12-24 14:01:40 [info] : GET /api/vendor/vendor-data 304 - - 147.802 ms
2025-12-24 14:01:40 [info] : GET /api/admin/category/get-category?page=1&limit=10 401 63 - 0.602 ms
2025-12-24 14:01:40 [info] : POST /api/auth/refresh 200 253 - 2.072 ms
2025-12-24 14:01:41 [info] : GET /api/admin/category/get-category?page=1&limit=10 304 - - 686.425 ms
2025-12-24 15:17:46 [info] : GET /api/admin/category/get-category?page=1&limit=10 401 63 - 25.116 ms
2025-12-24 15:17:46 [info] : POST /api/auth/refresh 200 253 - 156.202 ms
2025-12-24 15:17:47 [info] : GET /api/admin/category/get-category?page=1&limit=10 304 - - 465.642 ms
2025-12-24 15:19:21 [info] : GET /api/admin/category/get-category?page=1&limit=10 304 - - 732.313 ms
2025-12-24 15:19:42 [info] : GET /api/admin/allvendors?page=1&limit=10 304 - - 122.605 ms
2025-12-24 15:19:44 [info] : GET /api/admin/allusers?page=1&limit=10 304 - - 20.417 ms
2025-12-24 15:19:56 [info] : GET /api/admin/category/get-category?page=1&limit=10 304 - - 12.629 ms
2025-12-24 15:21:51 [info] : GET /api/admin/category/get-category?page=1&limit=10 304 - - 171.296 ms
2025-12-24 15:21:59 [info] : GET /api/admin/allusers?page=1&limit=10 304 - - 22.172 ms
2025-12-24 15:21:59 [info] : GET /api/admin/category/get-category?page=1&limit=10 304 - - 6.738 ms
2025-12-24 15:22:43 [info] : GET /api/admin/category/get-category?page=1&limit=10 304 - - 102.118 ms
2025-12-24 15:29:52 [info] : GET /api/admin/allusers?page=1&limit=10 304 - - 222.046 ms
2025-12-24 15:29:52 [info] : GET /api/admin/category/get-category?page=1&limit=10 304 - - 13.204 ms
2025-12-24 15:30:33 [info] : GET /api/admin/category/get-category?page=1&limit=10 304 - - 82.569 ms
2025-12-24 15:31:10 [info] : GET /api/admin/category/get-category?page=1&limit=10 304 - - 203.152 ms
2025-12-24 15:31:44 [info] : GET /api/admin/category/get-category?page=1&limit=10 304 - - 138.275 ms
2025-12-24 15:31:52 [info] : GET /api/admin/category/get-category?page=1&limit=10 304 - - 18.774 ms
2025-12-24 15:32:11 [info] : GET /api/admin/category/get-category?page=1&limit=10 304 - - 25.297 ms
2025-12-24 15:32:18 [info] : GET /api/admin/category/get-category?page=1&limit=10 304 - - 44.580 ms
2025-12-24 15:32:35 [info] : GET /api/admin/category/get-category?page=1&limit=10 304 - - 17.521 ms
2025-12-24 15:32:43 [info] : GET /api/admin/category/get-category?page=1&limit=10 304 - - 18.691 ms
2025-12-24 15:34:26 [info] : GET /api/admin/category/get-category?page=1&limit=10 401 63 - 2.082 ms
2025-12-24 15:34:26 [info] : POST /api/auth/refresh 200 253 - 20.882 ms
2025-12-24 15:34:27 [info] : GET /api/admin/category/get-category?page=1&limit=10 304 - - 198.339 ms
2025-12-24 15:34:54 [info] : GET /api/admin/category/get-category?page=1&limit=10 304 - - 14.411 ms
2025-12-24 15:35:01 [info] : GET /api/admin/category/get-category?page=1&limit=10 304 - - 11.369 ms
2025-12-24 15:35:02 [info] : GET /api/admin/category/get-category?page=1&limit=10 304 - - 26.157 ms
2025-12-24 15:35:05 [info] : GET /api/admin/category/get-category?page=1&limit=10 304 - - 6.349 ms
2025-12-24 15:35:14 [info] : GET /api/admin/category/get-category?page=1&limit=10 304 - - 18.885 ms
2025-12-24 15:38:23 [info] : GET /api/admin/category/get-category?page=1&limit=10 304 - - 135.003 ms
2025-12-24 15:38:26 [info] : GET /api/admin/category/get-category?page=1&limit=10 304 - - 52.621 ms
2025-12-24 15:38:42 [info] : GET /api/admin/category/get-category?page=1&limit=10 304 - - 45.014 ms
2025-12-24 15:39:10 [info] : OPTIONS /api/admin/category/toggle-status/694b833990aa690eac4dadaf 204 0 - 1.585 ms
2025-12-24 15:39:10 [info] : PATCH /api/admin/category/toggle-status/694b833990aa690eac4dadaf 200 286 - 135.353 ms
2025-12-24 15:39:11 [info] : PATCH /api/admin/category/toggle-status/694b833990aa690eac4dadaf 200 285 - 6.212 ms
2025-12-24 15:39:15 [info] : GET /api/admin/category/get-category?page=1&limit=10 200 1436 - 98.453 ms
2025-12-24 15:39:16 [info] : OPTIONS /api/admin/category/toggle-status/694b833990aa690eac4dadaf 204 0 - 0.225 ms
2025-12-24 15:39:16 [info] : PATCH /api/admin/category/toggle-status/694b833990aa690eac4dadaf 200 286 - 8.772 ms
2025-12-24 15:39:18 [info] : PATCH /api/admin/category/toggle-status/694b833990aa690eac4dadaf 200 285 - 10.188 ms
2025-12-24 15:39:27 [info] : GET /api/admin/category/get-category?page=1&limit=10 200 1436 - 10.340 ms
2025-12-24 15:39:39 [info] : GET /api/admin/category/get-category?page=1&limit=10 304 - - 19.355 ms
2025-12-24 15:39:44 [info] : GET /api/admin/category/get-category?page=1&limit=10 304 - - 21.034 ms
2025-12-24 15:39:53 [info] : GET /api/admin/category/get-category?page=1&limit=10 304 - - 105.153 ms
2025-12-24 15:39:55 [info] : OPTIONS /api/admin/category/toggle-status/694b833990aa690eac4dadaf 204 0 - 0.480 ms
2025-12-24 15:39:55 [info] : PATCH /api/admin/category/toggle-status/694b833990aa690eac4dadaf 200 286 - 23.248 ms
2025-12-24 15:39:57 [info] : PATCH /api/admin/category/toggle-status/694b833990aa690eac4dadaf 200 285 - 7.532 ms
2025-12-24 15:39:57 [info] : PATCH /api/admin/category/toggle-status/694b833990aa690eac4dadaf 200 286 - 8.080 ms
2025-12-24 15:39:58 [info] : PATCH /api/admin/category/toggle-status/694b833990aa690eac4dadaf 200 285 - 12.842 ms
2025-12-24 15:39:58 [info] : PATCH /api/admin/category/toggle-status/694b833990aa690eac4dadaf 200 286 - 12.570 ms
2025-12-24 15:40:49 [info] : GET /api/admin/category/get-category?page=1&limit=10 200 1437 - 86.474 ms
2025-12-24 15:40:51 [info] : OPTIONS /api/admin/category/toggle-status/694b833990aa690eac4dadaf 204 0 - 0.113 ms
2025-12-24 15:40:51 [info] : PATCH /api/admin/category/toggle-status/694b833990aa690eac4dadaf 200 285 - 31.887 ms
2025-12-24 15:40:54 [info] : GET /api/admin/category/get-category?page=1&limit=10 200 1436 - 4.978 ms
2025-12-24 15:41:05 [info] : GET /api/admin/category/get-category?page=1&limit=10 304 - - 20.314 ms
2025-12-24 15:48:32 [info] : OPTIONS /api/admin/category/toggle-status/694b833990aa690eac4dadaf 204 0 - 8.375 ms
2025-12-24 15:48:32 [info] : PATCH /api/admin/category/toggle-status/694b833990aa690eac4dadaf 200 286 - 343.178 ms
2025-12-24 15:48:33 [info] : PATCH /api/admin/category/toggle-status/694b833990aa690eac4dadaf 200 285 - 19.569 ms
2025-12-24 15:48:37 [info] : GET /api/admin/category/get-category?page=1&limit=10 200 1436 - 221.830 ms
2025-12-24 15:49:13 [info] : GET /api/admin/category/get-category?page=1&limit=10 304 - - 1458.215 ms
2025-12-24 15:49:22 [info] : GET /api/admin/category/get-category?page=1&limit=10 304 - - 30.959 ms
2025-12-24 15:54:19 [info] : GET /api/admin/category/get-category?page=1&limit=10 401 63 - 16.521 ms
2025-12-24 15:54:19 [info] : POST /api/auth/refresh 200 253 - 19.819 ms
2025-12-24 15:54:20 [info] : GET /api/admin/category/get-category?page=1&limit=10 304 - - 389.067 ms
2025-12-24 15:54:26 [info] : GET /api/admin/category/get-category?page=1&limit=10 304 - - 411.226 ms
2025-12-24 15:54:27 [info] : OPTIONS /api/admin/category/toggle-status/694b833990aa690eac4dadaf 204 0 - 1.660 ms
2025-12-24 15:54:27 [info] : PATCH /api/admin/category/toggle-status/694b833990aa690eac4dadaf 200 286 - 60.968 ms
2025-12-24 15:54:28 [info] : PATCH /api/admin/category/toggle-status/694b833990aa690eac4dadaf 200 285 - 5.039 ms
2025-12-24 15:54:29 [info] : PATCH /api/admin/category/toggle-status/694b833990aa690eac4dadaf 200 286 - 16.085 ms
2025-12-24 15:54:29 [info] : PATCH /api/admin/category/toggle-status/694b833990aa690eac4dadaf 200 285 - 3.326 ms
2025-12-24 15:54:30 [info] : PATCH /api/admin/category/toggle-status/694b833990aa690eac4dadaf 200 286 - 21.020 ms
2025-12-24 15:54:31 [info] : PATCH /api/admin/category/toggle-status/694b833990aa690eac4dadaf 200 285 - 9.669 ms
2025-12-24 15:54:31 [info] : PATCH /api/admin/category/toggle-status/694b833990aa690eac4dadaf 200 286 - 13.240 ms
2025-12-24 15:56:20 [info] : GET /api/admin/category/get-category?page=1&limit=10 200 1437 - 87.050 ms
2025-12-24 15:56:24 [info] : GET /api/admin/category/get-category?page=1&limit=10 304 - - 44.438 ms
2025-12-24 15:56:25 [info] : GET /api/admin/category/get-category?page=1&limit=10 304 - - 27.943 ms
2025-12-24 15:57:10 [info] : OPTIONS /api/admin/category/toggle-status/694b7fbf90aa690eac4dad92 204 0 - 0.944 ms
2025-12-24 15:57:11 [info] : PATCH /api/admin/category/toggle-status/694b7fbf90aa690eac4dad92 200 290 - 234.246 ms
2025-12-24 15:57:11 [info] : PATCH /api/admin/category/toggle-status/694b7fbf90aa690eac4dad92 200 289 - 25.134 ms
2025-12-24 15:57:12 [info] : OPTIONS /api/admin/category/toggle-status/694b833990aa690eac4dadaf 204 0 - 0.128 ms
2025-12-24 15:57:12 [info] : PATCH /api/admin/category/toggle-status/694b833990aa690eac4dadaf 200 285 - 12.079 ms
2025-12-24 15:57:25 [info] : GET /api/admin/category/get-category?page=1&limit=10 200 1436 - 970.017 ms
2025-12-24 16:08:45 [info] : GET /api/vendor/vendor-data 401 63 - 130.862 ms
2025-12-24 16:08:46 [info] : POST /api/auth/refresh 200 323 - 248.538 ms
2025-12-24 16:23:51 [info] : GET /api/vendor/vendor-data 304 - - 904987.664 ms
2025-12-24 16:43:30 [info] : GET /api/admin/category/get-category?page=1&limit=10 401 63 - 16.187 ms
2025-12-24 16:43:30 [info] : POST /api/auth/refresh 200 253 - 27.406 ms
2025-12-24 16:43:31 [info] : GET /api/admin/category/get-category?page=1&limit=10 304 - - 313.581 ms
2025-12-24 16:43:50 [info] : GET /api/admin/category/get-category?page=1&limit=10 304 - - 166.422 ms
2025-12-24 16:43:59 [info] : GET /api/admin/category/get-category?page=1&limit=10 304 - - 24.126 ms
2025-12-24 16:44:01 [info] : GET /api/admin/category/get-category?page=1&limit=10 304 - - 11.873 ms
2025-12-24 16:44:05 [info] : GET /api/admin/category/get-category?page=1&limit=10 304 - - 52.041 ms
2025-12-24 16:44:14 [info] : GET /api/admin/category/get-category?page=1&limit=10 304 - - 19.061 ms
2025-12-24 16:52:55 [info] : GET /api/admin/category/get-category?page=1&limit=10 304 - - 404.610 ms
2025-12-24 16:53:12 [info] : GET /api/admin/category/get-category?page=1&limit=10 304 - - 170.149 ms
2025-12-24 16:53:18 [info] : GET /api/admin/category/get-category?page=1&limit=10 304 - - 10.348 ms
2025-12-24 16:53:29 [info] : GET /api/admin/category/get-category?page=1&limit=10 304 - - 9.667 ms
2025-12-24 16:53:30 [info] : GET /api/admin/category/get-category?page=1&limit=10 304 - - 9.063 ms
2025-12-24 16:53:51 [info] : GET /api/admin/category/get-category?page=1&limit=10 304 - - 124.384 ms
2025-12-24 16:54:47 [info] : GET /api/admin/category/get-category?page=1&limit=10 304 - - 7.324 ms
2025-12-24 16:54:49 [info] : GET /api/admin/category/get-category?page=1&limit=10 304 - - 9.046 ms
2025-12-24 16:55:02 [info] : GET /api/admin/category/get-category?page=1&limit=10 304 - - 113.450 ms
2025-12-24 16:55:03 [info] : GET /api/admin/category/get-category?page=1&limit=10 304 - - 7.812 ms
2025-12-24 16:58:13 [info] : GET /api/admin/category/get-category?page=1&limit=10 304 - - 459.149 ms
2025-12-24 17:03:42 [info] : GET /api/admin/category/get-category?page=1&limit=10 401 63 - 20.800 ms
2025-12-24 17:03:42 [info] : POST /api/auth/refresh 200 253 - 22.578 ms
2025-12-24 17:03:42 [info] : GET /api/admin/category/get-category?page=1&limit=10 304 - - 362.751 ms
2025-12-24 17:08:58 [info] : GET /api/admin/category/get-category?page=1&limit=10 304 - - 373.883 ms
2025-12-24 17:09:08 [info] : OPTIONS /api/admin/category/create-category 204 0 - 1.898 ms
2025-12-24 17:09:08 [info] : POST /api/admin/category/create-category 201 281 - 100.232 ms
2025-12-24 17:09:16 [info] : GET /api/admin/allusers?page=1&limit=10 304 - - 122.711 ms
2025-12-24 17:09:30 [info] : GET /api/admin/allvendors?page=1&limit=10 304 - - 20.812 ms
2025-12-24 17:09:33 [info] : GET /api/admin/allvendors?page=1&limit=10 304 - - 13.013 ms
2025-12-24 17:09:36 [info] : GET /api/admin/allusers?page=1&limit=10 304 - - 7.346 ms
2025-12-24 17:09:39 [info] : GET /api/admin/category/get-category?page=1&limit=10 200 1657 - 16.001 ms
2025-12-24 17:13:06 [info] : GET /api/admin/allusers?page=1&limit=10 304 - - 196.233 ms
2025-12-24 17:14:49 [info] : GET /api/admin/allusers?page=1&limit=10 304 - - 310.921 ms
2025-12-24 17:20:14 [info] : GET /api/admin/allusers?page=1&limit=10 401 63 - 30.271 ms
2025-12-24 17:20:14 [info] : POST /api/auth/refresh 200 253 - 17.638 ms
2025-12-24 17:20:15 [info] : GET /api/admin/allusers?page=1&limit=10 304 - - 156.547 ms
2025-12-24 17:20:18 [info] : GET /api/admin/allusers?page=1&limit=10 304 - - 24.036 ms
2025-12-24 17:22:58 [info] : GET /api/admin/allusers?page=1&limit=10 304 - - 1734.614 ms
2025-12-24 17:23:00 [info] : GET /api/admin/category/get-category?page=1&limit=10 304 - - 56.510 ms
2025-12-24 17:23:01 [info] : GET /api/admin/allusers?page=1&limit=10 304 - - 7.714 ms
2025-12-24 17:23:02 [info] : GET /api/admin/allvendors?page=1&limit=10 304 - - 17.532 ms
2025-12-24 17:23:48 [info] : GET /api/admin/allvendors?page=1&limit=10 304 - - 143.900 ms
2025-12-24 17:24:43 [info] : GET /api/admin/allvendors?page=1&limit=10 304 - - 102.993 ms
2025-12-24 17:27:20 [info] : GET /api/admin/allusers?page=1&limit=10 304 - - 302.674 ms
2025-12-24 17:27:21 [info] : GET /api/admin/category/get-category?page=1&limit=10 304 - - 44.032 ms
2025-12-24 17:29:40 [info] : GET /api/admin/category/get-category?page=1&limit=10 304 - - 168.323 ms
2025-12-24 17:29:55 [info] : GET /api/admin/allusers?page=1&limit=10 304 - - 162.563 ms
2025-12-24 17:29:57 [info] : GET /api/admin/category/get-category?page=1&limit=10 304 - - 5.058 ms
2025-12-24 17:30:14 [info] : GET /api/admin/category/get-category?page=1&limit=10 304 - - 116.538 ms
2025-12-24 17:30:15 [info] : GET /api/admin/allusers?page=1&limit=10 304 - - 8.915 ms
2025-12-24 17:30:16 [info] : GET /api/admin/category/get-category?page=1&limit=10 304 - - 6.991 ms
2025-12-24 17:31:07 [info] : GET /api/admin/category/get-category?page=1&limit=10 304 - - 189.589 ms
2025-12-24 17:31:11 [info] : GET /api/admin/allusers?page=1&limit=10 304 - - 29.672 ms
2025-12-24 17:31:12 [info] : GET /api/admin/allvendors?page=1&limit=10 304 - - 17.476 ms
2025-12-24 17:31:13 [info] : GET /api/admin/allusers?page=1&limit=10 304 - - 7.223 ms
2025-12-24 17:31:14 [info] : GET /api/admin/category/get-category?page=1&limit=10 304 - - 8.928 ms
2025-12-24 17:32:45 [info] : GET /api/admin/category/get-category?page=1&limit=10 304 - - 221.800 ms
2025-12-24 17:35:03 [info] : GET /api/admin/category/get-category?page=1&limit=10 304 - - 153.315 ms
2025-12-24 17:36:08 [info] : GET /api/admin/category/get-category?page=1&limit=10 401 63 - 61.209 ms
2025-12-24 17:36:08 [info] : POST /api/auth/refresh 200 253 - 102.612 ms
2025-12-24 17:36:09 [info] : GET /api/admin/category/get-category?page=1&limit=10 304 - - 701.016 ms
2025-12-24 17:37:20 [info] : GET /api/admin/category/get-category?page=1&limit=10 304 - - 299.203 ms
2025-12-24 17:37:35 [info] : OPTIONS /api/admin/category/create-category 204 0 - 3.773 ms
2025-12-24 17:37:35 [info] : POST /api/admin/category/create-category 201 276 - 164.055 ms
2025-12-24 17:39:27 [info] : GET /api/admin/category/get-category?page=1&limit=10 200 1873 - 131.238 ms
2025-12-24 17:39:32 [info] : GET /api/admin/category/get-category?page=1&limit=10 304 - - 33.726 ms
2025-12-24 17:47:10 [info] : GET /api/vendor/vendor-data 401 63 - 18.349 ms
2025-12-24 17:47:10 [info] : POST /api/auth/refresh 200 323 - 26.547 ms
2025-12-24 17:47:11 [info] : GET /api/vendor/vendor-data 304 - - 281.697 ms
2025-12-24 21:15:57 [info] : GET /api/vendor/vendor-data 401 63 - 23.647 ms
2025-12-24 21:15:57 [info] : POST /api/auth/refresh 200 323 - 29.649 ms
2025-12-24 21:15:57 [info] : GET /api/vendor/vendor-data 304 - - 166.357 ms
2025-12-24 21:16:02 [info] : POST /api/auth/logout 200 61 - 6.175 ms
2025-12-24 21:16:09 [info] : OPTIONS /api/auth/login 204 0 - 0.575 ms
2025-12-24 21:16:09 [info] : POST /api/auth/login 404 48 - 38.742 ms
2025-12-24 21:16:23 [info] : GET /api/admin/allvendors?page=1&limit=10 401 63 - 1.098 ms
2025-12-24 21:16:23 [info] : POST /api/auth/refresh 401 48 - 10.515 ms
2025-12-24 21:16:37 [info] : OPTIONS /api/auth/login 204 0 - 0.425 ms
2025-12-24 21:16:37 [info] : POST /api/auth/login 200 252 - 123.808 ms
2025-12-24 21:16:39 [info] : GET /api/admin/allvendors?page=1&limit=10 200 4746 - 96.057 ms
2025-12-24 21:16:47 [info] : GET /api/admin/allvendors?page=2&limit=10 200 1506 - 11.064 ms
2025-12-24 21:16:50 [info] : GET /api/admin/allusers?page=1&limit=10 200 4631 - 8.333 ms
2025-12-24 21:16:55 [info] : GET /api/admin/category/get-category?page=1&limit=10 200 1873 - 23.554 ms
2025-12-24 21:17:25 [info] : GET /api/admin/allusers?page=1&limit=10 304 - - 19.736 ms
2025-12-24 21:17:27 [info] : GET /api/admin/allusers?page=2&limit=10 200 486 - 8.205 ms
2025-12-24 21:17:30 [info] : GET /api/admin/allusers?page=1&limit=10 304 - - 4.807 ms
2025-12-24 21:17:31 [info] : GET /api/admin/category/get-category?page=1&limit=10 304 - - 3.662 ms
2025-12-24 21:17:37 [info] : OPTIONS /api/admin/category/toggle-status/6938226336058cc8d3afaeda 204 0 - 0.287 ms
2025-12-24 21:17:37 [info] : PATCH /api/admin/category/toggle-status/6938226336058cc8d3afaeda 200 300 - 49.849 ms
2025-12-24 21:17:38 [info] : PATCH /api/admin/category/toggle-status/6938226336058cc8d3afaeda 200 299 - 4.621 ms
2025-12-24 21:17:39 [info] : PATCH /api/admin/category/toggle-status/6938226336058cc8d3afaeda 200 300 - 4.940 ms
2025-12-24 21:17:41 [info] : PATCH /api/admin/category/toggle-status/6938226336058cc8d3afaeda 200 299 - 5.911 ms
2025-12-24 21:19:19 [info] : OPTIONS /api/admin/category/create-category 204 0 - 0.466 ms
2025-12-24 21:19:19 [info] : POST /api/admin/category/create-category 201 280 - 189.327 ms
2025-12-24 21:19:31 [info] : OPTIONS /api/admin/category/create-category 204 0 - 0.122 ms
2025-12-24 21:19:31 [info] : POST /api/admin/category/create-category 201 282 - 6.269 ms
2025-12-24 21:19:42 [info] : OPTIONS /api/admin/category/create-category 204 0 - 0.063 ms
2025-12-24 21:19:42 [info] : POST /api/admin/category/create-category 201 282 - 15.540 ms
2025-12-24 21:19:51 [info] : OPTIONS /api/admin/category/create-category 204 0 - 0.080 ms
2025-12-24 21:19:51 [info] : POST /api/admin/category/create-category 201 287 - 6.627 ms
2025-12-24 21:20:00 [info] : GET /api/admin/allusers?page=1&limit=10 304 - - 74.993 ms
2025-12-24 21:20:01 [info] : GET /api/admin/category/get-category?page=1&limit=10 200 2302 - 8.809 ms
2025-12-24 21:20:05 [info] : GET /api/admin/category/get-category?page=2&limit=10 200 563 - 5.737 ms
2025-12-24 21:20:11 [info] : GET /api/admin/category/get-category?page=1&limit=10 304 - - 5.150 ms
2025-12-24 21:20:58 [info] : OPTIONS /api/admin/category/toggle-status/694c0b9f90aa690eac4daef0 204 0 - 0.074 ms
2025-12-24 21:20:58 [info] : PATCH /api/admin/category/toggle-status/694c0b9f90aa690eac4daef0 200 295 - 18.600 ms
2025-12-24 21:21:00 [info] : PATCH /api/admin/category/toggle-status/694c0b9f90aa690eac4daef0 200 294 - 3.607 ms
2025-12-24 21:24:48 [info] : GET /api/admin/category/get-category?page=1&limit=10 200 2302 - 224.587 ms
2025-12-24 21:24:51 [info] : GET /api/admin/category/get-category?page=1&limit=10 304 - - 89.291 ms
2025-12-24 21:24:52 [info] : GET /api/admin/category/get-category?page=1&limit=10 304 - - 5.638 ms
2025-12-24 21:24:53 [info] : GET /api/admin/allusers?page=1&limit=10 304 - - 15.902 ms
2025-12-24 21:24:54 [info] : GET /api/admin/category/get-category?page=1&limit=10 304 - - 3.450 ms
2025-12-24 21:25:30 [info] : GET /api/admin/category/get-category?page=1&limit=10 304 - - 151.692 ms
2025-12-24 21:25:56 [info] : GET /api/admin/allusers?page=1&limit=10 304 - - 520.399 ms
2025-12-24 21:25:57 [info] : GET /api/admin/category/get-category?page=1&limit=10 304 - - 7.469 ms
2025-12-24 21:26:00 [info] : GET /api/admin/allusers?page=1&limit=10 304 - - 3.706 ms
2025-12-24 21:26:21 [info] : GET /api/admin/category/get-category?page=1&limit=10 304 - - 190.029 ms
2025-12-24 21:26:24 [info] : GET /api/admin/category/get-category?page=1&limit=10 304 - - 10.082 ms
2025-12-24 21:26:55 [info] : GET /api/admin/category/get-category?page=1&limit=10 304 - - 167.705 ms
2025-12-24 21:27:27 [info] : GET /api/admin/category/get-category?page=1&limit=10 304 - - 20.611 ms
2025-12-24 21:27:30 [info] : GET /api/admin/category/get-category?page=1&limit=10 304 - - 16.639 ms
2025-12-24 21:27:36 [info] : GET /api/admin/category/get-category?page=1&limit=10 304 - - 43.270 ms
2025-12-24 21:27:37 [info] : GET /api/admin/allusers?page=1&limit=10 304 - - 11.613 ms
2025-12-24 21:27:38 [info] : GET /api/admin/category/get-category?page=1&limit=10 304 - - 4.851 ms
2025-12-24 21:27:56 [info] : GET /api/admin/category/get-category?page=1&limit=10 304 - - 17.841 ms
2025-12-24 21:28:33 [info] : GET /api/admin/category/get-category?page=1&limit=10 304 - - 13.922 ms
2025-12-24 21:29:14 [info] : GET /api/admin/allusers?page=1&limit=10 304 - - 148.546 ms
2025-12-24 21:29:19 [info] : GET /api/admin/allvendors?page=1&limit=10 304 - - 21.086 ms
2025-12-24 21:29:26 [info] : GET /api/admin/allusers?page=1&limit=10 304 - - 9.984 ms
2025-12-24 21:29:27 [info] : GET /api/admin/category/get-category?page=1&limit=10 304 - - 3.829 ms
2025-12-24 21:33:56 [info] : GET /api/admin/category/get-category?page=1&limit=10 401 63 - 14.292 ms
2025-12-24 21:33:56 [info] : POST /api/auth/refresh 200 253 - 15.496 ms
2025-12-24 21:33:56 [info] : GET /api/admin/category/get-category?page=1&limit=10 304 - - 86.005 ms
2025-12-24 21:33:58 [info] : GET /api/admin/category/get-category?page=1&limit=10 304 - - 7.485 ms
2025-12-24 21:33:59 [info] : GET /api/admin/category/get-category?page=1&limit=10 304 - - 7.796 ms
2025-12-24 21:34:08 [info] : GET /api/admin/category/get-category?page=1&limit=10 304 - - 10.343 ms
2025-12-24 21:34:09 [info] : GET /api/admin/category/get-category?page=1&limit=10 304 - - 164.427 ms
2025-12-24 21:34:15 [info] : GET /api/admin/category/get-category?page=1&limit=10 304 - - 344.369 ms
2025-12-24 21:34:23 [info] : GET /api/admin/category/get-category?page=1&limit=10 304 - - 536.824 ms
2025-12-24 21:34:28 [info] : GET /api/admin/category/get-category?page=1&limit=10 304 - - 19.937 ms
2025-12-24 21:34:30 [info] : GET /api/admin/category/get-category?page=1&limit=10 304 - - 21.608 ms
2025-12-24 21:34:34 [info] : GET /api/admin/category/get-category?page=1&limit=10 304 - - 8.761 ms
2025-12-24 21:34:37 [info] : GET /api/admin/category/get-category?page=1&limit=10 304 - - 16.572 ms
2025-12-24 21:34:39 [info] : GET /api/admin/category/get-category?page=1&limit=10 304 - - 12.194 ms
2025-12-24 21:34:46 [info] : GET /api/admin/category/get-category?page=1&limit=10 304 - - 11.396 ms
2025-12-24 21:35:50 [info] : GET /api/admin/category/get-category?page=1&limit=10 304 - - 190.380 ms
2025-12-24 21:36:06 [info] : GET /api/admin/category/get-category?page=1&limit=10 304 - - 217.682 ms
2025-12-24 21:36:52 [info] : GET /api/admin/category/get-category?page=1&limit=10 304 - - 116.744 ms
2025-12-24 21:36:56 [info] : GET /api/admin/category/get-category?page=1&limit=10 304 - - 6.392 ms
2025-12-24 21:36:58 [info] : GET /api/admin/category/get-category?page=1&limit=10 304 - - 47.895 ms
2025-12-24 21:37:45 [info] : GET /api/admin/category/get-category?page=1&limit=10 304 - - 121.682 ms
2025-12-24 21:37:48 [info] : GET /api/admin/category/get-category?page=1&limit=10 304 - - 4.589 ms
2025-12-24 21:37:50 [info] : GET /api/admin/category/get-category?page=1&limit=10 304 - - 4.671 ms
2025-12-24 21:37:54 [info] : GET /api/admin/category/get-category?page=1&limit=10 304 - - 4.226 ms
2025-12-24 21:37:58 [info] : GET /api/admin/category/get-category?page=1&limit=10 304 - - 13.733 ms
2025-12-24 21:38:02 [info] : GET /api/admin/category/get-category?page=1&limit=10 304 - - 8.997 ms
2025-12-24 21:38:04 [info] : GET /api/admin/category/get-category?page=1&limit=10 304 - - 7.313 ms
2025-12-24 21:38:08 [info] : GET /api/admin/category/get-category?page=1&limit=10 304 - - 14.459 ms
2025-12-24 21:38:53 [info] : GET /api/admin/category/get-category?page=1&limit=10 304 - - 368.269 ms
2025-12-24 21:38:55 [info] : GET /api/admin/category/get-category?page=1&limit=10 304 - - 10.536 ms
2025-12-24 21:38:56 [info] : GET /api/admin/category/get-category?page=1&limit=10 304 - - 12.133 ms
2025-12-24 21:39:09 [info] : GET /api/admin/category/get-category?page=1&limit=10 304 - - 11.220 ms
2025-12-24 21:39:17 [info] : GET /api/admin/category/get-category?page=1&limit=10 304 - - 202.795 ms
2025-12-24 21:41:53 [info] : GET /api/admin/category/get-category?page=1&limit=10 304 - - 458.314 ms
2025-12-24 21:42:07 [info] : GET /api/admin/category/get-category?page=1&limit=10 304 - - 17.044 ms
2025-12-24 21:42:48 [info] : GET /api/admin/category/get-category?page=2&limit=10 304 - - 36.479 ms
2025-12-24 21:44:23 [info] : GET /api/admin/category/get-category?page=1&limit=10 304 - - 227.449 ms
2025-12-24 21:44:31 [info] : OPTIONS /api/admin/category/create-category 204 0 - 1.969 ms
2025-12-24 21:44:31 [info] : POST /api/admin/category/create-category 400 46 - 96.642 ms
2025-12-24 21:44:39 [info] : OPTIONS /api/admin/category/create-category 204 0 - 0.086 ms
2025-12-24 21:44:39 [info] : POST /api/admin/category/create-category 201 282 - 47.002 ms
2025-12-24 21:44:49 [info] : GET /api/admin/category/get-category?page=2&limit=10 200 783 - 65.820 ms
2025-12-24 21:44:51 [info] : GET /api/admin/category/get-category?page=1&limit=10 200 2304 - 8.278 ms
2025-12-24 21:50:07 [info] : GET /api/admin/category/get-category?page=1&limit=10 401 63 - 4.533 ms
2025-12-24 21:50:07 [info] : POST /api/auth/refresh 200 253 - 38.481 ms
2025-12-24 21:50:08 [info] : GET /api/admin/category/get-category?page=1&limit=10 304 - - 971.441 ms
2025-12-24 21:50:08 [info] : GET /api/admin/category/get-category?page=1&limit=10 304 - - 112.718 ms
2025-12-24 21:50:14 [info] : OPTIONS /api/admin/category/create-category 204 0 - 0.549 ms
2025-12-24 21:50:14 [info] : POST /api/admin/category/create-category 201 284 - 39.306 ms
2025-12-24 21:50:32 [info] : OPTIONS /api/admin/category/create-category 204 0 - 0.070 ms
2025-12-24 21:50:32 [info] : POST /api/admin/category/create-category 201 285 - 7.697 ms
2025-12-24 21:52:38 [info] : GET /api/admin/category/get-category?page=1&limit=10 200 2317 - 144.678 ms
2025-12-24 21:52:38 [info] : GET /api/admin/category/get-category?page=1&limit=10 304 - - 151.733 ms
2025-12-24 21:52:41 [info] : GET /api/admin/category/get-category?page=1&limit=10 304 - - 9.174 ms
2025-12-24 21:52:47 [info] : OPTIONS /api/admin/category/create-category 204 0 - 0.250 ms
2025-12-24 21:52:47 [info] : POST /api/admin/category/create-category 201 285 - 24.865 ms
2025-12-24 21:53:01 [info] : GET /api/admin/allusers?page=1&limit=10 304 - - 8.065 ms
2025-12-24 21:53:01 [info] : GET /api/admin/category/get-category?page=1&limit=10 200 2324 - 3.538 ms
2025-12-24 21:53:06 [info] : GET /api/admin/category/get-category?page=2&limit=10 200 1437 - 3.423 ms
2025-12-24 21:54:23 [info] : GET /api/admin/category/get-category?page=2&limit=10 304 - - 51.454 ms
2025-12-24 21:54:26 [info] : GET /api/admin/category/get-category?page=2&limit=10 304 - - 2.690 ms
2025-12-24 21:54:27 [info] : GET /api/admin/category/get-category?page=2&limit=10 304 - - 2.472 ms
2025-12-24 21:54:37 [info] : GET /api/admin/category/get-category?page=2&limit=10 304 - - 5.493 ms
2025-12-24 21:54:42 [info] : GET /api/admin/category/get-category?page=2&limit=10 304 - - 1.791 ms
2025-12-24 21:56:42 [info] : server is runnning port 5050 
2025-12-24 21:56:42 [info] : Mongodb Connect Successfully
2025-12-24 21:56:45 [info] : server is runnning port 5050 
2025-12-24 21:56:45 [info] : Mongodb Connect Successfully
2025-12-24 21:57:00 [info] : server is runnning port 5050 
2025-12-24 21:57:00 [info] : Mongodb Connect Successfully
2025-12-24 21:57:09 [info] : server is runnning port 5050 
2025-12-24 21:57:09 [info] : Mongodb Connect Successfully
2025-12-24 21:57:12 [info] : server is runnning port 5050 
2025-12-24 21:57:12 [info] : Mongodb Connect Successfully
2025-12-24 21:57:14 [info] : server is runnning port 5050 
2025-12-24 21:57:14 [info] : Mongodb Connect Successfully
2025-12-24 21:57:15 [info] : server is runnning port 5050 
2025-12-24 21:57:15 [info] : Mongodb Connect Successfully
2025-12-24 21:57:25 [info] : server is runnning port 5050 
2025-12-24 21:57:25 [info] : Mongodb Connect Successfully
2025-12-24 21:57:29 [info] : server is runnning port 5050 
2025-12-24 21:57:29 [info] : Mongodb Connect Successfully
2025-12-24 21:57:33 [info] : server is runnning port 5050 
2025-12-24 21:57:33 [info] : Mongodb Connect Successfully
2025-12-24 21:57:44 [info] : server is runnning port 5050 
2025-12-24 21:57:44 [info] : Mongodb Connect Successfully
2025-12-24 21:57:46 [info] : server is runnning port 5050 
2025-12-24 21:57:46 [info] : Mongodb Connect Successfully
2025-12-24 21:57:51 [info] : server is runnning port 5050 
2025-12-24 21:57:51 [info] : Mongodb Connect Successfully
2025-12-24 21:57:59 [info] : server is runnning port 5050 
2025-12-24 21:57:59 [info] : Mongodb Connect Successfully
2025-12-24 21:58:02 [info] : server is runnning port 5050 
2025-12-24 21:58:02 [info] : Mongodb Connect Successfully
2025-12-24 21:58:08 [info] : server is runnning port 5050 
2025-12-24 21:58:08 [info] : Mongodb Connect Successfully
2025-12-24 22:01:05 [info] : server is runnning port 5050 
2025-12-24 22:01:05 [info] : Mongodb Connect Successfully
2025-12-24 22:01:07 [info] : server is runnning port 5050 
2025-12-24 22:01:07 [info] : Mongodb Connect Successfully
2025-12-24 22:01:09 [info] : server is runnning port 5050 
2025-12-24 22:01:09 [info] : Mongodb Connect Successfully
2025-12-24 22:01:12 [info] : server is runnning port 5050 
2025-12-24 22:01:12 [info] : Mongodb Connect Successfully
2025-12-24 22:01:20 [info] : server is runnning port 5050 
2025-12-24 22:01:20 [info] : Mongodb Connect Successfully
2025-12-24 22:01:23 [info] : server is runnning port 5050 
2025-12-24 22:01:23 [info] : Mongodb Connect Successfully
2025-12-24 22:01:24 [info] : server is runnning port 5050 
2025-12-24 22:01:24 [info] : Mongodb Connect Successfully
2025-12-24 22:02:18 [info] : GET /api/admin/allusers?page=1&limit=10 304 - - 774.094 ms
2025-12-24 22:02:18 [info] : GET /api/admin/allvendors?page=1&limit=10 304 - - 25.713 ms
2025-12-24 22:02:20 [info] : GET /api/admin/allusers?page=1&limit=10 304 - - 15.673 ms
2025-12-24 22:02:22 [info] : GET /api/admin/allusers?page=1&limit=10 304 - - 7.948 ms
2025-12-24 22:02:23 [info] : GET /api/admin/category/get-category?page=1&limit=10 304 - - 9.630 ms
2025-12-24 22:02:25 [info] : GET /api/admin/allusers?page=1&limit=10 304 - - 8.163 ms
2025-12-24 22:02:25 [info] : GET /api/admin/allvendors?page=1&limit=10 304 - - 12.673 ms
2025-12-24 22:02:27 [info] : GET /api/admin/allusers?page=1&limit=10 304 - - 9.375 ms
2025-12-24 22:02:28 [info] : GET /api/admin/category/get-category?page=1&limit=10 304 - - 15.918 ms
2025-12-24 22:04:05 [info] : server is runnning port 5050 
2025-12-24 22:04:05 [info] : Mongodb Connect Successfully
2025-12-24 22:04:08 [info] : server is runnning port 5050 
2025-12-24 22:04:08 [info] : Mongodb Connect Successfully
2025-12-24 22:04:30 [info] : server is runnning port 5050 
2025-12-24 22:04:30 [info] : Mongodb Connect Successfully
2025-12-24 22:04:39 [info] : server is runnning port 5050 
2025-12-24 22:04:39 [info] : Mongodb Connect Successfully
2025-12-24 22:04:40 [info] : server is runnning port 5050 
2025-12-24 22:04:41 [info] : Mongodb Connect Successfully
2025-12-24 22:05:26 [info] : server is runnning port 5050 
2025-12-24 22:05:26 [info] : Mongodb Connect Successfully
2025-12-24 22:05:36 [info] : server is runnning port 5050 
2025-12-24 22:05:36 [info] : Mongodb Connect Successfully
2025-12-24 22:05:46 [info] : server is runnning port 5050 
2025-12-24 22:05:46 [info] : Mongodb Connect Successfully
2025-12-24 22:05:49 [info] : server is runnning port 5050 
2025-12-24 22:05:49 [info] : Mongodb Connect Successfully
2025-12-24 22:05:51 [info] : server is runnning port 5050 
2025-12-24 22:05:52 [info] : Mongodb Connect Successfully
2025-12-24 22:05:53 [info] : server is runnning port 5050 
2025-12-24 22:05:53 [info] : Mongodb Connect Successfully
2025-12-24 22:05:56 [info] : server is runnning port 5050 
2025-12-24 22:05:56 [info] : Mongodb Connect Successfully
2025-12-24 22:05:59 [info] : server is runnning port 5050 
2025-12-24 22:05:59 [info] : Mongodb Connect Successfully
2025-12-24 22:06:00 [info] : server is runnning port 5050 
2025-12-24 22:06:00 [info] : Mongodb Connect Successfully
2025-12-24 22:06:06 [info] : server is runnning port 5050 
2025-12-24 22:06:06 [info] : Mongodb Connect Successfully
2025-12-24 22:06:11 [info] : server is runnning port 5050 
2025-12-24 22:06:11 [info] : Mongodb Connect Successfully
2025-12-24 22:06:15 [info] : server is runnning port 5050 
2025-12-24 22:06:15 [info] : Mongodb Connect Successfully
2025-12-24 22:06:32 [info] : server is runnning port 5050 
2025-12-24 22:06:32 [info] : Mongodb Connect Successfully
2025-12-24 22:06:39 [info] : server is runnning port 5050 
2025-12-24 22:06:39 [info] : Mongodb Connect Successfully
2025-12-24 22:06:44 [info] : server is runnning port 5050 
2025-12-24 22:06:44 [info] : Mongodb Connect Successfully
2025-12-24 22:06:55 [info] : server is runnning port 5050 
2025-12-24 22:06:55 [info] : Mongodb Connect Successfully
2025-12-24 22:07:39 [info] : server is runnning port 5050 
2025-12-24 22:07:39 [info] : Mongodb Connect Successfully
2025-12-24 22:07:45 [info] : server is runnning port 5050 
2025-12-24 22:07:45 [info] : Mongodb Connect Successfully
2025-12-24 22:08:06 [info] : server is runnning port 5050 
2025-12-24 22:08:06 [info] : Mongodb Connect Successfully
2025-12-24 22:08:24 [info] : server is runnning port 5050 
2025-12-24 22:08:24 [info] : Mongodb Connect Successfully
2025-12-24 22:08:30 [info] : server is runnning port 5050 
2025-12-24 22:08:30 [info] : Mongodb Connect Successfully
2025-12-24 22:08:32 [info] : server is runnning port 5050 
2025-12-24 22:08:32 [info] : Mongodb Connect Successfully
2025-12-24 22:08:37 [info] : server is runnning port 5050 
2025-12-24 22:08:37 [info] : Mongodb Connect Successfully
2025-12-24 22:10:26 [info] : server is runnning port 5050 
2025-12-24 22:10:26 [info] : Mongodb Connect Successfully
2025-12-24 22:10:32 [info] : server is runnning port 5050 
2025-12-24 22:10:32 [info] : Mongodb Connect Successfully
2025-12-24 22:10:43 [info] : server is runnning port 5050 
2025-12-24 22:10:43 [info] : Mongodb Connect Successfully
2025-12-24 22:11:19 [info] : server is runnning port 5050 
2025-12-24 22:11:19 [info] : Mongodb Connect Successfully
2025-12-24 22:11:20 [info] : server is runnning port 5050 
2025-12-24 22:11:20 [info] : Mongodb Connect Successfully
2025-12-24 22:11:39 [info] : server is runnning port 5050 
2025-12-24 22:11:39 [info] : Mongodb Connect Successfully
2025-12-24 22:11:44 [info] : server is runnning port 5050 
2025-12-24 22:11:44 [info] : Mongodb Connect Successfully
2025-12-24 22:11:46 [info] : server is runnning port 5050 
2025-12-24 22:11:46 [info] : Mongodb Connect Successfully
2025-12-24 22:11:55 [info] : server is runnning port 5050 
2025-12-24 22:11:55 [info] : Mongodb Connect Successfully
2025-12-24 22:14:21 [info] : server is runnning port 5050 
2025-12-24 22:14:21 [info] : Mongodb Connect Successfully
2025-12-24 22:14:25 [info] : server is runnning port 5050 
2025-12-24 22:14:25 [info] : Mongodb Connect Successfully
2025-12-24 22:14:51 [info] : server is runnning port 5050 
2025-12-24 22:14:51 [info] : Mongodb Connect Successfully
2025-12-24 22:14:53 [info] : server is runnning port 5050 
2025-12-24 22:14:53 [info] : Mongodb Connect Successfully
2025-12-24 22:14:56 [info] : server is runnning port 5050 
2025-12-24 22:14:56 [info] : Mongodb Connect Successfully
2025-12-24 22:15:02 [info] : server is runnning port 5050 
2025-12-24 22:15:02 [info] : Mongodb Connect Successfully
2025-12-24 22:15:24 [info] : server is runnning port 5050 
2025-12-24 22:15:24 [info] : Mongodb Connect Successfully
2025-12-24 22:15:30 [info] : server is runnning port 5050 
2025-12-24 22:15:30 [info] : Mongodb Connect Successfully
2025-12-24 22:15:33 [info] : server is runnning port 5050 
2025-12-24 22:15:33 [info] : Mongodb Connect Successfully
2025-12-24 22:15:53 [info] : server is runnning port 5050 
2025-12-24 22:15:53 [info] : Mongodb Connect Successfully
2025-12-24 22:16:01 [info] : server is runnning port 5050 
2025-12-24 22:16:01 [info] : Mongodb Connect Successfully
2025-12-24 22:16:35 [info] : server is runnning port 5050 
2025-12-24 22:16:35 [info] : Mongodb Connect Successfully
2025-12-24 22:16:38 [info] : server is runnning port 5050 
2025-12-24 22:16:38 [info] : Mongodb Connect Successfully
2025-12-24 22:17:31 [info] : server is runnning port 5050 
2025-12-24 22:17:31 [info] : Mongodb Connect Successfully
2025-12-24 22:17:34 [info] : server is runnning port 5050 
2025-12-24 22:17:34 [info] : Mongodb Connect Successfully
2025-12-24 22:17:43 [info] : server is runnning port 5050 
2025-12-24 22:17:43 [info] : Mongodb Connect Successfully
2025-12-24 22:17:46 [info] : server is runnning port 5050 
2025-12-24 22:17:46 [info] : Mongodb Connect Successfully
2025-12-24 22:17:54 [info] : server is runnning port 5050 
2025-12-24 22:17:54 [info] : Mongodb Connect Successfully
2025-12-24 22:18:04 [info] : server is runnning port 5050 
2025-12-24 22:18:04 [info] : Mongodb Connect Successfully
2025-12-24 22:18:08 [info] : server is runnning port 5050 
2025-12-24 22:18:08 [info] : Mongodb Connect Successfully
2025-12-24 22:18:10 [info] : server is runnning port 5050 
2025-12-24 22:18:10 [info] : Mongodb Connect Successfully
2025-12-24 22:18:24 [info] : server is runnning port 5050 
2025-12-24 22:18:24 [info] : Mongodb Connect Successfully
2025-12-24 22:18:46 [info] : server is runnning port 5050 
2025-12-24 22:18:46 [info] : Mongodb Connect Successfully
2025-12-24 22:18:48 [info] : server is runnning port 5050 
2025-12-24 22:18:48 [info] : Mongodb Connect Successfully
2025-12-24 22:18:51 [info] : server is runnning port 5050 
2025-12-24 22:18:51 [info] : Mongodb Connect Successfully
2025-12-24 22:19:02 [info] : server is runnning port 5050 
2025-12-24 22:19:02 [info] : Mongodb Connect Successfully
2025-12-24 22:19:11 [info] : server is runnning port 5050 
2025-12-24 22:19:11 [info] : Mongodb Connect Successfully
2025-12-24 22:19:15 [info] : server is runnning port 5050 
2025-12-24 22:19:15 [info] : Mongodb Connect Successfully
2025-12-24 22:19:22 [info] : server is runnning port 5050 
2025-12-24 22:19:22 [info] : Mongodb Connect Successfully
2025-12-24 22:19:26 [info] : server is runnning port 5050 
2025-12-24 22:19:26 [info] : Mongodb Connect Successfully
2025-12-24 22:19:30 [info] : server is runnning port 5050 
2025-12-24 22:19:30 [info] : Mongodb Connect Successfully
2025-12-24 22:19:31 [info] : server is runnning port 5050 
2025-12-24 22:19:31 [info] : Mongodb Connect Successfully
2025-12-24 22:19:41 [info] : server is runnning port 5050 
2025-12-24 22:19:41 [info] : Mongodb Connect Successfully
2025-12-24 22:19:43 [info] : server is runnning port 5050 
2025-12-24 22:19:43 [info] : Mongodb Connect Successfully
2025-12-24 22:19:49 [info] : server is runnning port 5050 
2025-12-24 22:19:49 [info] : Mongodb Connect Successfully
2025-12-24 22:19:50 [info] : server is runnning port 5050 
2025-12-24 22:19:50 [info] : Mongodb Connect Successfully
2025-12-24 22:19:57 [info] : server is runnning port 5050 
2025-12-24 22:19:57 [info] : Mongodb Connect Successfully
2025-12-24 22:19:59 [info] : server is runnning port 5050 
2025-12-24 22:19:59 [info] : Mongodb Connect Successfully
2025-12-24 22:21:50 [info] : server is runnning port 5050 
2025-12-24 22:21:50 [info] : Mongodb Connect Successfully
2025-12-24 22:22:26 [info] : GET /api/admin/category/get-category?page=1&limit=10 401 63 - 7.026 ms
2025-12-24 22:22:26 [info] : POST /api/auth/refresh 200 253 - 24.339 ms
2025-12-24 22:22:26 [info] : GET /api/admin/category/get-category?page=1&limit=10 304 - - 176.559 ms
