2025-12-11 00:37:26 [info] : GET /api/user/user-data 401 26 - 49.959 ms
2025-12-11 00:37:27 [info] : POST /api/auth/refresh 200 315 - 159.900 ms
2025-12-11 00:37:28 [info] : GET /api/admin/allvendors?page=1&limit=10 401 26 - 0.472 ms
2025-12-11 00:37:28 [info] : POST /api/auth/refresh 200 253 - 1.416 ms
2025-12-11 00:54:12 [info] : GET /api/user/user-data 304 - - 1004822.505 ms
2025-12-11 00:54:12 [info] : GET /api/admin/allvendors?page=1&limit=10 304 - - 1004685.414 ms
2025-12-11 02:14:54 [info] : GET /api/admin/allvendors?page=1&limit=10 401 26 - 3.001 ms
2025-12-11 02:30:04 [info] : GET /api/user/user-data 401 26 - 1.831 ms
2025-12-11 02:30:05 [info] : POST /api/auth/refresh 200 253 - 69.058 ms
2025-12-11 02:30:05 [info] : POST /api/auth/refresh 200 315 - 11.290 ms
2025-12-11 02:30:05 [info] : GET /api/user/user-data 304 - - 291.614 ms
2025-12-11 02:30:06 [info] : GET /api/admin/allvendors?page=1&limit=10 304 - - 1267.173 ms
2025-12-11 04:00:07 [info] : GET /api/user/user-data 401 26 - 1.659 ms
2025-12-11 04:00:07 [info] : POST /api/auth/refresh 200 315 - 7.645 ms
2025-12-11 04:00:08 [info] : GET /api/admin/allvendors?page=1&limit=10 401 26 - 0.184 ms
2025-12-11 04:00:08 [info] : POST /api/auth/refresh 200 253 - 5.582 ms
2025-12-11 04:00:08 [info] : GET /api/user/user-data 304 - - 695.425 ms
2025-12-11 04:00:08 [info] : GET /api/admin/allvendors?page=1&limit=10 304 - - 693.689 ms
2025-12-11 08:07:56 [info] : GET /api/user/user-data 401 26 - 1.404 ms
2025-12-11 08:07:56 [info] : POST /api/auth/refresh 200 315 - 10.774 ms
2025-12-11 08:07:56 [info] : GET /api/admin/allvendors?page=1&limit=10 401 26 - 1.314 ms
2025-12-11 08:07:56 [info] : POST /api/auth/refresh 200 253 - 0.394 ms
2025-12-11 08:07:57 [info] : GET /api/user/user-data 304 - - 254.849 ms
2025-12-11 08:07:57 [info] : GET /api/admin/allvendors?page=1&limit=10 304 - - 155.390 ms
2025-12-11 08:44:49 [info] : GET /api/user/user-data 401 26 - 21.621 ms
2025-12-11 08:44:49 [info] : POST /api/auth/refresh 200 315 - 96.504 ms
2025-12-11 08:44:51 [info] : GET /api/user/user-data 304 - - 1848.907 ms
2025-12-11 08:44:51 [info] : GET /api/admin/allvendors?page=1&limit=10 401 26 - 0.757 ms
2025-12-11 08:44:51 [info] : POST /api/auth/refresh 200 253 - 12.249 ms
2025-12-11 08:55:53 [info] : GET /api/admin/allvendors?page=1&limit=10 304 - - 661759.064 ms
2025-12-11 11:26:04 [info] : GET /api/admin/allvendors?page=1&limit=10 401 26 - 9.679 ms
2025-12-11 11:26:04 [info] : GET /api/user/user-data 401 26 - 0.385 ms
2025-12-11 11:26:05 [info] : POST /api/auth/refresh 200 315 - 127.024 ms
2025-12-11 11:26:05 [info] : POST /api/auth/refresh 200 253 - 1.799 ms
2025-12-11 11:26:05 [info] : GET /api/user/user-data 304 - - 382.053 ms
2025-12-11 11:26:05 [info] : GET /api/admin/allvendors?page=1&limit=10 304 - - 183.090 ms
2025-12-11 13:53:23 [info] : GET /api/admin/allvendors?page=1&limit=10 401 26 - 2.700 ms
2025-12-11 13:53:23 [info] : POST /api/auth/refresh 200 253 - 100.812 ms
2025-12-11 13:53:23 [info] : GET /api/user/user-data 401 26 - 0.093 ms
2025-12-11 13:53:24 [info] : POST /api/auth/refresh 200 315 - 0.336 ms
2025-12-11 13:53:24 [info] : GET /api/user/user-data 304 - - 65.234 ms
2025-12-11 13:53:24 [info] : GET /api/admin/allvendors?page=1&limit=10 304 - - 266.759 ms
2025-12-11 14:45:53 [info] : GET /api/user/user-data 401 26 - 2.372 ms
2025-12-11 14:45:53 [info] : GET /api/admin/allvendors?page=1&limit=10 401 26 - 0.236 ms
2025-12-11 14:45:54 [info] : POST /api/auth/refresh 200 253 - 36.381 ms
2025-12-11 14:45:54 [info] : POST /api/auth/refresh 200 315 - 0.435 ms
2025-12-11 14:45:54 [info] : GET /api/user/user-data 304 - - 113.104 ms
2025-12-11 14:45:54 [info] : GET /api/admin/allvendors?page=1&limit=10 304 - - 155.862 ms
2025-12-11 14:47:37 [info] : GET /api/admin/allvendors?page=1&limit=10 304 - - 231.239 ms
2025-12-11 14:47:37 [info] : GET /api/user/user-data 304 - - 132.456 ms
2025-12-11 14:48:17 [info] : GET /api/user/user-data 304 - - 40.578 ms
2025-12-11 14:48:17 [info] : GET /api/admin/allvendors?page=1&limit=10 304 - - 427.429 ms
2025-12-11 14:56:13 [info] : GET /api/user/user-data 304 - - 160.462 ms
2025-12-11 14:56:13 [info] : GET /api/admin/allvendors?page=1&limit=10 304 - - 358.866 ms
2025-12-11 15:02:32 [info] : GET /api/user/user-data 401 26 - 7.818 ms
2025-12-11 15:02:32 [info] : POST /api/auth/refresh 200 315 - 10.479 ms
2025-12-11 15:02:32 [info] : GET /api/admin/allvendors?page=1&limit=10 401 26 - 0.199 ms
2025-12-11 15:02:32 [info] : POST /api/auth/refresh 200 253 - 3.338 ms
2025-12-11 15:02:32 [info] : GET /api/user/user-data 304 - - 492.460 ms
2025-12-11 15:02:32 [info] : GET /api/admin/allvendors?page=1&limit=10 304 - - 316.448 ms
2025-12-11 15:40:06 [info] : GET /api/user/user-data 401 26 - 3.207 ms
2025-12-11 15:40:06 [info] : POST /api/auth/refresh 200 315 - 33.671 ms
2025-12-11 15:40:06 [info] : GET /api/admin/allvendors?page=1&limit=10 401 26 - 1.673 ms
2025-12-11 15:40:06 [info] : POST /api/auth/refresh 200 253 - 1.471 ms
2025-12-11 15:40:07 [info] : GET /api/user/user-data 304 - - 939.857 ms
2025-12-11 15:40:07 [info] : GET /api/admin/allvendors?page=1&limit=10 304 - - 932.872 ms
2025-12-11 16:08:26 [info] : GET /api/admin/allvendors?page=1&limit=10 401 26 - 16.695 ms
2025-12-11 16:08:26 [info] : POST /api/auth/refresh 200 253 - 114.306 ms
2025-12-11 16:08:26 [info] : GET /api/user/user-data 401 26 - 1.716 ms
2025-12-11 16:08:26 [info] : POST /api/auth/refresh 200 315 - 5.020 ms
2025-12-11 16:08:27 [info] : GET /api/user/user-data 304 - - 188.262 ms
2025-12-11 16:08:27 [info] : GET /api/admin/allvendors?page=1&limit=10 304 - - 489.234 ms
2025-12-11 16:21:50 [info] : GET /api/user/user-data 304 - - 322.193 ms
2025-12-11 16:21:50 [info] : GET /api/admin/allvendors?page=1&limit=10 304 - - 76.699 ms
2025-12-11 16:49:02 [info] : GET /api/user/user-data 401 26 - 18.349 ms
2025-12-11 16:49:02 [info] : POST /api/auth/refresh 200 315 - 29.866 ms
2025-12-11 16:49:03 [info] : GET /api/admin/allvendors?page=1&limit=10 401 26 - 1.549 ms
2025-12-11 16:49:03 [info] : POST /api/auth/refresh 200 253 - 3.207 ms
2025-12-11 16:49:04 [info] : GET /api/user/user-data 304 - - 1069.209 ms
2025-12-11 16:49:04 [info] : GET /api/admin/allvendors?page=1&limit=10 304 - - 911.042 ms
2025-12-11 17:49:23 [info] : GET /api/user/user-data 401 26 - 30.986 ms
2025-12-11 17:49:23 [info] : GET /api/admin/allvendors?page=1&limit=10 401 26 - 2.810 ms
2025-12-11 17:49:23 [info] : POST /api/auth/refresh 200 315 - 59.295 ms
2025-12-11 17:49:23 [info] : POST /api/auth/refresh 200 253 - 1.607 ms
2025-12-11 17:49:25 [info] : GET /api/user/user-data 304 - - 1356.037 ms
2025-12-11 17:49:25 [info] : GET /api/admin/allvendors?page=1&limit=10 304 - - 1365.049 ms
2025-12-11 17:59:45 [info] : server is runnning port 5050 
2025-12-11 17:59:45 [info] : Mongodb Connect Successfully
2025-12-11 17:59:49 [info] : server is runnning port 5050 
2025-12-11 17:59:49 [info] : Mongodb Connect Successfully
2025-12-11 18:00:20 [info] : server is runnning port 5050 
2025-12-11 18:00:20 [info] : Mongodb Connect Successfully
2025-12-11 18:00:26 [info] : server is runnning port 5050 
2025-12-11 18:00:26 [info] : Mongodb Connect Successfully
2025-12-11 18:00:28 [info] : server is runnning port 5050 
2025-12-11 18:00:28 [info] : Mongodb Connect Successfully
2025-12-11 18:00:43 [info] : server is runnning port 5050 
2025-12-11 18:00:43 [info] : Mongodb Connect Successfully
2025-12-11 18:00:44 [info] : server is runnning port 5050 
2025-12-11 18:00:44 [info] : Mongodb Connect Successfully
2025-12-11 18:00:57 [info] : server is runnning port 5050 
2025-12-11 18:00:57 [info] : Mongodb Connect Successfully
2025-12-11 18:01:03 [info] : server is runnning port 5050 
2025-12-11 18:01:03 [info] : Mongodb Connect Successfully
2025-12-11 18:01:46 [info] : server is runnning port 5050 
2025-12-11 18:01:46 [info] : Mongodb Connect Successfully
2025-12-11 18:01:49 [info] : server is runnning port 5050 
2025-12-11 18:01:49 [info] : Mongodb Connect Successfully
2025-12-11 18:01:51 [info] : server is runnning port 5050 
2025-12-11 18:01:51 [info] : Mongodb Connect Successfully
2025-12-11 18:02:05 [info] : server is runnning port 5050 
2025-12-11 18:02:05 [info] : Mongodb Connect Successfully
2025-12-11 18:02:07 [info] : server is runnning port 5050 
2025-12-11 18:02:07 [info] : Mongodb Connect Successfully
2025-12-11 18:02:56 [info] : server is runnning port 5050 
2025-12-11 18:02:56 [info] : Mongodb Connect Successfully
2025-12-11 18:03:00 [info] : server is runnning port 5050 
2025-12-11 18:03:00 [info] : Mongodb Connect Successfully
2025-12-11 18:04:14 [info] : GET /api/user/user-data 304 - - 196.911 ms
2025-12-11 18:04:14 [info] : GET /api/admin/allvendors?page=1&limit=10 304 - - 306.781 ms
2025-12-11 18:05:38 [info] : GET /api/user/user-data 401 26 - 16.663 ms
2025-12-11 18:05:38 [info] : POST /api/auth/refresh 200 315 - 9.129 ms
2025-12-11 18:05:38 [info] : GET /api/admin/allvendors?page=1&limit=10 401 26 - 0.417 ms
2025-12-11 18:05:38 [info] : POST /api/auth/refresh 200 253 - 1.486 ms
2025-12-11 18:05:39 [info] : GET /api/user/user-data 304 - - 849.634 ms
2025-12-11 18:05:40 [info] : GET /api/admin/allvendors?page=1&limit=10 304 - - 1193.798 ms
