2025-12-23 09:20:46 [info] : GET /api/vendor/vendor-data 401 63 - 67.568 ms
2025-12-23 09:20:47 [info] : POST /api/auth/refresh 200 323 - 33.584 ms
2025-12-23 09:20:47 [info] : GET /api/admin/allusers?page=1&limit=10 401 63 - 0.103 ms
2025-12-23 09:20:47 [info] : POST /api/auth/refresh 200 253 - 0.617 ms
2025-12-23 09:20:49 [info] : GET /api/vendor/vendor-data 304 - - 1955.545 ms
2025-12-23 09:20:49 [info] : GET /api/admin/allusers?page=1&limit=10 304 - - 1641.638 ms
2025-12-23 09:20:49 [info] : GET /api/vendor/get-vendorproduct 304 - - 23.805 ms
2025-12-23 09:35:57 [info] : GET /api/vendor/get-vendorproduct 401 63 - 13.773 ms
2025-12-23 09:35:57 [info] : POST /api/auth/refresh 200 323 - 16.921 ms
2025-12-23 09:35:57 [info] : GET /api/vendor/vendor-data 401 63 - 0.308 ms
2025-12-23 09:35:57 [info] : POST /api/auth/refresh 200 323 - 2.999 ms
2025-12-23 09:35:57 [info] : GET /api/vendor/vendor-data 304 - - 360.770 ms
2025-12-23 09:35:57 [info] : GET /api/vendor/get-vendorproduct 304 - - 422.045 ms
2025-12-23 09:35:59 [info] : GET /api/vendor/vendor-data 304 - - 9.702 ms
2025-12-23 09:36:00 [info] : GET /api/vendor/get-vendorproduct 304 - - 8.579 ms
2025-12-23 09:36:08 [info] : GET /api/vendor/vendor-data 304 - - 11.891 ms
2025-12-23 09:36:08 [info] : GET /api/vendor/get-vendorproduct 304 - - 8.173 ms
2025-12-23 09:36:32 [info] : GET /api/vendor/vendor-data 304 - - 20.066 ms
2025-12-23 09:36:32 [info] : GET /api/vendor/get-vendorproduct 304 - - 9.054 ms
2025-12-23 10:05:36 [info] : GET /api/admin/allusers?page=1&limit=10 401 63 - 14.372 ms
2025-12-23 10:05:36 [info] : POST /api/auth/refresh 200 253 - 18.132 ms
2025-12-23 10:05:37 [info] : GET /api/admin/allusers?page=1&limit=10 304 - - 492.685 ms
2025-12-23 10:11:56 [info] : GET /api/admin/allusers?page=1&limit=10 304 - - 664.529 ms
2025-12-23 10:12:13 [info] : GET /api/admin/allusers?page=1&limit=10 304 - - 1351.206 ms
2025-12-23 10:12:15 [info] : GET /api/admin/allusers?page=1&limit=10 304 - - 17.097 ms
2025-12-23 10:12:21 [info] : GET /api/admin/allvendors?page=1&limit=10 304 - - 250.153 ms
2025-12-23 10:12:36 [info] : OPTIONS /api/admin/vendors/5be0adaa-eed8-4e46-8316-5cba579317c7/toggle-verify 204 0 - 1.291 ms
2025-12-23 10:12:36 [info] : PUT /api/admin/vendors/5be0adaa-eed8-4e46-8316-5cba579317c7/toggle-verify 200 529 - 68.977 ms
2025-12-23 10:12:36 [info] : GET /api/admin/allvendors?page=1&limit=10 200 4745 - 3.301 ms
2025-12-23 10:12:38 [info] : OPTIONS /api/admin/vendors/5be0adaa-eed8-4e46-8316-5cba579317c7/toggle-block 204 0 - 0.200 ms
2025-12-23 10:12:39 [info] : PATCH /api/admin/vendors/5be0adaa-eed8-4e46-8316-5cba579317c7/toggle-block 200 57 - 46.369 ms
2025-12-23 10:12:39 [info] : GET /api/admin/allvendors?page=1&limit=10 200 4746 - 3.181 ms
2025-12-23 10:14:37 [info] : GET /api/admin/allvendors?page=1&limit=10 304 - - 252.880 ms
2025-12-23 10:14:41 [info] : GET /api/admin/allvendors?page=1&limit=10 304 - - 32.346 ms
2025-12-23 10:14:42 [info] : GET /api/admin/allvendors?page=1&limit=10 304 - - 5.353 ms
2025-12-23 10:14:44 [info] : GET /api/admin/allvendors?page=1&limit=10 304 - - 14.485 ms
2025-12-23 10:14:45 [info] : GET /api/admin/allvendors?page=1&limit=10 304 - - 10.996 ms
2025-12-23 10:15:06 [info] : GET /api/admin/allvendors?page=1&limit=10 304 - - 150.738 ms
2025-12-23 10:15:13 [info] : GET /api/admin/allvendors?page=1&limit=10 304 - - 9.394 ms
2025-12-23 10:47:42 [info] : GET /api/admin/allvendors?page=1&limit=10 401 63 - 26.582 ms
2025-12-23 10:47:42 [info] : POST /api/auth/refresh 200 253 - 24.001 ms
2025-12-23 10:47:43 [info] : GET /api/admin/allvendors?page=1&limit=10 304 - - 656.571 ms
2025-12-23 13:23:18 [info] : GET /api/vendor/vendor-data 401 63 - 10.640 ms
2025-12-23 13:23:18 [info] : POST /api/auth/refresh 200 323 - 20.842 ms
2025-12-23 13:23:20 [info] : GET /api/admin/allvendors?page=1&limit=10 401 63 - 5.567 ms
2025-12-23 13:23:20 [info] : POST /api/auth/refresh 200 253 - 2.155 ms
2025-12-23 13:39:36 [info] : GET /api/vendor/vendor-data 304 - - 977712.583 ms
2025-12-23 13:39:36 [info] : GET /api/admin/allvendors?page=1&limit=10 304 - - 976107.519 ms
2025-12-23 13:43:17 [info] : GET /api/vendor/get-vendorproduct 401 63 - 22.307 ms
2025-12-23 13:43:17 [info] : POST /api/auth/refresh 200 323 - 77.815 ms
2025-12-23 13:43:18 [info] : GET /api/vendor/get-vendorproduct 304 - - 900.238 ms
2025-12-23 13:45:44 [info] : GET /api/admin/allvendors?page=1&limit=10 401 63 - 3.015 ms
2025-12-23 13:45:44 [info] : POST /api/auth/refresh 200 253 - 4.422 ms
2025-12-23 13:45:44 [info] : GET /api/vendor/vendor-data 304 - - 844.150 ms
2025-12-23 13:45:44 [info] : GET /api/admin/allvendors?page=1&limit=10 304 - - 521.332 ms
2025-12-23 13:45:44 [info] : GET /api/vendor/get-vendorproduct 304 - - 7.679 ms
2025-12-23 15:06:12 [info] : GET /api/admin/allvendors?page=1&limit=10 401 63 - 23.809 ms
2025-12-23 15:06:12 [info] : POST /api/auth/refresh 200 253 - 57.355 ms
2025-12-23 15:06:13 [info] : GET /api/admin/allvendors?page=1&limit=10 304 - - 1029.906 ms
2025-12-23 15:06:20 [info] : GET /api/admin/allusers?page=1&limit=10 304 - - 16.507 ms
2025-12-23 15:06:25 [info] : GET /api/admin/allvendors?page=1&limit=10 304 - - 9.700 ms
2025-12-23 15:11:26 [info] : GET /api/admin/allvendors?page=1&limit=10 304 - - 181.798 ms
2025-12-23 15:11:30 [info] : GET /api/admin/allvendors?page=1&limit=10 304 - - 26.550 ms
2025-12-23 15:11:57 [info] : GET /api/admin/allvendors?page=1&limit=10 304 - - 6.507 ms
2025-12-23 15:12:23 [info] : GET /api/admin/allvendors?page=1&limit=10 304 - - 95.490 ms
2025-12-23 15:13:37 [info] : GET /api/admin/allvendors?page=1&limit=10 304 - - 84.989 ms
2025-12-23 15:13:42 [info] : GET /api/admin/allvendors?page=1&limit=10 304 - - 12.532 ms
2025-12-23 15:13:46 [info] : GET /api/admin/allvendors?page=1&limit=10 304 - - 4.643 ms
2025-12-23 15:14:10 [info] : GET /api/admin/allvendors?page=1&limit=10 304 - - 33.687 ms
2025-12-23 15:14:13 [info] : GET /api/admin/allvendors?page=1&limit=10 304 - - 19.057 ms
2025-12-23 15:15:35 [info] : GET /api/admin/allvendors?page=1&limit=10 304 - - 123.625 ms
2025-12-23 15:15:42 [info] : GET /api/admin/allvendors?page=1&limit=10 304 - - 20.970 ms
2025-12-23 15:15:44 [info] : GET /api/admin/allvendors?page=1&limit=10 304 - - 15.216 ms
2025-12-23 15:15:51 [info] : GET /api/admin/allvendors?page=1&limit=10 304 - - 17.147 ms
2025-12-23 15:16:04 [info] : GET /api/admin/allvendors?page=1&limit=10 304 - - 14.290 ms
2025-12-23 15:16:10 [info] : GET /api/admin/allvendors?page=1&limit=10 304 - - 6.808 ms
2025-12-23 15:16:32 [info] : GET /api/admin/allvendors?page=1&limit=10 304 - - 15.712 ms
2025-12-23 15:16:34 [info] : GET /api/admin/allvendors?page=1&limit=10 304 - - 2.897 ms
2025-12-23 15:16:36 [info] : GET /api/admin/allvendors?page=1&limit=10 304 - - 6.755 ms
2025-12-23 15:16:42 [info] : GET /api/admin/allvendors?page=1&limit=10 304 - - 14.006 ms
2025-12-23 15:16:44 [info] : GET /api/admin/allvendors?page=1&limit=10 304 - - 49.072 ms
2025-12-23 15:16:47 [info] : GET /api/admin/allvendors?page=1&limit=10 304 - - 27.463 ms
2025-12-23 15:16:51 [info] : GET /api/admin/allvendors?page=1&limit=10 304 - - 41.716 ms
2025-12-23 15:16:53 [info] : OPTIONS /api/admin/vendors/5be0adaa-eed8-4e46-8316-5cba579317c7/toggle-block 204 0 - 2.190 ms
2025-12-23 15:16:53 [info] : PATCH /api/admin/vendors/5be0adaa-eed8-4e46-8316-5cba579317c7/toggle-block 200 57 - 69.006 ms
2025-12-23 15:16:53 [info] : GET /api/admin/allvendors?page=1&limit=10 200 4745 - 2.451 ms
2025-12-23 15:16:55 [info] : PATCH /api/admin/vendors/5be0adaa-eed8-4e46-8316-5cba579317c7/toggle-block 200 57 - 30.670 ms
2025-12-23 15:16:55 [info] : GET /api/admin/allvendors?page=1&limit=10 200 4746 - 4.778 ms
2025-12-23 15:17:00 [info] : GET /api/vendor/vendor-data 401 63 - 3.181 ms
2025-12-23 15:17:00 [info] : GET /api/vendor/get-vendorproduct 401 63 - 1.338 ms
2025-12-23 15:17:00 [info] : POST /api/auth/refresh 200 323 - 8.226 ms
2025-12-23 15:17:00 [info] : POST /api/auth/refresh 200 323 - 0.876 ms
2025-12-23 15:17:00 [info] : GET /api/vendor/vendor-data 304 - - 16.930 ms
2025-12-23 15:17:01 [info] : GET /api/vendor/get-vendorproduct 304 - - 359.321 ms
2025-12-23 15:17:02 [info] : GET /api/vendor/vendor-data 304 - - 3.296 ms
2025-12-23 15:17:02 [info] : GET /api/vendor/get-vendorproduct 304 - - 5.701 ms
2025-12-23 15:17:07 [info] : GET /api/admin/allvendors?page=2&limit=10 304 - - 112.796 ms
2025-12-23 15:17:10 [info] : OPTIONS /api/admin/vendors/676a3a9e-e805-4a60-948a-e9ff8962da61/toggle-block 204 0 - 0.267 ms
2025-12-23 15:17:10 [info] : PATCH /api/admin/vendors/676a3a9e-e805-4a60-948a-e9ff8962da61/toggle-block 200 57 - 35.985 ms
2025-12-23 15:17:10 [info] : GET /api/admin/allvendors?page=2&limit=10 200 1507 - 3.302 ms
2025-12-23 15:17:12 [info] : GET /api/vendor/vendor-data 200 492 - 11.578 ms
2025-12-23 15:17:12 [info] : GET /api/vendor/get-vendorproduct 304 - - 19.984 ms
2025-12-23 15:17:14 [info] : GET /api/vendor/vendor-data 304 - - 2.941 ms
2025-12-23 15:17:14 [info] : GET /api/vendor/get-vendorproduct 304 - - 4.500 ms
2025-12-23 15:17:23 [info] : GET /api/vendor/vendor-data 304 - - 5.294 ms
2025-12-23 15:17:23 [info] : GET /api/vendor/get-vendorproduct 304 - - 10.529 ms
2025-12-23 15:17:25 [info] : GET /api/vendor/vendor-data 304 - - 2.550 ms
2025-12-23 15:17:25 [info] : GET /api/vendor/get-vendorproduct 304 - - 2.437 ms
2025-12-23 15:17:31 [info] : POST /api/auth/logout 200 61 - 38.833 ms
2025-12-23 15:17:39 [info] : OPTIONS /api/auth/login 204 0 - 0.134 ms
2025-12-23 15:17:39 [info] : POST /api/auth/login 401 56 - 72.610 ms
2025-12-23 15:17:42 [info] : OPTIONS /api/admin/vendors/676a3a9e-e805-4a60-948a-e9ff8962da61/toggle-block 204 0 - 0.355 ms
2025-12-23 15:17:42 [info] : PATCH /api/admin/vendors/676a3a9e-e805-4a60-948a-e9ff8962da61/toggle-block 200 57 - 76.982 ms
2025-12-23 15:17:42 [info] : GET /api/admin/allvendors?page=2&limit=10 200 1506 - 51.382 ms
2025-12-23 15:17:51 [info] : OPTIONS /api/admin/vendors/676a3a9e-e805-4a60-948a-e9ff8962da61/toggle-verify 204 0 - 0.429 ms
2025-12-23 15:17:51 [info] : PUT /api/admin/vendors/676a3a9e-e805-4a60-948a-e9ff8962da61/toggle-verify 200 540 - 11.362 ms
2025-12-23 15:17:51 [info] : GET /api/admin/allvendors?page=2&limit=10 200 1519 - 5.491 ms
2025-12-23 15:17:57 [info] : OPTIONS /api/auth/login 204 0 - 1.480 ms
2025-12-23 15:17:58 [info] : POST /api/auth/login 200 328 - 121.329 ms
2025-12-23 15:17:58 [info] : GET /api/vendor/vendor-data 200 504 - 5.254 ms
2025-12-23 15:18:04 [info] : OPTIONS /api/vendor/vendor-reapply 204 0 - 0.125 ms
2025-12-23 15:18:04 [info] : PUT /api/vendor/vendor-reapply 200 564 - 9.317 ms
2025-12-23 15:18:04 [info] : GET /api/vendor/vendor-data 200 490 - 3.481 ms
2025-12-23 15:18:11 [info] : GET /api/admin/allvendors?page=1&limit=10 304 - - 15.022 ms
2025-12-23 15:18:13 [info] : GET /api/admin/allvendors?page=2&limit=10 200 1505 - 5.542 ms
2025-12-23 15:18:25 [info] : OPTIONS /api/admin/vendors/676a3a9e-e805-4a60-948a-e9ff8962da61/toggle-verify 204 0 - 0.174 ms
2025-12-23 15:18:25 [info] : PUT /api/admin/vendors/676a3a9e-e805-4a60-948a-e9ff8962da61/toggle-verify 200 527 - 9.743 ms
2025-12-23 15:18:25 [info] : GET /api/admin/allvendors?page=2&limit=10 200 1506 - 3.578 ms
2025-12-23 15:18:38 [info] : GET /api/vendor/vendor-data 200 491 - 44.828 ms
2025-12-23 15:18:49 [info] : GET /api/admin/allusers?page=1&limit=10 304 - - 54.407 ms
2025-12-23 16:08:39 [info] : GET /api/vendor/vendor-data 401 63 - 17.985 ms
2025-12-23 16:08:40 [info] : POST /api/auth/refresh 200 323 - 29.067 ms
2025-12-23 16:08:40 [info] : GET /api/vendor/vendor-data 304 - - 268.641 ms
2025-12-23 16:08:44 [info] : GET /api/admin/allusers?page=1&limit=10 401 63 - 1.273 ms
2025-12-23 16:08:44 [info] : POST /api/auth/refresh 200 253 - 5.905 ms
2025-12-23 16:08:46 [info] : GET /api/admin/allusers?page=1&limit=10 304 - - 1355.204 ms
2025-12-23 16:09:19 [info] : GET /api/admin/allusers?page=1&limit=10 304 - - 205.765 ms
2025-12-23 16:09:20 [info] : GET /api/admin/allusers?page=1&limit=10 304 - - 7.354 ms
2025-12-23 16:09:21 [info] : GET /api/admin/allusers?page=1&limit=10 304 - - 3.702 ms
2025-12-23 16:09:25 [info] : GET /api/admin/allusers?page=1&limit=10 304 - - 12.735 ms
2025-12-23 16:09:40 [info] : GET /api/admin/allusers?page=1&limit=10 304 - - 913.561 ms
2025-12-23 16:09:52 [info] : OPTIONS /api/admin/user/6924c2c47d5115719889f70a/toggled-block 204 0 - 0.786 ms
2025-12-23 16:09:52 [info] : PATCH /api/admin/user/6924c2c47d5115719889f70a/toggled-block 200 55 - 85.797 ms
2025-12-23 16:09:52 [info] : GET /api/admin/allusers?page=1&limit=10 200 4632 - 12.636 ms
2025-12-23 16:09:53 [info] : PATCH /api/admin/user/6924c2c47d5115719889f70a/toggled-block 200 55 - 7.489 ms
2025-12-23 16:09:53 [info] : GET /api/admin/allusers?page=1&limit=10 200 4631 - 4.032 ms
2025-12-23 16:20:43 [info] : GET /api/admin/allusers?page=1&limit=10 304 - - 486.856 ms
2025-12-23 16:20:44 [info] : GET /api/admin/allusers?page=1&limit=10 304 - - 43.989 ms
2025-12-23 16:20:46 [info] : GET /api/admin/allusers?page=1&limit=10 304 - - 47.404 ms
2025-12-23 16:59:38 [info] : GET /api/vendor/vendor-data 401 63 - 21.269 ms
2025-12-23 16:59:39 [info] : POST /api/auth/refresh 200 323 - 77.056 ms
2025-12-23 16:59:40 [info] : GET /api/admin/allusers?page=1&limit=10 401 63 - 1.083 ms
2025-12-23 16:59:40 [info] : POST /api/auth/refresh 200 253 - 1.696 ms
2025-12-23 17:02:00 [info] : GET /api/vendor/vendor-data 304 - - 141333.326 ms
2025-12-23 17:02:00 [info] : GET /api/admin/allusers?page=1&limit=10 304 - - 140379.629 ms
2025-12-23 17:02:19 [info] : GET /api/vendor/vendor-data 304 - - 1461.910 ms
2025-12-23 17:02:19 [info] : GET /api/admin/allusers?page=1&limit=10 304 - - 699.523 ms
2025-12-23 17:02:42 [info] : GET /api/vendor/vendor-data 304 - - 259.999 ms
2025-12-23 17:02:42 [info] : GET /api/admin/allusers?page=1&limit=10 304 - - 120.813 ms
2025-12-23 17:25:43 [info] : GET /api/vendor/vendor-data 401 63 - 3.649 ms
2025-12-23 17:25:43 [info] : POST /api/auth/refresh 200 323 - 11.972 ms
2025-12-23 17:25:44 [info] : GET /api/vendor/vendor-data 304 - - 284.797 ms
2025-12-23 17:25:44 [info] : GET /api/admin/allusers?page=1&limit=10 401 63 - 0.234 ms
2025-12-23 17:25:44 [info] : POST /api/auth/refresh 200 253 - 0.748 ms
2025-12-23 17:41:19 [info] : GET /api/admin/allusers?page=1&limit=10 304 - - 935248.202 ms
2025-12-23 18:26:52 [info] : GET /api/vendor/vendor-data 401 63 - 8.263 ms
2025-12-23 18:26:52 [info] : POST /api/auth/refresh 200 323 - 20.924 ms
2025-12-23 18:26:52 [info] : GET /api/vendor/vendor-data 304 - - 200.235 ms
2025-12-23 18:26:53 [info] : GET /api/admin/allusers?page=1&limit=10 401 63 - 0.231 ms
2025-12-23 18:26:53 [info] : POST /api/auth/refresh 200 253 - 3.676 ms
2025-12-23 18:26:53 [info] : GET /api/admin/allusers?page=1&limit=10 304 - - 354.084 ms
2025-12-23 18:27:10 [info] : GET /api/vendor/vendor-data 304 - - 153.883 ms
2025-12-23 18:27:11 [info] : GET /api/admin/allusers?page=1&limit=10 304 - - 382.030 ms
2025-12-23 18:27:26 [info] : GET /api/vendor/vendor-data 304 - - 65.602 ms
2025-12-23 18:27:27 [info] : GET /api/admin/allusers?page=1&limit=10 304 - - 72.874 ms
2025-12-23 21:38:54 [info] : GET /api/admin/allusers?page=1&limit=10 401 63 - 47.207 ms
2025-12-23 21:38:54 [info] : POST /api/auth/refresh 200 253 - 48.220 ms
2025-12-23 21:38:54 [info] : GET /api/admin/allusers?page=1&limit=10 304 - - 676.149 ms
2025-12-23 21:39:04 [info] : OPTIONS /api/admin/user/6920bf8a3ee2a711012342d1/toggled-block 204 0 - 1.681 ms
2025-12-23 21:39:04 [info] : PATCH /api/admin/user/6920bf8a3ee2a711012342d1/toggled-block 200 55 - 60.785 ms
2025-12-23 21:39:04 [info] : GET /api/admin/allusers?page=1&limit=10 200 4630 - 6.519 ms
2025-12-23 21:39:05 [info] : PATCH /api/admin/user/6920bf8a3ee2a711012342d1/toggled-block 200 55 - 32.044 ms
2025-12-23 21:39:05 [info] : GET /api/admin/allusers?page=1&limit=10 200 4631 - 2.514 ms
2025-12-23 21:39:09 [info] : GET /api/admin/category/get-category?page=1&limit=10 304 - - 22.902 ms
2025-12-23 21:43:30 [info] : GET /api/admin/allvendors?page=1&limit=10 304 - - 83.575 ms
2025-12-23 21:43:34 [info] : GET /api/admin/allusers?page=1&limit=10 304 - - 32.135 ms
2025-12-23 21:43:46 [info] : GET /api/admin/allusers?page=2&limit=10 304 - - 6.757 ms
2025-12-23 21:43:48 [info] : GET /api/admin/allusers?page=1&limit=10 304 - - 11.254 ms
2025-12-23 21:43:49 [info] : GET /api/admin/allvendors?page=1&limit=10 304 - - 9.739 ms
2025-12-23 21:43:52 [info] : GET /api/admin/allvendors?page=2&limit=10 304 - - 3.106 ms
2025-12-23 21:43:54 [info] : GET /api/admin/allvendors?page=1&limit=10 304 - - 21.099 ms
2025-12-23 21:43:58 [info] : GET /api/admin/allusers?page=1&limit=10 304 - - 12.044 ms
2025-12-23 21:44:15 [info] : GET /api/admin/category/get-category?page=1&limit=10 304 - - 13.777 ms
2025-12-23 21:44:49 [info] : GET /api/admin/category/get-category?page=1&limit=10 304 - - 11.599 ms
2025-12-23 21:44:54 [info] : GET /api/admin/category/get-category?page=1&limit=10 304 - - 8.891 ms
2025-12-23 21:44:56 [info] : GET /api/admin/category/get-category?page=1&limit=10 304 - - 8.457 ms
2025-12-23 21:50:42 [info] : GET /api/admin/category/get-category?page=1&limit=10 304 - - 1109.738 ms
2025-12-23 21:50:51 [info] : GET /api/admin/category/get-category?page=1&limit=10 304 - - 1025.073 ms
2025-12-23 22:09:52 [info] : GET /api/admin/category/get-category?page=1&limit=10 401 63 - 8.510 ms
2025-12-23 22:09:52 [info] : POST /api/auth/refresh 200 253 - 42.911 ms
2025-12-23 22:09:53 [info] : GET /api/admin/category/get-category?page=1&limit=10 304 - - 178.491 ms
2025-12-23 22:16:27 [info] : GET /api/admin/category/get-category?page=1&limit=10 304 - - 1224.692 ms
2025-12-23 22:23:23 [info] : GET /api/admin/allusers?page=1&limit=10 304 - - 238.518 ms
2025-12-23 22:23:25 [info] : GET /api/admin/category/get-category?page=1&limit=10 304 - - 10.705 ms
2025-12-23 22:24:16 [info] : GET /api/admin/category/get-category?page=1&limit=10 304 - - 1066.778 ms
2025-12-23 22:24:23 [info] : GET /api/admin/category/get-category?page=1&limit=10 304 - - 8.295 ms
2025-12-23 22:27:01 [info] : GET /api/admin/category/get-category?page=1&limit=10 401 63 - 1.295 ms
2025-12-23 22:27:01 [info] : POST /api/auth/refresh 200 253 - 10.019 ms
2025-12-23 22:27:02 [info] : GET /api/admin/category/get-category?page=1&limit=10 304 - - 69.850 ms
2025-12-23 22:30:31 [info] : GET /api/admin/category/get-category?page=1&limit=10 304 - - 564.717 ms
2025-12-23 22:32:27 [info] : GET /api/admin/category/get-category?page=1&limit=10 304 - - 396.425 ms
2025-12-23 22:33:12 [info] : GET /api/admin/category/get-category?page=1&limit=10 304 - - 108.485 ms
2025-12-23 22:34:06 [info] : GET /api/admin/category/get-category?page=1&limit=10 304 - - 61.464 ms
2025-12-23 22:40:59 [info] : GET /api/admin/category/get-category?page=1&limit=10 304 - - 125.822 ms
2025-12-23 22:44:36 [info] : GET /api/vendor/vendor-data 401 63 - 9.472 ms
2025-12-23 22:44:36 [info] : POST /api/auth/refresh 200 323 - 30.576 ms
2025-12-23 22:44:37 [info] : GET /api/admin/category/get-category?page=1&limit=10 401 63 - 0.401 ms
2025-12-23 22:44:37 [info] : POST /api/auth/refresh 200 253 - 4.797 ms
2025-12-23 22:44:38 [info] : GET /api/vendor/vendor-data 304 - - 2310.850 ms
2025-12-23 22:44:39 [info] : GET /api/admin/category/get-category?page=1&limit=10 304 - - 2135.031 ms
2025-12-23 23:46:01 [info] : GET /api/vendor/vendor-data 401 63 - 5.174 ms
2025-12-23 23:46:01 [info] : POST /api/auth/refresh 200 323 - 9.200 ms
2025-12-23 23:46:01 [info] : GET /api/vendor/vendor-data 304 - - 257.218 ms
2025-12-23 23:46:01 [info] : GET /api/admin/category/get-category?page=1&limit=10 401 63 - 0.460 ms
2025-12-23 23:46:01 [info] : POST /api/auth/refresh 200 253 - 1.177 ms
2025-12-23 23:46:02 [info] : GET /api/admin/category/get-category?page=1&limit=10 304 - - 842.305 ms
2025-12-23 23:46:12 [info] : GET /api/vendor/vendor-data 304 - - 288.036 ms
2025-12-23 23:46:12 [info] : GET /api/admin/category/get-category?page=1&limit=10 304 - - 452.630 ms
2025-12-23 23:48:03 [info] : GET /api/vendor/vendor-data 304 - - 169.068 ms
2025-12-23 23:48:04 [info] : GET /api/admin/category/get-category?page=1&limit=10 304 - - 734.481 ms
