2025-12-30 00:31:26 [info] : GET /api/vendor/get-vendorproduct 401 63 - 12.097 ms
2025-12-30 00:31:26 [info] : POST /api/auth/refresh 200 330 - 14.076 ms
2025-12-30 00:31:27 [info] : GET /api/vendor/vendor-data 401 63 - 3.008 ms
2025-12-30 00:31:27 [info] : POST /api/auth/refresh 200 330 - 1.161 ms
2025-12-30 00:31:28 [info] : GET /api/vendor/vendor-data 304 - - 1084.408 ms
2025-12-30 00:31:28 [info] : GET /api/vendor/get-vendorproduct 304 - - 1206.908 ms
2025-12-30 07:13:42 [info] : GET /api/vendor/vendor-data 401 63 - 5.876 ms
2025-12-30 07:13:42 [info] : POST /api/auth/refresh 200 330 - 5.618 ms
2025-12-30 07:13:43 [info] : GET /api/vendor/vendor-data 304 - - 804.602 ms
2025-12-30 07:13:43 [info] : GET /api/vendor/get-vendorproduct 304 - - 55.367 ms
2025-12-30 07:13:59 [info] : GET /api/vendor/vendor-data 304 - - 9.982 ms
2025-12-30 07:13:59 [info] : GET /api/vendor/get-vendorproduct 304 - - 11.680 ms
2025-12-30 07:14:13 [info] : GET /api/vendor/vendor-data 304 - - 9.703 ms
2025-12-30 07:14:13 [info] : GET /api/vendor/get-vendorproduct 304 - - 8.359 ms
2025-12-30 08:08:02 [info] : GET /api/vendor/vendor-data 401 63 - 5.616 ms
2025-12-30 08:08:02 [info] : POST /api/auth/refresh 200 330 - 8.407 ms
2025-12-30 08:08:02 [info] : GET /api/vendor/vendor-data 304 - - 285.140 ms
2025-12-30 08:08:02 [info] : GET /api/vendor/get-vendorproduct 304 - - 17.715 ms
2025-12-30 09:25:35 [info] : GET /api/vendor/vendor-data 401 63 - 1.803 ms
2025-12-30 09:25:35 [info] : POST /api/auth/refresh 200 330 - 10.171 ms
2025-12-30 09:25:35 [info] : GET /api/vendor/vendor-data 304 - - 98.443 ms
2025-12-30 09:25:35 [info] : GET /api/vendor/get-vendorproduct 304 - - 26.074 ms
2025-12-30 10:34:30 [info] : GET /api/vendor/vendor-data 401 63 - 13.685 ms
2025-12-30 10:34:30 [info] : GET /api/vendor/get-vendorproduct 401 63 - 1.230 ms
2025-12-30 10:34:30 [info] : POST /api/auth/refresh 200 330 - 37.269 ms
2025-12-30 10:34:30 [info] : POST /api/auth/refresh 200 330 - 2.933 ms
2025-12-30 10:34:30 [info] : GET /api/vendor/vendor-data 304 - - 279.212 ms
2025-12-30 10:34:30 [info] : GET /api/vendor/get-vendorproduct 304 - - 307.429 ms
2025-12-30 11:04:07 [info] : GET /api/vendor/get-vendorproduct 401 63 - 6.302 ms
2025-12-30 11:04:07 [info] : POST /api/auth/refresh 200 330 - 11.785 ms
2025-12-30 11:04:07 [info] : GET /api/vendor/get-vendorproduct 304 - - 58.979 ms
2025-12-30 11:04:13 [info] : GET /api/vendor/get-vendorproduct 304 - - 13.862 ms
2025-12-30 11:04:15 [info] : GET /api/vendor/get-vendorproduct 304 - - 20.374 ms
2025-12-30 11:04:17 [info] : GET /api/vendor/get-vendorproduct 304 - - 14.746 ms
2025-12-30 11:06:10 [info] : GET /api/vendor/get-vendorproduct 304 - - 223.153 ms
2025-12-30 11:06:14 [info] : GET /api/vendor/get-vendorproduct 304 - - 18.447 ms
2025-12-30 11:06:17 [info] : GET /api/vendor/get-vendorproduct 304 - - 13.018 ms
2025-12-30 11:06:22 [info] : GET /api/vendor/get-vendorproduct 304 - - 9.352 ms
2025-12-30 11:07:10 [info] : GET /api/vendor/get-vendorproduct 304 - - 106.647 ms
2025-12-30 11:07:57 [info] : GET /api/vendor/get-vendorproduct 304 - - 18.148 ms
2025-12-30 11:08:07 [info] : GET /api/vendor/get-vendorproduct 304 - - 5.993 ms
2025-12-30 11:08:28 [info] : GET /api/vendor/get-vendorproduct 304 - - 22.253 ms
2025-12-30 11:08:32 [info] : GET /api/vendor/get-vendorproduct 304 - - 20.911 ms
2025-12-30 11:08:32 [info] : GET /api/vendor/vendor-data 304 - - 43.714 ms
2025-12-30 11:08:45 [info] : GET /api/vendor/get-vendorproduct 304 - - 16.546 ms
2025-12-30 11:09:43 [info] : GET /api/vendor/vendor-data 304 - - 284.683 ms
2025-12-30 11:09:43 [info] : GET /api/vendor/get-vendorproduct 304 - - 267.585 ms
2025-12-30 11:09:45 [info] : GET /api/vendor/vendor-data 304 - - 3.486 ms
2025-12-30 11:09:45 [info] : GET /api/vendor/get-vendorproduct 304 - - 5.509 ms
2025-12-30 11:12:44 [info] : GET /api/vendor/get-vendorproduct 304 - - 84.022 ms
2025-12-30 11:12:54 [info] : GET /api/vendor/get-vendorproduct 304 - - 11.615 ms
2025-12-30 11:13:13 [info] : GET /api/vendor/get-vendorproduct 304 - - 13.311 ms
2025-12-30 11:13:13 [info] : GET /api/vendor/vendor-data 304 - - 45.138 ms
2025-12-30 11:13:20 [info] : GET /api/vendor/get-vendorproduct 304 - - 13.821 ms
2025-12-30 11:14:31 [info] : GET /api/vendor/get-vendorproduct 304 - - 55.033 ms
2025-12-30 11:14:40 [info] : GET /api/vendor/get-vendorproduct 304 - - 11.371 ms
2025-12-30 11:14:41 [info] : GET /api/vendor/get-vendorproduct 304 - - 14.828 ms
2025-12-30 11:14:43 [info] : GET /api/vendor/get-vendorproduct 304 - - 13.695 ms
2025-12-30 11:14:47 [info] : GET /api/vendor/get-vendorproduct 304 - - 6.814 ms
2025-12-30 11:14:49 [info] : GET /api/vendor/get-vendorproduct 304 - - 5.925 ms
2025-12-30 11:15:02 [info] : GET /api/vendor/get-vendorproduct 304 - - 13.903 ms
2025-12-30 11:15:05 [info] : GET /api/vendor/get-vendorproduct 304 - - 6.852 ms
2025-12-30 11:15:08 [info] : GET /api/vendor/get-vendorproduct 304 - - 6.314 ms
2025-12-30 11:15:11 [info] : GET /api/vendor/get-vendorproduct 304 - - 4.856 ms
2025-12-30 11:15:16 [info] : GET /api/vendor/get-vendorproduct 304 - - 9.518 ms
2025-12-30 11:15:22 [info] : GET /api/vendor/get-vendorproduct 304 - - 6.215 ms
2025-12-30 11:15:24 [info] : GET /api/vendor/get-vendorproduct 304 - - 7.434 ms
2025-12-30 11:15:29 [info] : GET /api/vendor/get-vendorproduct 304 - - 7.036 ms
2025-12-30 11:15:31 [info] : GET /api/vendor/get-vendorproduct 304 - - 4.225 ms
2025-12-30 11:15:38 [info] : GET /api/vendor/get-vendorproduct 304 - - 7.595 ms
2025-12-30 11:15:45 [info] : GET /api/vendor/get-vendorproduct 304 - - 13.103 ms
2025-12-30 11:15:46 [info] : GET /api/vendor/get-vendorproduct 304 - - 6.565 ms
2025-12-30 11:15:57 [info] : GET /api/vendor/get-vendorproduct 304 - - 43.224 ms
2025-12-30 11:16:01 [info] : GET /api/vendor/get-vendorproduct 304 - - 7.527 ms
2025-12-30 11:16:03 [info] : GET /api/vendor/get-vendorproduct 304 - - 4.566 ms
2025-12-30 11:16:07 [info] : GET /api/vendor/get-vendorproduct 304 - - 4.964 ms
2025-12-30 11:16:10 [info] : GET /api/vendor/get-vendorproduct 304 - - 6.395 ms
2025-12-30 11:16:13 [info] : GET /api/vendor/get-vendorproduct 304 - - 8.936 ms
2025-12-30 11:18:24 [info] : GET /api/vendor/get-vendorproduct 304 - - 88.424 ms
2025-12-30 11:18:30 [info] : GET /api/vendor/get-vendorproduct 304 - - 10.369 ms
2025-12-30 11:59:51 [info] : GET /api/vendor/get-vendorproduct 401 63 - 24.006 ms
2025-12-30 11:59:51 [info] : POST /api/auth/refresh 200 330 - 24.066 ms
2025-12-30 11:59:51 [info] : GET /api/vendor/vendor-data 401 63 - 0.285 ms
2025-12-30 11:59:51 [info] : POST /api/auth/refresh 200 330 - 0.256 ms
2025-12-30 11:59:51 [info] : GET /api/vendor/get-vendorproduct 304 - - 165.837 ms
2025-12-30 11:59:51 [info] : GET /api/vendor/vendor-data 304 - - 147.763 ms
2025-12-30 12:07:00 [info] : GET /api/vendor/vendor-data 304 - - 128.379 ms
2025-12-30 12:07:00 [info] : GET /api/vendor/get-vendorproduct 304 - - 202.526 ms
2025-12-30 12:09:15 [info] : GET /api/vendor/vendor-data 304 - - 56.967 ms
2025-12-30 12:09:15 [info] : GET /api/vendor/get-vendorproduct 304 - - 76.008 ms
2025-12-30 12:09:23 [info] : GET /api/vendor/vendor-data 304 - - 63.263 ms
2025-12-30 12:09:23 [info] : GET /api/vendor/get-vendorproduct 304 - - 44.011 ms
2025-12-30 12:14:41 [info] : GET /api/vendor/vendor-data 304 - - 165.756 ms
2025-12-30 12:14:41 [info] : GET /api/vendor/get-vendorproduct 304 - - 135.438 ms
2025-12-30 12:20:06 [info] : GET /api/vendor/vendor-data 401 63 - 1.905 ms
2025-12-30 12:20:06 [info] : POST /api/auth/refresh 200 330 - 12.125 ms
2025-12-30 12:20:07 [info] : GET /api/vendor/vendor-data 304 - - 83.013 ms
2025-12-30 12:20:07 [info] : GET /api/vendor/get-vendorproduct 304 - - 27.915 ms
2025-12-30 12:24:14 [info] : GET /api/vendor/vendor-data 304 - - 109.458 ms
2025-12-30 12:24:14 [info] : GET /api/vendor/get-vendorproduct 304 - - 99.987 ms
2025-12-30 12:24:32 [info] : POST /api/auth/logout 200 61 - 29.026 ms
2025-12-30 12:24:56 [info] : OPTIONS /api/auth/login 204 0 - 0.473 ms
2025-12-30 12:24:56 [info] : POST /api/auth/login 200 252 - 142.413 ms
2025-12-30 12:24:58 [info] : GET /api/admin/allvendors?page=1&limit=10 304 - - 112.650 ms
2025-12-30 12:25:12 [info] : GET /api/admin/allusers?page=1&limit=10 200 4630 - 14.877 ms
2025-12-30 12:25:14 [info] : GET /api/admin/category/get-category?page=1&limit=10 200 2388 - 12.567 ms
2025-12-30 12:26:26 [info] : GET /api/admin/category/get-category?page=1&limit=10 304 - - 170.459 ms
2025-12-30 12:26:28 [info] : GET /api/admin/category/get-category?page=1&limit=10 304 - - 5.106 ms
2025-12-30 12:26:29 [info] : GET /api/admin/category/get-category?page=1&limit=10 304 - - 6.438 ms
2025-12-30 12:30:09 [info] : GET /api/admin/allusers?page=1&limit=10 304 - - 152.491 ms
2025-12-30 12:30:10 [info] : GET /api/admin/allvendors?page=1&limit=10 304 - - 8.465 ms
2025-12-30 12:30:14 [info] : GET /api/admin/allvendors?page=1&limit=10 304 - - 9.580 ms
2025-12-30 12:30:15 [info] : GET /api/admin/allusers?page=1&limit=10 304 - - 5.995 ms
2025-12-30 12:30:17 [info] : GET /api/admin/category/get-category?page=1&limit=10 304 - - 5.332 ms
2025-12-30 12:30:18 [info] : GET /api/admin/allusers?page=1&limit=10 304 - - 3.990 ms
2025-12-30 12:34:52 [info] : GET /api/admin/allusers?page=1&limit=10 304 - - 156.915 ms
2025-12-30 12:37:44 [info] : GET /api/admin/allusers?page=1&limit=10 304 - - 174.973 ms
2025-12-30 12:37:55 [info] : GET /api/admin/allvendors?page=1&limit=10 304 - - 13.521 ms
2025-12-30 12:38:05 [info] : GET /api/admin/allusers?page=1&limit=10 304 - - 16.460 ms
2025-12-30 12:38:06 [info] : GET /api/admin/category/get-category?page=1&limit=10 304 - - 7.437 ms
2025-12-30 12:40:07 [info] : GET /api/admin/category/get-category?page=1&limit=10 401 63 - 1.433 ms
2025-12-30 12:40:07 [info] : POST /api/auth/refresh 200 253 - 7.148 ms
2025-12-30 12:40:07 [info] : GET /api/admin/category/get-category?page=1&limit=10 304 - - 133.108 ms
2025-12-30 12:41:40 [info] : GET /api/admin/category/get-category?page=1&limit=10 304 - - 108.241 ms
2025-12-30 12:41:52 [info] : GET /api/admin/allvendors?page=1&limit=10 304 - - 28.476 ms
2025-12-30 12:43:01 [info] : POST /api/auth/logout 200 61 - 14.707 ms
2025-12-30 12:43:21 [info] : OPTIONS /api/auth/login 204 0 - 0.248 ms
2025-12-30 12:43:21 [info] : POST /api/auth/login 200 330 - 131.443 ms
2025-12-30 12:43:21 [info] : GET /api/vendor/vendor-data 304 - - 22.455 ms
2025-12-30 12:43:23 [info] : GET /api/vendor/get-vendorproduct 304 - - 101.367 ms
2025-12-30 12:50:52 [info] : GET /api/vendor/vendor-data 304 - - 98.959 ms
2025-12-30 12:50:52 [info] : GET /api/vendor/get-vendorproduct 304 - - 87.585 ms
2025-12-30 13:07:26 [info] : GET /api/vendor/get-vendorproduct 401 63 - 21.567 ms
2025-12-30 13:07:26 [info] : POST /api/auth/refresh 200 330 - 16.302 ms
2025-12-30 13:07:26 [info] : GET /api/vendor/vendor-data 401 63 - 0.230 ms
2025-12-30 13:07:26 [info] : POST /api/auth/refresh 200 330 - 0.381 ms
2025-12-30 13:07:26 [info] : GET /api/vendor/vendor-data 304 - - 119.733 ms
2025-12-30 13:07:26 [info] : GET /api/vendor/get-vendorproduct 304 - - 150.026 ms
2025-12-30 13:08:07 [info] : GET /api/vendor/get-vendorproduct 304 - - 202.538 ms
2025-12-30 13:08:25 [info] : GET /api/vendor/get-vendorproduct 304 - - 9.978 ms
2025-12-30 13:08:39 [info] : GET /api/vendor/get-vendorproduct 304 - - 4.614 ms
2025-12-30 13:13:06 [info] : GET /api/vendor/get-vendorproduct 304 - - 129.601 ms
2025-12-30 13:13:07 [info] : GET /api/vendor/get-vendorproduct 304 - - 13.992 ms
2025-12-30 13:13:08 [info] : GET /api/vendor/get-vendorproduct 304 - - 4.185 ms
2025-12-30 13:13:09 [info] : GET /api/vendor/get-vendorproduct 304 - - 6.913 ms
2025-12-30 13:13:21 [info] : GET /api/vendor/get-vendorproduct 304 - - 25.674 ms
2025-12-30 13:13:25 [info] : GET /api/vendor/get-vendorproduct 304 - - 10.722 ms
2025-12-30 13:13:30 [info] : GET /api/vendor/get-vendorproduct 304 - - 9.563 ms
2025-12-30 13:13:35 [info] : GET /api/vendor/get-vendorproduct 304 - - 21.135 ms
2025-12-30 13:13:37 [info] : GET /api/vendor/get-vendorproduct 304 - - 5.981 ms
2025-12-30 13:13:44 [info] : GET /api/vendor/get-vendorproduct 304 - - 9.899 ms
2025-12-30 13:15:20 [info] : GET /api/vendor/get-vendorproduct 304 - - 69.483 ms
2025-12-30 13:15:23 [info] : GET /api/vendor/get-vendorproduct 304 - - 781.091 ms
2025-12-30 13:15:34 [info] : GET /api/vendor/get-vendorproduct 304 - - 21.538 ms
2025-12-30 13:15:39 [info] : GET /api/vendor/get-vendorproduct 304 - - 10.503 ms
2025-12-30 13:16:19 [info] : GET /api/vendor/get-vendorproduct 304 - - 58.383 ms
2025-12-30 13:16:19 [info] : GET /api/vendor/vendor-data 304 - - 59.140 ms
2025-12-30 13:16:20 [info] : GET /api/vendor/get-vendorproduct 304 - - 4.901 ms
2025-12-30 13:16:33 [info] : GET /api/vendor/get-vendorproduct 304 - - 5.564 ms
2025-12-30 13:16:38 [info] : GET /api/vendor/get-vendorproduct 304 - - 4.661 ms
2025-12-30 13:16:40 [info] : GET /api/vendor/get-vendorproduct 304 - - 5.563 ms
2025-12-30 13:16:47 [info] : GET /api/vendor/get-vendorproduct 304 - - 11.825 ms
2025-12-30 13:17:15 [info] : GET /api/vendor/get-vendorproduct 304 - - 9.798 ms
2025-12-30 13:17:17 [info] : GET /api/vendor/get-vendorproduct 304 - - 16.409 ms
2025-12-30 13:17:20 [info] : GET /api/vendor/get-vendorproduct 304 - - 14.650 ms
2025-12-30 13:17:23 [info] : GET /api/vendor/get-vendorproduct 304 - - 4.628 ms
2025-12-30 13:17:26 [info] : GET /api/vendor/get-vendorproduct 304 - - 7.713 ms
2025-12-30 13:17:29 [info] : GET /api/vendor/get-vendorproduct 304 - - 14.884 ms
2025-12-30 13:17:31 [info] : GET /api/vendor/get-vendorproduct 304 - - 11.979 ms
2025-12-30 13:18:46 [info] : GET /api/vendor/get-vendorproduct 304 - - 73.430 ms
2025-12-30 13:18:48 [info] : GET /api/vendor/get-vendorproduct 304 - - 12.423 ms
2025-12-30 13:18:58 [info] : GET /api/vendor/get-vendorproduct 304 - - 13.035 ms
2025-12-30 13:19:02 [info] : GET /api/vendor/get-vendorproduct 304 - - 15.219 ms
2025-12-30 13:23:51 [info] : GET /api/vendor/get-vendorproduct 401 63 - 1.389 ms
2025-12-30 13:23:51 [info] : GET /api/vendor/vendor-data 401 63 - 0.137 ms
2025-12-30 13:23:51 [info] : POST /api/auth/refresh 200 330 - 8.463 ms
2025-12-30 13:23:51 [info] : POST /api/auth/refresh 200 330 - 0.671 ms
2025-12-30 13:23:51 [info] : GET /api/vendor/vendor-data 304 - - 225.842 ms
2025-12-30 13:23:51 [info] : GET /api/vendor/get-vendorproduct 304 - - 235.247 ms
2025-12-30 13:23:54 [info] : GET /api/vendor/get-vendorproduct 304 - - 6.564 ms
2025-12-30 13:24:10 [info] : GET /api/vendor/get-vendorproduct 304 - - 17.687 ms
2025-12-30 13:24:13 [info] : GET /api/vendor/get-vendorproduct 304 - - 17.028 ms
2025-12-30 13:24:29 [info] : GET /api/vendor/get-vendorproduct 304 - - 12.863 ms
2025-12-30 13:24:36 [info] : GET /api/vendor/get-vendorproduct 304 - - 6.410 ms
2025-12-30 13:25:43 [info] : GET /api/vendor/get-vendorproduct 304 - - 110.179 ms
2025-12-30 13:26:12 [info] : GET /api/vendor/get-vendorproduct 304 - - 474.085 ms
2025-12-30 13:27:30 [info] : GET /api/vendor/get-vendorproduct 304 - - 95.242 ms
2025-12-30 13:27:31 [info] : GET /api/vendor/get-vendorproduct 304 - - 6.936 ms
2025-12-30 13:27:35 [info] : GET /api/vendor/get-vendorproduct 304 - - 98.417 ms
2025-12-30 13:28:00 [info] : GET /api/vendor/vendor-data 304 - - 58.204 ms
2025-12-30 13:28:00 [info] : GET /api/vendor/get-vendorproduct 304 - - 94.683 ms
2025-12-30 13:28:02 [info] : GET /api/vendor/get-vendorproduct 304 - - 4.018 ms
2025-12-30 13:31:32 [info] : GET /api/vendor/get-vendorproduct 304 - - 165.723 ms
2025-12-30 13:31:43 [info] : GET /api/vendor/get-vendorproduct 304 - - 87.640 ms
2025-12-30 13:31:46 [info] : GET /api/vendor/get-vendorproduct 304 - - 7.002 ms
2025-12-30 13:31:52 [info] : GET /api/vendor/get-vendorproduct 304 - - 9.848 ms
2025-12-30 13:32:12 [info] : GET /api/vendor/get-vendorproduct 304 - - 6.316 ms
2025-12-30 13:32:13 [info] : GET /api/vendor/get-vendorproduct 304 - - 8.100 ms
2025-12-30 14:20:47 [info] : GET /api/vendor/vendor-data 401 63 - 17.117 ms
2025-12-30 14:20:47 [info] : POST /api/auth/refresh 200 330 - 15.713 ms
2025-12-30 14:20:47 [info] : GET /api/vendor/get-vendorproduct 401 63 - 0.109 ms
2025-12-30 14:20:47 [info] : POST /api/auth/refresh 200 330 - 0.315 ms
2025-12-30 14:20:47 [info] : GET /api/vendor/vendor-data 304 - - 115.112 ms
2025-12-30 14:20:47 [info] : GET /api/vendor/get-vendorproduct 304 - - 105.182 ms
2025-12-30 14:21:54 [info] : GET /api/vendor/vendor-data 304 - - 100.822 ms
2025-12-30 14:21:54 [info] : GET /api/vendor/get-vendorproduct 304 - - 83.559 ms
2025-12-30 14:43:49 [info] : GET /api/vendor/vendor-data 401 63 - 7.468 ms
2025-12-30 14:43:49 [info] : GET /api/vendor/get-vendorproduct 401 63 - 0.136 ms
2025-12-30 14:43:49 [info] : POST /api/auth/refresh 200 330 - 6.133 ms
2025-12-30 14:43:49 [info] : POST /api/auth/refresh 200 330 - 0.239 ms
2025-12-30 14:43:49 [info] : GET /api/vendor/vendor-data 304 - - 70.422 ms
2025-12-30 14:43:49 [info] : GET /api/vendor/get-vendorproduct 304 - - 60.330 ms
2025-12-30 15:02:35 [info] : GET /api/vendor/vendor-data 401 63 - 1.417 ms
2025-12-30 15:02:35 [info] : POST /api/auth/refresh 200 330 - 8.261 ms
2025-12-30 15:02:36 [info] : GET /api/vendor/vendor-data 304 - - 1320.949 ms
2025-12-30 15:02:36 [info] : GET /api/vendor/get-vendorproduct 304 - - 56.445 ms
2025-12-30 15:05:56 [info] : GET /api/vendor/get-vendorproduct 304 - - 123.232 ms
2025-12-30 15:05:58 [info] : GET /api/vendor/get-vendorproduct 304 - - 7.489 ms
2025-12-30 15:09:47 [info] : GET /api/vendor/get-vendorproduct 304 - - 135.162 ms
2025-12-30 15:09:49 [info] : GET /api/vendor/get-vendorproduct 304 - - 68.454 ms
2025-12-30 15:09:49 [info] : GET /api/vendor/vendor-data 304 - - 24.912 ms
2025-12-30 15:10:44 [info] : GET /api/vendor/vendor-data 304 - - 125.519 ms
2025-12-30 15:10:45 [info] : GET /api/vendor/get-vendorproduct 304 - - 20.034 ms
2025-12-30 15:25:13 [info] : GET /api/vendor/vendor-data 401 63 - 1.213 ms
2025-12-30 15:25:13 [info] : POST /api/auth/refresh 200 330 - 9.239 ms
2025-12-30 15:25:13 [info] : GET /api/vendor/vendor-data 304 - - 21.343 ms
2025-12-30 15:25:13 [info] : GET /api/vendor/get-vendorproduct 200 10007 - 67.177 ms
2025-12-30 15:30:24 [info] : GET /api/vendor/get-vendorproduct 304 - - 75.916 ms
2025-12-30 15:31:44 [info] : GET /api/vendor/get-vendorproduct 304 - - 91.189 ms
2025-12-30 15:32:05 [info] : GET /api/vendor/get-vendorproduct 304 - - 11.401 ms
2025-12-30 15:32:07 [info] : GET /api/vendor/get-vendorproduct 304 - - 8.407 ms
2025-12-30 15:32:11 [info] : GET /api/vendor/get-vendorproduct 304 - - 14.166 ms
2025-12-30 15:32:15 [info] : GET /api/vendor/get-vendorproduct 304 - - 7.478 ms
2025-12-30 15:32:19 [info] : GET /api/vendor/get-vendorproduct 304 - - 15.197 ms
2025-12-30 15:32:24 [info] : GET /api/vendor/get-vendorproduct 304 - - 5.746 ms
2025-12-30 15:32:30 [info] : GET /api/vendor/get-vendorproduct 304 - - 14.750 ms
2025-12-30 15:32:32 [info] : GET /api/vendor/get-vendorproduct 304 - - 7.346 ms
2025-12-30 15:34:32 [info] : GET /api/vendor/vendor-data 304 - - 70.920 ms
2025-12-30 15:34:32 [info] : GET /api/vendor/get-vendorproduct 304 - - 99.097 ms
2025-12-30 15:36:26 [info] : GET /api/vendor/get-vendorproduct 304 - - 92.015 ms
2025-12-30 15:36:32 [info] : GET /api/vendor/get-vendorproduct 304 - - 29.923 ms
2025-12-30 15:36:32 [info] : GET /api/vendor/vendor-data 304 - - 24.175 ms
2025-12-30 15:36:40 [info] : GET /api/vendor/get-vendorproduct 304 - - 17.084 ms
2025-12-30 15:36:47 [info] : GET /api/vendor/get-vendorproduct 304 - - 78.372 ms
2025-12-30 15:36:49 [info] : GET /api/vendor/get-vendorproduct 304 - - 8.841 ms
2025-12-30 15:36:49 [info] : GET /api/vendor/vendor-data 304 - - 33.981 ms
2025-12-30 15:37:54 [info] : GET /api/vendor/get-vendorproduct 304 - - 111.860 ms
2025-12-30 15:39:37 [info] : GET /api/vendor/vendor-data 304 - - 83.881 ms
2025-12-30 15:39:37 [info] : GET /api/vendor/get-vendorproduct 304 - - 59.106 ms
2025-12-30 15:41:25 [info] : GET /api/vendor/get-vendorproduct 401 63 - 1.478 ms
2025-12-30 15:41:25 [info] : GET /api/vendor/vendor-data 401 63 - 0.088 ms
2025-12-30 15:41:25 [info] : POST /api/auth/refresh 200 330 - 7.238 ms
2025-12-30 15:41:25 [info] : POST /api/auth/refresh 200 330 - 0.599 ms
2025-12-30 15:41:25 [info] : GET /api/vendor/vendor-data 304 - - 195.169 ms
2025-12-30 15:41:25 [info] : GET /api/vendor/get-vendorproduct 304 - - 203.262 ms
2025-12-30 15:41:52 [info] : GET /api/vendor/get-vendorproduct 304 - - 86.057 ms
2025-12-30 15:41:52 [info] : GET /api/vendor/vendor-data 304 - - 11.694 ms
2025-12-30 15:42:14 [info] : GET /api/vendor/get-vendorproduct 304 - - 18.599 ms
2025-12-30 15:42:14 [info] : GET /api/vendor/vendor-data 304 - - 11.689 ms
2025-12-30 15:42:28 [info] : GET /api/vendor/get-vendorproduct 304 - - 63.579 ms
2025-12-30 15:43:33 [info] : POST /api/auth/logout 200 61 - 23.850 ms
2025-12-30 15:43:50 [info] : OPTIONS /api/auth/login 204 0 - 0.851 ms
2025-12-30 15:43:50 [info] : POST /api/auth/login 200 252 - 156.944 ms
2025-12-30 15:43:52 [info] : GET /api/admin/allvendors?page=1&limit=10 304 - - 85.989 ms
2025-12-30 15:44:04 [info] : GET /api/admin/allusers?page=1&limit=10 304 - - 6.893 ms
2025-12-30 15:44:12 [info] : GET /api/admin/allvendors?page=1&limit=10 304 - - 13.033 ms
2025-12-30 15:44:39 [info] : OPTIONS /api/admin/vendors/5be0adaa-eed8-4e46-8316-5cba579317c7/toggle-block 204 0 - 0.666 ms
2025-12-30 15:44:39 [info] : PATCH /api/admin/vendors/5be0adaa-eed8-4e46-8316-5cba579317c7/toggle-block 200 57 - 105.288 ms
2025-12-30 15:44:39 [info] : GET /api/admin/allvendors?page=1&limit=10 200 4745 - 4.252 ms
2025-12-30 15:44:40 [info] : PATCH /api/admin/vendors/5be0adaa-eed8-4e46-8316-5cba579317c7/toggle-block 200 57 - 11.576 ms
2025-12-30 15:44:40 [info] : GET /api/admin/allvendors?page=1&limit=10 200 4746 - 3.501 ms
2025-12-30 15:44:57 [info] : GET /api/admin/allvendors?page=1&limit=10 304 - - 6.296 ms
2025-12-30 15:58:40 [info] : GET /api/admin/allvendors?page=1&limit=10 304 - - 196.292 ms
2025-12-30 15:58:46 [info] : GET /api/admin/allvendors?page=1&limit=10 304 - - 30.443 ms
2025-12-30 15:58:49 [info] : OPTIONS /api/admin/vendors/5be0adaa-eed8-4e46-8316-5cba579317c7/toggle-block 204 0 - 0.277 ms
2025-12-30 15:58:49 [info] : PATCH /api/admin/vendors/5be0adaa-eed8-4e46-8316-5cba579317c7/toggle-block 200 57 - 53.486 ms
2025-12-30 15:58:49 [info] : GET /api/admin/allvendors?page=1&limit=10 200 4745 - 2.963 ms
2025-12-30 15:58:49 [info] : PATCH /api/admin/vendors/5be0adaa-eed8-4e46-8316-5cba579317c7/toggle-block 200 57 - 16.601 ms
2025-12-30 15:58:49 [info] : GET /api/admin/allvendors?page=1&limit=10 200 4746 - 12.649 ms
2025-12-30 15:58:52 [info] : POST /api/auth/logout 401 63 - 0.328 ms
2025-12-30 15:59:07 [info] : OPTIONS /api/auth/login 204 0 - 0.332 ms
2025-12-30 15:59:07 [info] : POST /api/auth/login 200 330 - 107.563 ms
2025-12-30 15:59:07 [info] : GET /api/vendor/vendor-data 304 - - 15.422 ms
2025-12-30 15:59:08 [info] : GET /api/vendor/get-vendorproduct 304 - - 14.548 ms
2025-12-30 16:13:52 [info] : GET /api/vendor/vendor-data 304 - - 252.203 ms
2025-12-30 16:13:52 [info] : GET /api/vendor/get-vendorproduct 304 - - 255.001 ms
2025-12-30 16:16:19 [info] : GET /api/vendor/get-vendorproduct 401 63 - 2.998 ms
2025-12-30 16:16:19 [info] : POST /api/auth/refresh 200 330 - 14.532 ms
2025-12-30 16:16:19 [info] : GET /api/vendor/get-vendorproduct 304 - - 70.826 ms
2025-12-30 16:18:55 [info] : GET /api/vendor/get-vendorproduct 304 - - 101.699 ms
2025-12-30 16:19:04 [info] : GET /api/vendor/get-vendorproduct 304 - - 44.919 ms
2025-12-30 16:19:04 [info] : GET /api/vendor/vendor-data 304 - - 63.480 ms
2025-12-30 16:19:12 [info] : GET /api/vendor/get-vendorproduct 304 - - 13.439 ms
2025-12-30 16:19:13 [info] : GET /api/vendor/vendor-data 304 - - 3.664 ms
2025-12-30 16:19:13 [info] : GET /api/vendor/get-vendorproduct 304 - - 13.822 ms
2025-12-30 16:33:52 [info] : GET /api/vendor/vendor-data 401 63 - 8.913 ms
2025-12-30 16:33:52 [info] : GET /api/vendor/get-vendorproduct 401 63 - 0.204 ms
2025-12-30 16:33:52 [info] : POST /api/auth/refresh 200 330 - 11.549 ms
2025-12-30 16:33:52 [info] : POST /api/auth/refresh 200 330 - 1.207 ms
2025-12-30 16:33:52 [info] : GET /api/vendor/get-vendorproduct 304 - - 154.446 ms
2025-12-30 16:33:52 [info] : GET /api/vendor/vendor-data 304 - - 173.814 ms
2025-12-30 16:34:27 [info] : GET /api/vendor/get-vendorproduct 304 - - 13.763 ms
2025-12-30 16:35:15 [info] : GET /api/vendor/get-vendorproduct 304 - - 59.771 ms
2025-12-30 16:35:19 [info] : GET /api/vendor/get-vendorproduct 304 - - 40.490 ms
2025-12-30 17:01:44 [info] : GET /api/vendor/vendor-data 401 63 - 3.212 ms
2025-12-30 17:01:44 [info] : POST /api/auth/refresh 200 330 - 38.069 ms
2025-12-30 17:01:44 [info] : GET /api/vendor/vendor-data 304 - - 530.390 ms
2025-12-30 17:01:45 [info] : GET /api/vendor/get-vendorproduct 304 - - 30.330 ms
2025-12-30 17:11:26 [info] : GET /api/vendor/vendor-data 304 - - 131.363 ms
2025-12-30 17:11:26 [info] : GET /api/vendor/get-vendorproduct 304 - - 19.206 ms
2025-12-30 17:41:20 [info] : GET /api/vendor/vendor-data 401 63 - 1.267 ms
2025-12-30 17:41:20 [info] : POST /api/auth/refresh 200 330 - 5.585 ms
2025-12-30 17:41:20 [info] : GET /api/vendor/vendor-data 304 - - 136.534 ms
2025-12-30 17:41:21 [info] : GET /api/vendor/get-vendorproduct 304 - - 25.019 ms
2025-12-30 17:46:32 [info] : GET /api/vendor/vendor-data 304 - - 116.208 ms
2025-12-30 17:46:32 [info] : GET /api/vendor/get-vendorproduct 304 - - 17.223 ms
2025-12-30 17:50:44 [info] : GET /api/vendor/vendor-data 304 - - 109.887 ms
2025-12-30 17:50:44 [info] : GET /api/vendor/get-vendorproduct 304 - - 33.491 ms
2025-12-30 17:59:54 [info] : GET /api/vendor/vendor-data 401 63 - 1.214 ms
2025-12-30 17:59:54 [info] : POST /api/auth/refresh 200 330 - 9.364 ms
2025-12-30 17:59:54 [info] : GET /api/vendor/vendor-data 304 - - 114.487 ms
2025-12-30 17:59:55 [info] : GET /api/vendor/get-vendorproduct 304 - - 43.385 ms
2025-12-30 18:04:26 [info] : GET /api/vendor/vendor-data 304 - - 171.456 ms
2025-12-30 18:04:26 [info] : GET /api/vendor/get-vendorproduct 304 - - 142.410 ms
2025-12-30 18:07:13 [info] : GET /api/vendor/get-vendorproduct 304 - - 305.185 ms
2025-12-30 18:07:20 [info] : GET /api/vendor/get-vendorproduct 304 - - 36.307 ms
2025-12-30 18:07:26 [info] : GET /api/vendor/get-vendorproduct 304 - - 45.605 ms
2025-12-30 18:08:46 [info] : GET /api/vendor/get-vendorproduct 304 - - 10.655 ms
2025-12-30 18:08:47 [info] : GET /api/vendor/get-vendorproduct 304 - - 7.902 ms
2025-12-30 18:09:30 [info] : GET /api/vendor/get-vendorproduct 304 - - 148.382 ms
2025-12-30 18:09:36 [info] : GET /api/vendor/get-vendorproduct 304 - - 12.097 ms
2025-12-30 18:12:49 [info] : GET /api/vendor/get-vendorproduct 304 - - 61.008 ms
2025-12-30 18:14:40 [info] : GET /api/vendor/vendor-data 304 - - 110.622 ms
2025-12-30 18:14:40 [info] : GET /api/vendor/get-vendorproduct 304 - - 86.410 ms
2025-12-30 18:14:55 [info] : GET /api/vendor/get-vendorproduct 401 63 - 1.383 ms
2025-12-30 18:14:55 [info] : POST /api/auth/refresh 200 330 - 5.430 ms
2025-12-30 18:14:55 [info] : GET /api/vendor/get-vendorproduct 304 - - 45.868 ms
2025-12-30 18:15:06 [info] : GET /api/vendor/get-vendorproduct 304 - - 7.919 ms
2025-12-30 18:15:07 [info] : GET /api/vendor/get-vendorproduct 304 - - 5.903 ms
2025-12-30 18:15:10 [info] : GET /api/vendor/get-vendorproduct 304 - - 7.327 ms
2025-12-30 18:15:15 [info] : GET /api/vendor/get-vendorproduct 304 - - 18.636 ms
2025-12-30 18:15:23 [info] : GET /api/vendor/get-vendorproduct 304 - - 9.459 ms
2025-12-30 18:15:28 [info] : GET /api/vendor/get-vendorproduct 304 - - 5.817 ms
2025-12-30 18:15:30 [info] : GET /api/vendor/get-vendorproduct 304 - - 157.931 ms
2025-12-30 18:15:36 [info] : GET /api/vendor/vendor-data 304 - - 80.607 ms
2025-12-30 18:15:36 [info] : GET /api/vendor/get-vendorproduct 304 - - 3.078 ms
2025-12-30 18:16:40 [info] : GET /api/vendor/get-vendorproduct 304 - - 148.539 ms
2025-12-30 18:16:45 [info] : GET /api/vendor/get-vendorproduct 304 - - 6.745 ms
2025-12-30 18:16:50 [info] : GET /api/vendor/get-vendorproduct 304 - - 9.355 ms
2025-12-30 18:17:27 [info] : GET /api/vendor/get-vendorproduct 304 - - 10.501 ms
2025-12-30 18:17:27 [info] : GET /api/vendor/vendor-data 304 - - 10.759 ms
2025-12-30 18:17:30 [info] : GET /api/vendor/get-vendorproduct 304 - - 24.340 ms
2025-12-30 18:17:35 [info] : GET /api/vendor/get-vendorproduct 304 - - 7.827 ms
2025-12-30 18:18:09 [info] : GET /api/vendor/get-vendorproduct 304 - - 16.021 ms
2025-12-30 18:18:09 [info] : GET /api/vendor/vendor-data 304 - - 14.298 ms
2025-12-30 18:18:11 [info] : GET /api/vendor/vendor-data 304 - - 9.993 ms
2025-12-30 18:18:11 [info] : GET /api/vendor/get-vendorproduct 304 - - 8.127 ms
2025-12-30 18:18:13 [info] : GET /api/vendor/vendor-data 304 - - 2.165 ms
2025-12-30 18:18:13 [info] : GET /api/vendor/get-vendorproduct 304 - - 4.539 ms
2025-12-30 18:19:46 [info] : GET /api/vendor/vendor-data 304 - - 52.067 ms
2025-12-30 18:19:46 [info] : GET /api/vendor/get-vendorproduct 304 - - 70.250 ms
2025-12-30 18:19:53 [info] : GET /api/vendor/get-vendorproduct 304 - - 15.878 ms
2025-12-30 18:19:53 [info] : GET /api/vendor/vendor-data 304 - - 10.539 ms
2025-12-30 18:19:57 [info] : GET /api/vendor/get-vendorproduct 304 - - 28.278 ms
2025-12-30 18:19:57 [info] : GET /api/vendor/vendor-data 304 - - 16.172 ms
2025-12-30 18:19:58 [info] : GET /api/vendor/vendor-data 304 - - 20.311 ms
2025-12-30 18:19:58 [info] : GET /api/vendor/get-vendorproduct 304 - - 17.219 ms
2025-12-30 18:20:07 [info] : GET /api/vendor/vendor-data 304 - - 7.988 ms
2025-12-30 18:20:07 [info] : GET /api/vendor/get-vendorproduct 304 - - 4.877 ms
2025-12-30 18:22:15 [info] : GET /api/vendor/vendor-data 304 - - 118.222 ms
2025-12-30 18:22:15 [info] : GET /api/vendor/get-vendorproduct 304 - - 24.861 ms
2025-12-30 18:28:55 [info] : GET /api/vendor/vendor-data 304 - - 129.630 ms
2025-12-30 18:28:55 [info] : GET /api/vendor/get-vendorproduct 304 - - 162.200 ms
2025-12-30 18:33:35 [info] : GET /api/vendor/vendor-data 401 63 - 4.598 ms
2025-12-30 18:33:35 [info] : POST /api/auth/refresh 200 330 - 4.132 ms
2025-12-30 18:33:36 [info] : GET /api/vendor/vendor-data 304 - - 75.490 ms
2025-12-30 18:33:36 [info] : GET /api/vendor/get-vendorproduct 304 - - 20.065 ms
2025-12-30 18:33:43 [info] : GET /api/vendor/vendor-data 304 - - 11.880 ms
2025-12-30 18:33:43 [info] : GET /api/vendor/get-vendorproduct 304 - - 13.197 ms
2025-12-30 18:33:44 [info] : GET /api/vendor/vendor-data 304 - - 3.429 ms
2025-12-30 18:33:44 [info] : GET /api/vendor/get-vendorproduct 304 - - 4.767 ms
2025-12-30 18:39:04 [info] : GET /api/vendor/get-vendorproduct 304 - - 128.987 ms
2025-12-30 18:39:04 [info] : GET /api/vendor/vendor-data 304 - - 161.712 ms
2025-12-30 18:43:12 [info] : GET /api/vendor/get-vendorproduct 304 - - 103.914 ms
2025-12-30 18:43:15 [info] : GET /api/vendor/get-vendorproduct 304 - - 6.460 ms
2025-12-30 18:44:14 [info] : GET /api/vendor/get-vendorproduct 304 - - 207.013 ms
2025-12-30 18:44:14 [info] : GET /api/vendor/vendor-data 304 - - 200.463 ms
2025-12-30 18:44:18 [info] : GET /api/vendor/get-vendorproduct 304 - - 8.088 ms
2025-12-30 18:44:55 [info] : GET /api/vendor/get-vendorproduct 304 - - 157.195 ms
2025-12-30 18:44:57 [info] : GET /api/vendor/get-vendorproduct 304 - - 5.095 ms
2025-12-30 18:47:20 [info] : GET /api/vendor/get-vendorproduct 304 - - 166.482 ms
2025-12-30 18:47:20 [info] : GET /api/vendor/vendor-data 304 - - 162.018 ms
2025-12-30 18:48:08 [info] : GET /api/vendor/get-vendorproduct 304 - - 155.972 ms
2025-12-30 18:48:08 [info] : GET /api/vendor/vendor-data 304 - - 144.170 ms
2025-12-30 18:48:10 [info] : GET /api/vendor/vendor-data 304 - - 17.855 ms
2025-12-30 18:48:10 [info] : GET /api/vendor/get-vendorproduct 304 - - 15.724 ms
2025-12-30 18:48:14 [info] : GET /api/vendor/vendor-data 304 - - 2.423 ms
2025-12-30 18:48:14 [info] : GET /api/vendor/get-vendorproduct 304 - - 5.527 ms
2025-12-30 18:48:40 [info] : GET /api/vendor/get-vendorproduct 401 63 - 0.850 ms
2025-12-30 18:48:40 [info] : POST /api/auth/refresh 200 330 - 6.482 ms
2025-12-30 18:48:40 [info] : GET /api/vendor/get-vendorproduct 304 - - 21.976 ms
2025-12-30 18:51:27 [info] : server is runnning port 5050 
2025-12-30 18:51:27 [info] : Mongodb Connect Successfully
2025-12-30 18:51:41 [info] : GET /api/vendor/vendor-data 304 - - 91.002 ms
2025-12-30 18:51:41 [info] : GET /api/vendor/get-vendorproduct 304 - - 90.864 ms
2025-12-30 18:52:34 [info] : server is runnning port 5050 
2025-12-30 18:52:34 [info] : Mongodb Connect Successfully
2025-12-30 18:52:40 [info] : server is runnning port 5050 
2025-12-30 18:52:40 [info] : Mongodb Connect Successfully
2025-12-30 18:52:42 [info] : server is runnning port 5050 
2025-12-30 18:52:42 [info] : Mongodb Connect Successfully
2025-12-30 18:52:53 [info] : server is runnning port 5050 
2025-12-30 18:52:53 [info] : Mongodb Connect Successfully
2025-12-30 18:52:58 [info] : server is runnning port 5050 
2025-12-30 18:52:58 [info] : Mongodb Connect Successfully
2025-12-30 18:53:00 [info] : server is runnning port 5050 
2025-12-30 18:53:01 [info] : Mongodb Connect Successfully
2025-12-30 18:53:07 [info] : server is runnning port 5050 
2025-12-30 18:53:07 [info] : Mongodb Connect Successfully
2025-12-30 18:53:10 [info] : server is runnning port 5050 
2025-12-30 18:53:10 [info] : Mongodb Connect Successfully
2025-12-30 18:53:13 [info] : server is runnning port 5050 
2025-12-30 18:53:13 [info] : Mongodb Connect Successfully
2025-12-30 18:53:16 [info] : server is runnning port 5050 
2025-12-30 18:53:16 [info] : Mongodb Connect Successfully
2025-12-30 18:53:24 [info] : server is runnning port 5050 
2025-12-30 18:53:24 [info] : Mongodb Connect Successfully
2025-12-30 18:53:27 [info] : server is runnning port 5050 
2025-12-30 18:53:27 [info] : Mongodb Connect Successfully
2025-12-30 18:53:33 [info] : server is runnning port 5050 
2025-12-30 18:53:33 [info] : Mongodb Connect Successfully
2025-12-30 18:53:39 [info] : server is runnning port 5050 
2025-12-30 18:53:39 [info] : Mongodb Connect Successfully
2025-12-30 18:53:51 [info] : server is runnning port 5050 
2025-12-30 18:53:51 [info] : Mongodb Connect Successfully
2025-12-30 18:53:52 [info] : server is runnning port 5050 
2025-12-30 18:53:52 [info] : Mongodb Connect Successfully
2025-12-30 18:53:58 [info] : server is runnning port 5050 
2025-12-30 18:53:58 [info] : Mongodb Connect Successfully
2025-12-30 18:54:00 [info] : server is runnning port 5050 
2025-12-30 18:54:00 [info] : Mongodb Connect Successfully
2025-12-30 18:54:03 [info] : server is runnning port 5050 
2025-12-30 18:54:03 [info] : Mongodb Connect Successfully
2025-12-30 18:54:08 [info] : server is runnning port 5050 
2025-12-30 18:54:08 [info] : Mongodb Connect Successfully
2025-12-30 18:57:24 [info] : GET /api/vendor/vendor-data 304 - - 371.443 ms
2025-12-30 18:57:24 [info] : GET /api/vendor/get-vendorproduct 304 - - 25.645 ms
2025-12-30 19:17:52 [info] : PUT /api/vendor/update-product/b7b36d8b-f22d-4a11-b23b-725396af3c53 401 63 - 4.585 ms
2025-12-30 19:18:03 [info] : PUT /api/vendor/update-product/b7b36d8b-f22d-4a11-b23b-725396af3c53 401 63 - 1.055 ms
2025-12-30 19:18:04 [info] : PUT /api/vendor/update-product/b7b36d8b-f22d-4a11-b23b-725396af3c53 401 63 - 0.345 ms
2025-12-30 19:18:05 [info] : PUT /api/vendor/update-product/b7b36d8b-f22d-4a11-b23b-725396af3c53 401 63 - 0.598 ms
2025-12-30 19:18:05 [info] : PUT /api/vendor/update-product/b7b36d8b-f22d-4a11-b23b-725396af3c53 401 63 - 0.403 ms
2025-12-30 19:18:06 [info] : PUT /api/vendor/update-product/b7b36d8b-f22d-4a11-b23b-725396af3c53 401 63 - 0.236 ms
2025-12-30 19:18:06 [info] : PUT /api/vendor/update-product/b7b36d8b-f22d-4a11-b23b-725396af3c53 401 63 - 0.472 ms
2025-12-30 19:19:09 [info] : PUT /api/vendor/update-product/b7b36d8b-f22d-4a11-b23b-725396af3c53 401 63 - 5.282 ms
2025-12-30 19:19:10 [info] : PUT /api/vendor/update-product/b7b36d8b-f22d-4a11-b23b-725396af3c53 401 63 - 0.527 ms
2025-12-30 19:20:06 [info] : PUT /api/vendor/update-product/6939223b0ae22049af123809 401 63 - 3.208 ms
2025-12-30 19:21:34 [info] : PUT /api/vendor/update-product/b7b36d8b-f22d-4a11-b23b-725396af3c53 401 63 - 4.228 ms
2025-12-30 19:22:03 [info] : PUT /api/vendor/update-product/b7b36d8b-f22d-4a11-b23b-725396af3c53 401 63 - 4.674 ms
2025-12-30 19:22:05 [info] : PUT /api/vendor/update-product/b7b36d8b-f22d-4a11-b23b-725396af3c53 401 63 - 0.417 ms
2025-12-30 19:22:05 [info] : PUT /api/vendor/update-product/b7b36d8b-f22d-4a11-b23b-725396af3c53 401 63 - 0.550 ms
2025-12-30 19:22:05 [info] : PUT /api/vendor/update-product/b7b36d8b-f22d-4a11-b23b-725396af3c53 401 63 - 0.209 ms
2025-12-30 19:22:06 [info] : PUT /api/vendor/update-product/b7b36d8b-f22d-4a11-b23b-725396af3c53 401 63 - 0.216 ms
2025-12-30 19:22:06 [info] : PUT /api/vendor/update-product/b7b36d8b-f22d-4a11-b23b-725396af3c53 401 63 - 0.397 ms
2025-12-30 19:22:06 [info] : PUT /api/vendor/update-product/b7b36d8b-f22d-4a11-b23b-725396af3c53 401 63 - 0.229 ms
2025-12-30 19:22:06 [info] : PUT /api/vendor/update-product/b7b36d8b-f22d-4a11-b23b-725396af3c53 401 63 - 0.186 ms
2025-12-30 19:22:07 [info] : PUT /api/vendor/update-product/b7b36d8b-f22d-4a11-b23b-725396af3c53 401 63 - 0.275 ms
2025-12-30 19:22:07 [info] : PUT /api/vendor/update-product/b7b36d8b-f22d-4a11-b23b-725396af3c53 401 63 - 0.405 ms
2025-12-30 19:22:46 [info] : PUT /api/vendor/update-product/b7b36d8b-f22d-4a11-b23b-725396af3c53 401 63 - 1.310 ms
2025-12-30 19:24:41 [info] : PATCH /api/admin/category/toggle-status/6930aec8618c122cf8027074 401 63 - 27.982 ms
2025-12-30 19:25:19 [info] : POST /api/auth/login 200 252 - 237.392 ms
2025-12-30 19:25:50 [info] : POST /api/auth/vendor/login 404 161 - 8.223 ms
2025-12-30 19:27:14 [info] : POST /api/auth/vendor/login 404 161 - 5.433 ms
2025-12-30 19:28:00 [info] : POST /api/auth/vendor/login 404 161 - 0.974 ms
2025-12-30 19:28:13 [info] : GET /api/vendor/vendor-data 401 63 - 3.551 ms
2025-12-30 19:28:13 [info] : GET /api/vendor/get-vendorproduct 401 63 - 0.137 ms
2025-12-30 19:28:13 [info] : POST /api/auth/refresh 200 330 - 14.541 ms
2025-12-30 19:28:13 [info] : POST /api/auth/refresh 200 330 - 1.025 ms
2025-12-30 19:28:14 [info] : GET /api/vendor/get-vendorproduct 304 - - 200.427 ms
2025-12-30 19:28:14 [info] : GET /api/vendor/vendor-data 304 - - 217.013 ms
2025-12-30 19:28:15 [info] : POST /api/auth/logout 200 61 - 2.266 ms
2025-12-30 19:28:21 [info] : OPTIONS /api/auth/login 204 0 - 1.139 ms
2025-12-30 19:28:21 [info] : POST /api/auth/login 200 330 - 104.345 ms
2025-12-30 19:28:21 [info] : GET /api/vendor/vendor-data 304 - - 8.068 ms
2025-12-30 19:28:27 [info] : POST /api/auth/vendor/login 404 161 - 0.876 ms
2025-12-30 19:28:28 [info] : POST /api/auth/vendor/login 404 161 - 0.794 ms
2025-12-30 19:28:28 [info] : POST /api/auth/vendor/login 404 161 - 0.242 ms
2025-12-30 19:28:28 [info] : POST /api/auth/vendor/login 404 161 - 0.415 ms
2025-12-30 19:28:29 [info] : POST /api/auth/vendor/login 404 161 - 0.561 ms
2025-12-30 19:28:29 [info] : POST /api/auth/vendor/login 404 161 - 0.325 ms
2025-12-30 19:28:29 [info] : POST /api/auth/vendor/login 404 161 - 0.458 ms
2025-12-30 19:28:46 [info] : POST /api/auth/vendor/login 404 161 - 0.301 ms
2025-12-30 19:28:46 [info] : POST /api/auth/vendor/login 404 161 - 0.303 ms
2025-12-30 19:28:47 [info] : POST /api/auth/vendor/login 404 161 - 0.421 ms
2025-12-30 19:28:48 [info] : POST /api/auth/vendor/login 404 161 - 0.191 ms
2025-12-30 19:28:48 [info] : POST /api/auth/vendor/login 404 161 - 0.229 ms
2025-12-30 19:29:07 [info] : POST /api/auth/vendor/login 404 161 - 0.787 ms
2025-12-30 19:30:40 [info] : POST /api/auth/logout 200 61 - 11.214 ms
2025-12-30 19:30:47 [info] : POST /api/auth/vendor/login 404 161 - 7.314 ms
2025-12-30 19:30:48 [info] : POST /api/auth/vendor/login 404 161 - 0.231 ms
2025-12-30 19:30:48 [info] : POST /api/auth/vendor/login 404 161 - 0.265 ms
2025-12-30 19:30:48 [info] : POST /api/auth/vendor/login 404 161 - 0.171 ms
2025-12-30 19:31:19 [info] : POST /api/auth/vendor/login 404 161 - 0.834 ms
2025-12-30 19:31:20 [info] : POST /api/auth/vendor/login 404 161 - 0.878 ms
2025-12-30 19:31:41 [info] : POST /api/auth/vendor/login 404 161 - 1.830 ms
2025-12-30 19:31:50 [info] : POST /api/auth/vendor/login 404 161 - 0.203 ms
2025-12-30 19:31:52 [info] : POST /api/auth/vendor/login 404 161 - 0.224 ms
2025-12-30 19:31:53 [info] : POST /api/auth/vendor/login 404 161 - 0.550 ms
2025-12-30 19:31:53 [info] : POST /api/auth/vendor/login 404 161 - 0.561 ms
2025-12-30 19:32:13 [info] : POST /api/auth/vendor/login 404 161 - 1.035 ms
2025-12-30 19:32:59 [info] : POST /api/auth/vendor/login 404 161 - 1.925 ms
2025-12-30 19:33:16 [info] : POST /api/auth/vendor/login 404 161 - 0.388 ms
2025-12-30 19:33:31 [info] : POST /api/auth/vendor/login 404 161 - 0.245 ms
2025-12-30 19:38:43 [info] : POST /api/auth/vendor/login 404 161 - 4.669 ms
2025-12-30 19:39:15 [info] : POST /api/auth/vendor/login 404 161 - 2.004 ms
2025-12-30 19:39:16 [info] : POST /api/auth/vendor/login 404 161 - 0.436 ms
2025-12-30 19:39:16 [info] : POST /api/auth/vendor/login 404 161 - 0.301 ms
2025-12-30 19:39:17 [info] : POST /api/auth/vendor/login 404 161 - 0.474 ms
2025-12-30 19:39:17 [info] : POST /api/auth/vendor/login 404 161 - 0.257 ms
2025-12-30 19:39:17 [info] : POST /api/auth/vendor/login 404 161 - 0.343 ms
2025-12-30 19:40:24 [info] : POST /api/auth/vendor/login 404 161 - 2.446 ms
2025-12-30 19:40:25 [info] : POST /api/auth/vendor/login 404 161 - 0.274 ms
2025-12-30 19:40:25 [info] : POST /api/auth/vendor/login 404 161 - 0.304 ms
2025-12-30 19:40:25 [info] : POST /api/auth/vendor/login 404 161 - 0.166 ms
2025-12-30 19:40:26 [info] : POST /api/auth/vendor/login 404 161 - 0.420 ms
2025-12-30 19:40:26 [info] : POST /api/auth/vendor/login 404 161 - 0.221 ms
2025-12-30 19:40:26 [info] : POST /api/auth/vendor/login 404 161 - 0.164 ms
2025-12-30 19:40:26 [info] : POST /api/auth/vendor/login 404 161 - 0.154 ms
2025-12-30 19:40:27 [info] : POST /api/auth/vendor/login 404 161 - 0.237 ms
2025-12-30 19:40:27 [info] : POST /api/auth/vendor/login 404 161 - 0.169 ms
2025-12-30 19:41:12 [info] : PATCH /api/auth/vendor/login 404 162 - 1.596 ms
2025-12-30 19:41:27 [info] : POST /api/auth/vendor/login 404 161 - 2.086 ms
2025-12-30 19:41:47 [info] : POST /api/auth/vendor/login 404 161 - 0.620 ms
2025-12-30 19:41:48 [info] : POST /api/auth/vendor/login 404 161 - 0.288 ms
2025-12-30 19:42:25 [info] : OPTIONS /api/auth/login 204 0 - 0.390 ms
2025-12-30 19:42:25 [info] : POST /api/auth/login 200 330 - 151.678 ms
2025-12-30 19:42:26 [info] : GET /api/vendor/vendor-data 304 - - 35.408 ms
2025-12-30 19:42:28 [info] : GET /api/vendor/get-vendorproduct 304 - - 42.518 ms
2025-12-30 19:42:31 [info] : POST /api/auth/vendor/login 404 161 - 0.801 ms
2025-12-30 19:46:11 [info] : POST /api/vendor/login 404 156 - 1.466 ms
2025-12-30 19:46:33 [info] : POST /api/vendor/login 404 156 - 1.578 ms
2025-12-30 19:47:31 [info] : POST /api/vendor/login 404 156 - 2.422 ms
2025-12-30 19:47:32 [info] : POST /api/vendor/login 404 156 - 1.638 ms
2025-12-30 19:47:33 [info] : POST /api/vendor/login 404 156 - 0.810 ms
2025-12-30 19:47:34 [info] : POST /api/vendor/login 404 156 - 0.270 ms
2025-12-30 19:48:24 [info] : POST /api/auth/login 200 330 - 140.047 ms
2025-12-30 19:49:44 [info] : POST /api/auth/login 200 330 - 106.546 ms
2025-12-30 19:51:05 [info] : PUT /api/vendor/update-product/b7b36d8b-f22d-4a11-b23b-725396af3c53 401 63 - 13.885 ms
2025-12-30 19:51:39 [info] : PUT /api/vendor/update-product/b7b36d8b-f22d-4a11-b23b-725396af3c53 401 63 - 18.331 ms
2025-12-30 19:51:40 [info] : PUT /api/vendor/update-product/b7b36d8b-f22d-4a11-b23b-725396af3c53 401 63 - 0.617 ms
2025-12-30 19:51:41 [info] : PUT /api/vendor/update-product/b7b36d8b-f22d-4a11-b23b-725396af3c53 401 63 - 0.911 ms
2025-12-30 19:51:42 [info] : PUT /api/vendor/update-product/b7b36d8b-f22d-4a11-b23b-725396af3c53 401 63 - 0.712 ms
2025-12-30 19:51:42 [info] : PUT /api/vendor/update-product/b7b36d8b-f22d-4a11-b23b-725396af3c53 401 63 - 1.478 ms
2025-12-30 19:51:55 [info] : PUT /api/vendor/update-product/b7b36d8b-f22d-4a11-b23b-725396af3c53 200 640 - 107.479 ms
2025-12-30 19:52:18 [info] : PUT /api/vendor/update-product/b7b36d8b-f22d-4a11-b23b-725396af3c53 200 642 - 17.894 ms
2025-12-30 19:53:31 [info] : GET /api/vendor/get-vendorproduct 200 9622 - 151.496 ms
2025-12-30 19:54:00 [info] : GET /api/vendor/get-vendorproduct 304 - - 410.519 ms
2025-12-30 19:54:04 [info] : GET /api/vendor/get-vendorproduct 304 - - 5.340 ms
2025-12-30 19:54:11 [info] : GET /api/vendor/get-vendorproduct 304 - - 16.864 ms
2025-12-30 19:54:12 [info] : GET /api/vendor/get-vendorproduct 304 - - 8.391 ms
2025-12-30 19:54:16 [info] : GET /api/vendor/get-vendorproduct 304 - - 9.817 ms
2025-12-30 19:54:19 [info] : GET /api/vendor/get-vendorproduct 304 - - 10.074 ms
2025-12-30 19:54:22 [info] : GET /api/vendor/get-vendorproduct 304 - - 19.635 ms
2025-12-30 19:54:25 [info] : GET /api/vendor/get-vendorproduct 304 - - 9.386 ms
2025-12-30 19:54:33 [info] : GET /api/vendor/get-vendorproduct 304 - - 26.872 ms
2025-12-30 19:54:36 [info] : GET /api/vendor/get-vendorproduct 304 - - 7.598 ms
2025-12-30 19:54:39 [info] : GET /api/vendor/get-vendorproduct 304 - - 8.871 ms
2025-12-30 19:54:46 [info] : GET /api/vendor/get-vendorproduct 304 - - 14.131 ms
2025-12-30 19:54:53 [info] : GET /api/vendor/get-vendorproduct 304 - - 16.339 ms
2025-12-30 19:54:56 [info] : GET /api/vendor/get-vendorproduct 304 - - 7.561 ms
2025-12-30 19:55:04 [info] : GET /api/vendor/get-vendorproduct 304 - - 4.725 ms
2025-12-30 19:55:21 [info] : GET /api/vendor/get-vendorproduct 304 - - 16.997 ms
2025-12-30 20:03:46 [info] : GET /api/vendor/get-vendorproduct 401 63 - 16.155 ms
2025-12-30 20:03:46 [info] : GET /api/vendor/vendor-data 401 63 - 0.165 ms
2025-12-30 20:03:46 [info] : POST /api/auth/refresh 200 330 - 11.481 ms
2025-12-30 20:03:46 [info] : POST /api/auth/refresh 200 330 - 1.557 ms
2025-12-30 20:03:47 [info] : GET /api/vendor/vendor-data 304 - - 1071.391 ms
2025-12-30 20:03:47 [info] : GET /api/vendor/get-vendorproduct 304 - - 1092.481 ms
2025-12-30 20:03:58 [info] : GET /api/vendor/vendor-data 304 - - 263.394 ms
2025-12-30 20:03:58 [info] : GET /api/vendor/get-vendorproduct 304 - - 243.735 ms
2025-12-30 20:06:33 [info] : GET /api/vendor/vendor-data - - - - ms
2025-12-30 20:06:33 [info] : GET /api/vendor/vendor-data 200 493 - 4.407 ms
2025-12-30 20:06:33 [info] : GET /api/vendor/get-vendorproduct 304 - - 28.085 ms
2025-12-30 20:08:30 [info] : GET /api/vendor/get-vendorproduct 304 - - 120.583 ms
2025-12-30 20:08:32 [info] : GET /api/vendor/get-vendorproduct 304 - - 31.995 ms
2025-12-30 20:13:41 [info] : GET /api/vendor/get-vendorproduct 304 - - 252.531 ms
2025-12-30 20:13:41 [info] : GET /api/vendor/vendor-data 304 - - 94.019 ms
2025-12-30 20:23:09 [info] : GET /api/vendor/vendor-data 401 63 - 29.932 ms
2025-12-30 20:23:09 [info] : POST /api/auth/refresh 200 330 - 82.366 ms
2025-12-30 20:23:09 [info] : GET /api/vendor/get-vendorproduct 401 63 - 2.019 ms
2025-12-30 20:23:09 [info] : POST /api/auth/refresh 200 330 - 0.407 ms
2025-12-30 20:23:10 [info] : GET /api/vendor/vendor-data 304 - - 354.985 ms
2025-12-30 20:23:10 [info] : GET /api/vendor/get-vendorproduct 304 - - 312.615 ms
2025-12-30 20:23:11 [info] : GET /api/vendor/vendor-data 304 - - 13.447 ms
2025-12-30 20:23:11 [info] : GET /api/vendor/get-vendorproduct 304 - - 6.531 ms
2025-12-30 20:28:59 [info] : GET /api/vendor/vendor-data 304 - - 828.786 ms
2025-12-30 20:28:59 [info] : GET /api/vendor/get-vendorproduct 304 - - 804.783 ms
2025-12-30 20:29:07 [info] : GET /api/vendor/vendor-data 304 - - 23.963 ms
2025-12-30 20:32:29 [info] : GET /api/vendor/vendor-data 304 - - 188.996 ms
2025-12-30 20:32:29 [info] : GET /api/vendor/get-vendorproduct 304 - - 45.357 ms
2025-12-30 20:33:17 [info] : GET /api/vendor/vendor-data 304 - - 87.967 ms
2025-12-30 20:33:17 [info] : GET /api/vendor/get-vendorproduct 304 - - 34.564 ms
2025-12-30 20:33:35 [info] : POST /api/auth/logout 200 61 - 9.821 ms
2025-12-30 20:33:49 [info] : OPTIONS /api/auth/login 204 0 - 1.515 ms
2025-12-30 20:33:50 [info] : POST /api/auth/login 200 252 - 268.096 ms
2025-12-30 20:33:51 [info] : GET /api/admin/allvendors?page=1&limit=10 304 - - 93.785 ms
2025-12-30 20:33:52 [info] : GET /api/admin/allusers?page=1&limit=10 304 - - 13.004 ms
2025-12-30 20:33:53 [info] : GET /api/admin/category/get-category?page=1&limit=10 304 - - 18.377 ms
2025-12-30 20:35:13 [info] : POST /api/auth/logout 200 61 - 24.562 ms
2025-12-30 20:35:33 [info] : OPTIONS /api/auth/login 204 0 - 0.696 ms
2025-12-30 20:35:33 [info] : POST /api/auth/login 200 330 - 150.775 ms
2025-12-30 20:35:33 [info] : GET /api/vendor/vendor-data 304 - - 44.581 ms
2025-12-30 20:35:44 [info] : GET /api/vendor/get-vendorproduct 304 - - 23.379 ms
2025-12-30 20:37:24 [info] : GET /api/vendor/get-vendorproduct 304 - - 367.473 ms
2025-12-30 20:37:24 [info] : GET /api/vendor/vendor-data 304 - - 349.265 ms
2025-12-30 20:38:27 [info] : GET /api/vendor/vendor-data 304 - - 125.613 ms
2025-12-30 20:38:36 [info] : GET /api/vendor/vendor-data 304 - - 3.372 ms
2025-12-30 20:38:36 [info] : GET /api/vendor/get-vendorproduct 304 - - 52.722 ms
2025-12-30 20:38:41 [info] : GET /api/vendor/category/get-category?page=1&limit=10 304 - - 125.652 ms
2025-12-30 20:38:44 [info] : GET /api/vendor/get-vendorproduct 304 - - 9.159 ms
2025-12-30 20:38:48 [info] : GET /api/vendor/category/get-category?page=1&limit=10 304 - - 4.916 ms
2025-12-30 20:44:03 [info] : GET /api/vendor/get-vendorproduct 304 - - 74.054 ms
2025-12-30 20:44:12 [info] : GET /api/vendor/get-vendorproduct 304 - - 116.838 ms
2025-12-30 20:44:28 [info] : GET /api/vendor/vendor-data 304 - - 124.458 ms
2025-12-30 20:44:28 [info] : GET /api/vendor/get-vendorproduct 304 - - 52.405 ms
2025-12-30 20:44:44 [info] : GET /api/vendor/vendor-data 304 - - 4.677 ms
2025-12-30 20:44:44 [info] : GET /api/vendor/get-vendorproduct 304 - - 9.021 ms
2025-12-30 20:58:04 [info] : server is runnning port 5050 
2025-12-30 20:58:04 [info] : Mongodb Connect Successfully
2025-12-30 21:03:54 [info] : GET /api/vendor/get-vendorproduct 401 63 - 2.386 ms
2025-12-30 21:03:54 [info] : POST /api/auth/refresh 200 330 - 13.802 ms
2025-12-30 21:03:54 [info] : GET /api/vendor/get-vendorproduct 304 - - 83.099 ms
2025-12-30 21:04:04 [info] : GET /api/vendor/get-vendorproduct 304 - - 13.086 ms
2025-12-30 21:05:09 [info] : GET /api/vendor/vendor-data 304 - - 83.865 ms
2025-12-30 21:05:09 [info] : GET /api/vendor/get-vendorproduct 304 - - 68.465 ms
2025-12-30 21:06:56 [info] : GET /api/vendor/get-vendorproduct 304 - - 38.777 ms
2025-12-30 21:07:05 [info] : GET /api/vendor/get-vendorproduct 304 - - 13.407 ms
2025-12-30 21:07:46 [info] : GET /api/vendor/vendor-data 304 - - 1281.458 ms
2025-12-30 21:07:46 [info] : GET /api/vendor/get-vendorproduct 304 - - 43.720 ms
2025-12-30 21:08:12 [info] : GET /api/vendor/vendor-data 304 - - 122.027 ms
2025-12-30 21:08:12 [info] : GET /api/vendor/get-vendorproduct 304 - - 40.901 ms
2025-12-30 21:36:06 [info] : GET /api/vendor/vendor-data 401 63 - 22.894 ms
2025-12-30 21:36:06 [info] : POST /api/auth/refresh 200 330 - 55.413 ms
2025-12-30 21:36:06 [info] : GET /api/vendor/get-vendorproduct 401 63 - 0.333 ms
2025-12-30 21:36:06 [info] : POST /api/auth/refresh 200 330 - 5.090 ms
2025-12-30 21:36:10 [info] : GET /api/vendor/vendor-data 304 - - 3816.029 ms
2025-12-30 21:36:10 [info] : GET /api/vendor/get-vendorproduct 304 - - 3919.745 ms
2025-12-30 23:15:38 [info] : GET /api/vendor/vendor-data 401 63 - 17.701 ms
2025-12-30 23:15:38 [info] : POST /api/auth/refresh 200 330 - 32.971 ms
2025-12-30 23:15:38 [info] : GET /api/vendor/get-vendorproduct 401 63 - 0.330 ms
2025-12-30 23:15:38 [info] : POST /api/auth/refresh 200 330 - 0.487 ms
2025-12-30 23:15:39 [info] : GET /api/vendor/vendor-data 304 - - 1489.119 ms
2025-12-30 23:15:39 [info] : GET /api/vendor/get-vendorproduct 304 - - 1472.937 ms
2025-12-30 23:15:42 [info] : GET /api/vendor/vendor-data 304 - - 98.730 ms
2025-12-30 23:15:42 [info] : GET /api/vendor/get-vendorproduct 304 - - 47.862 ms
2025-12-30 23:16:21 [info] : GET /api/vendor/vendor-data 304 - - 33.319 ms
2025-12-30 23:16:21 [info] : GET /api/vendor/get-vendorproduct 304 - - 7.974 ms
2025-12-30 23:19:32 [info] : GET /api/vendor/vendor-data 304 - - 172.731 ms
2025-12-30 23:19:33 [info] : GET /api/vendor/get-vendorproduct 304 - - 34.757 ms
2025-12-30 23:19:35 [info] : GET /api/vendor/get-vendorproduct 304 - - 45.272 ms
2025-12-30 23:19:35 [info] : GET /api/vendor/vendor-data 304 - - 84.593 ms
2025-12-30 23:19:40 [info] : GET /api/vendor/vendor-data 304 - - 17.105 ms
2025-12-30 23:19:40 [info] : GET /api/vendor/get-vendorproduct 304 - - 5.074 ms
